{"/Users/austinorphan/Library/Mobile Documents/com~apple~CloudDocs/src/running-app-mvp/server/middleware/asyncHandler.ts": {"path":"/Users/austinorphan/Library/Mobile Documents/com~apple~CloudDocs/src/running-app-mvp/server/middleware/asyncHandler.ts","statementMap":{"0":{"start":{"line":12,"column":35},"end":{"line":18,"column":1}},"1":{"start":{"line":15,"column":2},"end":{"line":17,"column":4}},"2":{"start":{"line":16,"column":4},"end":{"line":16,"column":52}},"3":{"start":{"line":25,"column":28},"end":{"line":25,"column":56}},"4":{"start":{"line":32,"column":32},"end":{"line":32,"column":64}}},"fnMap":{"0":{"name":"(anonymous_0)","decl":{"start":{"line":12,"column":35},"end":{"line":12,"column":null}},"loc":{"start":{"line":14,"column":4},"end":{"line":18,"column":1}}},"1":{"name":"(anonymous_1)","decl":{"start":{"line":15,"column":9},"end":{"line":15,"column":10}},"loc":{"start":{"line":15,"column":55},"end":{"line":17,"column":3}}}},"branchMap":{},"s":{"0":5,"1":27,"2":106,"3":5,"4":5},"f":{"0":27,"1":106},"b":{}}
,"/Users/austinorphan/Library/Mobile Documents/com~apple~CloudDocs/src/running-app-mvp/server/middleware/errorHandler.ts": {"path":"/Users/austinorphan/Library/Mobile Documents/com~apple~CloudDocs/src/running-app-mvp/server/middleware/errorHandler.ts","statementMap":{"0":{"start":{"line":26,"column":28},"end":{"line":74,"column":1}},"1":{"start":{"line":32,"column":21},"end":{"line":32,"column":42}},"2":{"start":{"line":33,"column":18},"end":{"line":33,"column":56}},"3":{"start":{"line":36,"column":24},"end":{"line":36,"column":52}},"4":{"start":{"line":39,"column":2},"end":{"line":44,"column":5}},"5":{"start":{"line":47,"column":39},"end":{"line":55,"column":4}},"6":{"start":{"line":58,"column":2},"end":{"line":60,"column":3}},"7":{"start":{"line":59,"column":4},"end":{"line":59,"column":44}},"8":{"start":{"line":61,"column":2},"end":{"line":63,"column":3}},"9":{"start":{"line":62,"column":4},"end":{"line":62,"column":36}},"10":{"start":{"line":64,"column":2},"end":{"line":66,"column":3}},"11":{"start":{"line":65,"column":4},"end":{"line":65,"column":40}},"12":{"start":{"line":69,"column":2},"end":{"line":71,"column":3}},"13":{"start":{"line":70,"column":4},"end":{"line":70,"column":36}},"14":{"start":{"line":73,"column":2},"end":{"line":73,"column":45}},"15":{"start":{"line":79,"column":25},"end":{"line":87,"column":1}},"16":{"start":{"line":80,"column":2},"end":{"line":82,"column":3}},"17":{"start":{"line":81,"column":4},"end":{"line":81,"column":26}},"18":{"start":{"line":83,"column":2},"end":{"line":85,"column":3}},"19":{"start":{"line":84,"column":4},"end":{"line":84,"column":26}},"20":{"start":{"line":86,"column":2},"end":{"line":86,"column":19}},"21":{"start":{"line":92,"column":27},"end":{"line":97,"column":1}},"22":{"start":{"line":93,"column":16},"end":{"line":93,"column":46}},"23":{"start":{"line":94,"column":2},"end":{"line":94,"column":32}},"24":{"start":{"line":95,"column":2},"end":{"line":95,"column":29}},"25":{"start":{"line":96,"column":2},"end":{"line":96,"column":15}},"26":{"start":{"line":102,"column":37},"end":{"line":114,"column":1}},"27":{"start":{"line":107,"column":16},"end":{"line":107,"column":46}},"28":{"start":{"line":108,"column":2},"end":{"line":108,"column":25}},"29":{"start":{"line":109,"column":2},"end":{"line":109,"column":29}},"30":{"start":{"line":110,"column":2},"end":{"line":110,"column":39}},"31":{"start":{"line":111,"column":2},"end":{"line":111,"column":22}},"32":{"start":{"line":112,"column":2},"end":{"line":112,"column":26}},"33":{"start":{"line":113,"column":2},"end":{"line":113,"column":15}},"34":{"start":{"line":119,"column":35},"end":{"line":125,"column":1}},"35":{"start":{"line":120,"column":16},"end":{"line":120,"column":62}},"36":{"start":{"line":121,"column":2},"end":{"line":121,"column":25}},"37":{"start":{"line":122,"column":2},"end":{"line":122,"column":29}},"38":{"start":{"line":123,"column":2},"end":{"line":123,"column":32}},"39":{"start":{"line":124,"column":2},"end":{"line":124,"column":15}},"40":{"start":{"line":130,"column":39},"end":{"line":136,"column":1}},"41":{"start":{"line":131,"column":16},"end":{"line":131,"column":46}},"42":{"start":{"line":132,"column":2},"end":{"line":132,"column":25}},"43":{"start":{"line":133,"column":2},"end":{"line":133,"column":29}},"44":{"start":{"line":134,"column":2},"end":{"line":134,"column":35}},"45":{"start":{"line":135,"column":2},"end":{"line":135,"column":15}},"46":{"start":{"line":141,"column":36},"end":{"line":147,"column":1}},"47":{"start":{"line":142,"column":16},"end":{"line":142,"column":46}},"48":{"start":{"line":143,"column":2},"end":{"line":143,"column":25}},"49":{"start":{"line":144,"column":2},"end":{"line":144,"column":29}},"50":{"start":{"line":145,"column":2},"end":{"line":145,"column":32}},"51":{"start":{"line":146,"column":2},"end":{"line":146,"column":15}},"52":{"start":{"line":152,"column":35},"end":{"line":162,"column":1}},"53":{"start":{"line":156,"column":16},"end":{"line":156,"column":46}},"54":{"start":{"line":157,"column":2},"end":{"line":157,"column":25}},"55":{"start":{"line":158,"column":2},"end":{"line":158,"column":29}},"56":{"start":{"line":159,"column":2},"end":{"line":159,"column":31}},"57":{"start":{"line":160,"column":2},"end":{"line":160,"column":26}},"58":{"start":{"line":161,"column":2},"end":{"line":161,"column":15}},"59":{"start":{"line":167,"column":35},"end":{"line":177,"column":1}},"60":{"start":{"line":171,"column":16},"end":{"line":171,"column":46}},"61":{"start":{"line":172,"column":2},"end":{"line":172,"column":25}},"62":{"start":{"line":173,"column":2},"end":{"line":173,"column":29}},"63":{"start":{"line":174,"column":2},"end":{"line":174,"column":37}},"64":{"start":{"line":175,"column":2},"end":{"line":175,"column":26}},"65":{"start":{"line":176,"column":2},"end":{"line":176,"column":15}}},"fnMap":{"0":{"name":"(anonymous_0)","decl":{"start":{"line":26,"column":28},"end":{"line":26,"column":null}},"loc":{"start":{"line":31,"column":10},"end":{"line":74,"column":1}}},"1":{"name":"(anonymous_1)","decl":{"start":{"line":79,"column":25},"end":{"line":79,"column":26}},"loc":{"start":{"line":79,"column":56},"end":{"line":87,"column":1}}},"2":{"name":"(anonymous_2)","decl":{"start":{"line":92,"column":27},"end":{"line":92,"column":28}},"loc":{"start":{"line":92,"column":83},"end":{"line":97,"column":1}}},"3":{"name":"(anonymous_3)","decl":{"start":{"line":102,"column":37},"end":{"line":102,"column":null}},"loc":{"start":{"line":106,"column":14},"end":{"line":114,"column":1}}},"4":{"name":"(anonymous_4)","decl":{"start":{"line":119,"column":35},"end":{"line":119,"column":36}},"loc":{"start":{"line":119,"column":79},"end":{"line":125,"column":1}}},"5":{"name":"(anonymous_5)","decl":{"start":{"line":130,"column":39},"end":{"line":130,"column":40}},"loc":{"start":{"line":130,"column":86},"end":{"line":136,"column":1}}},"6":{"name":"(anonymous_6)","decl":{"start":{"line":141,"column":36},"end":{"line":141,"column":37}},"loc":{"start":{"line":141,"column":80},"end":{"line":147,"column":1}}},"7":{"name":"(anonymous_7)","decl":{"start":{"line":152,"column":35},"end":{"line":152,"column":null}},"loc":{"start":{"line":155,"column":14},"end":{"line":162,"column":1}}},"8":{"name":"(anonymous_8)","decl":{"start":{"line":167,"column":35},"end":{"line":167,"column":null}},"loc":{"start":{"line":170,"column":14},"end":{"line":177,"column":1}}}},"branchMap":{"0":{"loc":{"start":{"line":32,"column":21},"end":{"line":32,"column":42}},"type":"binary-expr","locations":[{"start":{"line":32,"column":21},"end":{"line":32,"column":35}},{"start":{"line":32,"column":39},"end":{"line":32,"column":42}}]},"1":{"loc":{"start":{"line":33,"column":18},"end":{"line":33,"column":56}},"type":"binary-expr","locations":[{"start":{"line":33,"column":18},"end":{"line":33,"column":29}},{"start":{"line":33,"column":33},"end":{"line":33,"column":56}}]},"2":{"loc":{"start":{"line":41,"column":19},"end":{"line":41,"column":45}},"type":"binary-expr","locations":[{"start":{"line":41,"column":19},"end":{"line":41,"column":36}},{"start":{"line":41,"column":40},"end":{"line":41,"column":45}}]},"3":{"loc":{"start":{"line":58,"column":2},"end":{"line":60,"column":3}},"type":"if","locations":[{"start":{"line":58,"column":2},"end":{"line":60,"column":3}},{"start":{},"end":{}}]},"4":{"loc":{"start":{"line":61,"column":2},"end":{"line":63,"column":3}},"type":"if","locations":[{"start":{"line":61,"column":2},"end":{"line":63,"column":3}},{"start":{},"end":{}}]},"5":{"loc":{"start":{"line":64,"column":2},"end":{"line":66,"column":3}},"type":"if","locations":[{"start":{"line":64,"column":2},"end":{"line":66,"column":3}},{"start":{},"end":{}}]},"6":{"loc":{"start":{"line":64,"column":6},"end":{"line":64,"column":59}},"type":"binary-expr","locations":[{"start":{"line":64,"column":6},"end":{"line":64,"column":17}},{"start":{"line":64,"column":21},"end":{"line":64,"column":59}}]},"7":{"loc":{"start":{"line":69,"column":2},"end":{"line":71,"column":3}},"type":"if","locations":[{"start":{"line":69,"column":2},"end":{"line":71,"column":3}},{"start":{},"end":{}}]},"8":{"loc":{"start":{"line":80,"column":2},"end":{"line":82,"column":3}},"type":"if","locations":[{"start":{"line":80,"column":2},"end":{"line":82,"column":3}},{"start":{},"end":{}}]},"9":{"loc":{"start":{"line":80,"column":6},"end":{"line":80,"column":43}},"type":"binary-expr","locations":[{"start":{"line":80,"column":6},"end":{"line":80,"column":23}},{"start":{"line":80,"column":27},"end":{"line":80,"column":43}}]},"10":{"loc":{"start":{"line":83,"column":2},"end":{"line":85,"column":3}},"type":"if","locations":[{"start":{"line":83,"column":2},"end":{"line":85,"column":3}},{"start":{},"end":{}}]},"11":{"loc":{"start":{"line":92,"column":45},"end":{"line":92,"column":69}},"type":"default-arg","locations":[{"start":{"line":92,"column":66},"end":{"line":92,"column":69}}]},"12":{"loc":{"start":{"line":119,"column":36},"end":{"line":119,"column":65}},"type":"default-arg","locations":[{"start":{"line":119,"column":55},"end":{"line":119,"column":65}}]},"13":{"loc":{"start":{"line":130,"column":40},"end":{"line":130,"column":72}},"type":"default-arg","locations":[{"start":{"line":130,"column":58},"end":{"line":130,"column":72}}]},"14":{"loc":{"start":{"line":141,"column":37},"end":{"line":141,"column":66}},"type":"default-arg","locations":[{"start":{"line":141,"column":55},"end":{"line":141,"column":66}}]},"15":{"loc":{"start":{"line":168,"column":2},"end":{"line":168,"column":47}},"type":"default-arg","locations":[{"start":{"line":168,"column":20},"end":{"line":168,"column":47}}]}},"s":{"0":5,"1":0,"2":0,"3":0,"4":0,"5":0,"6":0,"7":0,"8":0,"9":0,"10":0,"11":0,"12":0,"13":0,"14":0,"15":5,"16":0,"17":0,"18":0,"19":0,"20":0,"21":5,"22":65,"23":65,"24":65,"25":65,"26":5,"27":19,"28":19,"29":19,"30":19,"31":19,"32":19,"33":19,"34":5,"35":13,"36":13,"37":13,"38":13,"39":13,"40":5,"41":21,"42":21,"43":21,"44":21,"45":21,"46":5,"47":0,"48":0,"49":0,"50":0,"51":0,"52":5,"53":0,"54":0,"55":0,"56":0,"57":0,"58":0,"59":5,"60":0,"61":0,"62":0,"63":0,"64":0,"65":0},"f":{"0":0,"1":0,"2":65,"3":19,"4":13,"5":21,"6":0,"7":0,"8":0},"b":{"0":[0,0],"1":[0,0],"2":[0,0],"3":[0,0],"4":[0,0],"5":[0,0],"6":[0,0],"7":[0,0],"8":[0,0],"9":[0,0],"10":[0,0],"11":[0],"12":[0],"13":[0],"14":[0],"15":[0]}}
,"/Users/austinorphan/Library/Mobile Documents/com~apple~CloudDocs/src/running-app-mvp/server/middleware/rateLimiting.ts": {"path":"/Users/austinorphan/Library/Mobile Documents/com~apple~CloudDocs/src/running-app-mvp/server/middleware/rateLimiting.ts","statementMap":{"0":{"start":{"line":11,"column":30},"end":{"line":32,"column":1}},"1":{"start":{"line":17,"column":2},"end":{"line":22,"column":5}},"2":{"start":{"line":24,"column":21},"end":{"line":24,"column":46}},"3":{"start":{"line":25,"column":18},"end":{"line":25,"column":93}},"4":{"start":{"line":27,"column":2},"end":{"line":31,"column":5}},"5":{"start":{"line":35,"column":20},"end":{"line":45,"column":1}},"6":{"start":{"line":36,"column":18},"end":{"line":36,"column":37}},"7":{"start":{"line":37,"column":18},"end":{"line":37,"column":70}},"8":{"start":{"line":40,"column":2},"end":{"line":42,"column":3}},"9":{"start":{"line":41,"column":4},"end":{"line":41,"column":34}},"10":{"start":{"line":44,"column":2},"end":{"line":44,"column":17}},"11":{"start":{"line":51,"column":2},"end":{"line":75,"column":5}},"12":{"start":{"line":64,"column":32},"end":{"line":64,"column":63}},"13":{"start":{"line":65,"column":34},"end":{"line":65,"column":82}},"14":{"start":{"line":68,"column":6},"end":{"line":70,"column":7}},"15":{"start":{"line":69,"column":8},"end":{"line":69,"column":46}},"16":{"start":{"line":73,"column":6},"end":{"line":73,"column":45}},"17":{"start":{"line":82,"column":29},"end":{"line":86,"column":2}},"18":{"start":{"line":92,"column":28},"end":{"line":96,"column":2}},"19":{"start":{"line":102,"column":31},"end":{"line":106,"column":2}},"20":{"start":{"line":112,"column":29},"end":{"line":116,"column":2}},"21":{"start":{"line":122,"column":34},"end":{"line":126,"column":2}},"22":{"start":{"line":132,"column":31},"end":{"line":136,"column":2}},"23":{"start":{"line":141,"column":31},"end":{"line":159,"column":2}},"24":{"start":{"line":164,"column":38},"end":{"line":166,"column":1}},"25":{"start":{"line":165,"column":2},"end":{"line":165,"column":31}}},"fnMap":{"0":{"name":"(anonymous_0)","decl":{"start":{"line":11,"column":30},"end":{"line":11,"column":null}},"loc":{"start":{"line":16,"column":4},"end":{"line":32,"column":1}}},"1":{"name":"(anonymous_1)","decl":{"start":{"line":35,"column":20},"end":{"line":35,"column":21}},"loc":{"start":{"line":35,"column":45},"end":{"line":45,"column":1}}},"2":{"name":"createRateLimitConfig","decl":{"start":{"line":50,"column":9},"end":{"line":50,"column":30}},"loc":{"start":{"line":50,"column":90},"end":{"line":76,"column":1}}},"3":{"name":"(anonymous_3)","decl":{"start":{"line":63,"column":10},"end":{"line":63,"column":11}},"loc":{"start":{"line":63,"column":28},"end":{"line":74,"column":5}}},"4":{"name":"(anonymous_4)","decl":{"start":{"line":164,"column":38},"end":{"line":164,"column":39}},"loc":{"start":{"line":164,"column":77},"end":{"line":166,"column":1}}}},"branchMap":{"0":{"loc":{"start":{"line":24,"column":21},"end":{"line":24,"column":46}},"type":"binary-expr","locations":[{"start":{"line":24,"column":21},"end":{"line":24,"column":39}},{"start":{"line":24,"column":43},"end":{"line":24,"column":46}}]},"1":{"loc":{"start":{"line":25,"column":18},"end":{"line":25,"column":93}},"type":"binary-expr","locations":[{"start":{"line":25,"column":18},"end":{"line":25,"column":33}},{"start":{"line":25,"column":37},"end":{"line":25,"column":93}}]},"2":{"loc":{"start":{"line":28,"column":13},"end":{"line":28,"column":68}},"type":"cond-expr","locations":[{"start":{"line":28,"column":43},"end":{"line":28,"column":50}},{"start":{"line":28,"column":53},"end":{"line":28,"column":68}}]},"3":{"loc":{"start":{"line":36,"column":18},"end":{"line":36,"column":37}},"type":"binary-expr","locations":[{"start":{"line":36,"column":18},"end":{"line":36,"column":24}},{"start":{"line":36,"column":28},"end":{"line":36,"column":37}}]},"4":{"loc":{"start":{"line":40,"column":2},"end":{"line":42,"column":3}},"type":"if","locations":[{"start":{"line":40,"column":2},"end":{"line":42,"column":3}},{"start":{},"end":{}}]},"5":{"loc":{"start":{"line":68,"column":6},"end":{"line":70,"column":7}},"type":"if","locations":[{"start":{"line":68,"column":6},"end":{"line":70,"column":7}},{"start":{},"end":{}}]},"6":{"loc":{"start":{"line":83,"column":21},"end":{"line":83,"column":63}},"type":"binary-expr","locations":[{"start":{"line":83,"column":21},"end":{"line":83,"column":55}},{"start":{"line":83,"column":59},"end":{"line":83,"column":63}}]},"7":{"loc":{"start":{"line":84,"column":16},"end":{"line":84,"column":54}},"type":"binary-expr","locations":[{"start":{"line":84,"column":16},"end":{"line":84,"column":47}},{"start":{"line":84,"column":51},"end":{"line":84,"column":54}}]},"8":{"loc":{"start":{"line":93,"column":21},"end":{"line":93,"column":62}},"type":"binary-expr","locations":[{"start":{"line":93,"column":21},"end":{"line":93,"column":54}},{"start":{"line":93,"column":58},"end":{"line":93,"column":62}}]},"9":{"loc":{"start":{"line":94,"column":16},"end":{"line":94,"column":55}},"type":"binary-expr","locations":[{"start":{"line":94,"column":16},"end":{"line":94,"column":46}},{"start":{"line":94,"column":50},"end":{"line":94,"column":55}}]}},"s":{"0":2,"1":7,"2":7,"3":7,"4":7,"5":2,"6":12,"7":12,"8":12,"9":0,"10":12,"11":12,"12":96,"13":96,"14":96,"15":96,"16":0,"17":2,"18":2,"19":2,"20":2,"21":2,"22":2,"23":2,"24":2,"25":0},"f":{"0":7,"1":12,"2":12,"3":96,"4":0},"b":{"0":[7,0],"1":[7,0],"2":[0,7],"3":[12,0],"4":[0,12],"5":[96,0],"6":[2,2],"7":[2,2],"8":[2,2],"9":[2,2]}}
,"/Users/austinorphan/Library/Mobile Documents/com~apple~CloudDocs/src/running-app-mvp/server/middleware/requestLogger.ts": {"path":"/Users/austinorphan/Library/Mobile Documents/com~apple~CloudDocs/src/running-app-mvp/server/middleware/requestLogger.ts","statementMap":{"0":{"start":{"line":16,"column":29},"end":{"line":120,"column":1}},"1":{"start":{"line":17,"column":20},"end":{"line":17,"column":40}},"2":{"start":{"line":19,"column":2},"end":{"line":19,"column":56}},"3":{"start":{"line":20,"column":2},"end":{"line":20,"column":35}},"4":{"start":{"line":23,"column":23},"end":{"line":23,"column":28}},"5":{"start":{"line":28,"column":17},"end":{"line":28,"column":35}},"6":{"start":{"line":31,"column":2},"end":{"line":49,"column":5}},"7":{"start":{"line":52,"column":22},"end":{"line":74,"column":3}},"8":{"start":{"line":53,"column":4},"end":{"line":53,"column":31}},"9":{"start":{"line":53,"column":24},"end":{"line":53,"column":31}},"10":{"start":{"line":54,"column":4},"end":{"line":54,"column":26}},"11":{"start":{"line":55,"column":4},"end":{"line":55,"column":35}},"12":{"start":{"line":57,"column":21},"end":{"line":57,"column":53}},"13":{"start":{"line":59,"column":4},"end":{"line":73,"column":7}},"14":{"start":{"line":77,"column":23},"end":{"line":77,"column":31}},"15":{"start":{"line":78,"column":23},"end":{"line":78,"column":31}},"16":{"start":{"line":81,"column":2},"end":{"line":84,"column":4}},"17":{"start":{"line":82,"column":4},"end":{"line":82,"column":30}},"18":{"start":{"line":83,"column":4},"end":{"line":83,"column":41}},"19":{"start":{"line":87,"column":2},"end":{"line":90,"column":4}},"20":{"start":{"line":88,"column":4},"end":{"line":88,"column":30}},"21":{"start":{"line":89,"column":4},"end":{"line":89,"column":41}},"22":{"start":{"line":93,"column":2},"end":{"line":95,"column":5}},"23":{"start":{"line":94,"column":4},"end":{"line":94,"column":26}},"24":{"start":{"line":98,"column":31},"end":{"line":98,"column":35}},"25":{"start":{"line":99,"column":2},"end":{"line":117,"column":27}},"26":{"start":{"line":100,"column":4},"end":{"line":116,"column":5}},"27":{"start":{"line":101,"column":23},"end":{"line":101,"column":55}},"28":{"start":{"line":102,"column":6},"end":{"line":115,"column":7}},"29":{"start":{"line":103,"column":8},"end":{"line":114,"column":11}},"30":{"start":{"line":119,"column":2},"end":{"line":119,"column":9}},"31":{"start":{"line":123,"column":27},"end":{"line":147,"column":1}},"32":{"start":{"line":124,"column":20},"end":{"line":124,"column":40}},"33":{"start":{"line":125,"column":19},"end":{"line":125,"column":51}},"34":{"start":{"line":126,"column":17},"end":{"line":126,"column":35}},"35":{"start":{"line":128,"column":2},"end":{"line":144,"column":5}},"36":{"start":{"line":146,"column":2},"end":{"line":146,"column":14}}},"fnMap":{"0":{"name":"(anonymous_0)","decl":{"start":{"line":16,"column":29},"end":{"line":16,"column":30}},"loc":{"start":{"line":16,"column":81},"end":{"line":120,"column":1}}},"1":{"name":"(anonymous_1)","decl":{"start":{"line":52,"column":22},"end":{"line":52,"column":23}},"loc":{"start":{"line":52,"column":55},"end":{"line":74,"column":3}}},"2":{"name":"(anonymous_2)","decl":{"start":{"line":81,"column":13},"end":{"line":81,"column":23}},"loc":{"start":{"line":81,"column":27},"end":{"line":84,"column":3}}},"3":{"name":"(anonymous_3)","decl":{"start":{"line":87,"column":13},"end":{"line":87,"column":23}},"loc":{"start":{"line":87,"column":27},"end":{"line":90,"column":3}}},"4":{"name":"(anonymous_4)","decl":{"start":{"line":93,"column":19},"end":{"line":93,"column":22}},"loc":{"start":{"line":93,"column":24},"end":{"line":95,"column":3}}},"5":{"name":"(anonymous_5)","decl":{"start":{"line":99,"column":32},"end":{"line":99,"column":35}},"loc":{"start":{"line":99,"column":37},"end":{"line":117,"column":3}}},"6":{"name":"(anonymous_6)","decl":{"start":{"line":123,"column":27},"end":{"line":123,"column":28}},"loc":{"start":{"line":123,"column":93},"end":{"line":147,"column":1}}}},"branchMap":{"0":{"loc":{"start":{"line":19,"column":24},"end":{"line":19,"column":55}},"type":"binary-expr","locations":[{"start":{"line":19,"column":24},"end":{"line":19,"column":43}},{"start":{"line":19,"column":47},"end":{"line":19,"column":55}}]},"1":{"loc":{"start":{"line":44,"column":23},"end":{"line":44,"column":80}},"type":"cond-expr","locations":[{"start":{"line":44,"column":56},"end":{"line":44,"column":68}},{"start":{"line":44,"column":71},"end":{"line":44,"column":80}}]},"2":{"loc":{"start":{"line":53,"column":4},"end":{"line":53,"column":31}},"type":"if","locations":[{"start":{"line":53,"column":4},"end":{"line":53,"column":31}},{"start":{},"end":{}}]},"3":{"loc":{"start":{"line":59,"column":43},"end":{"line":59,"column":67}},"type":"cond-expr","locations":[{"start":{"line":59,"column":50},"end":{"line":59,"column":62}},{"start":{"line":59,"column":65},"end":{"line":59,"column":67}}]},"4":{"loc":{"start":{"line":69,"column":22},"end":{"line":69,"column":88}},"type":"cond-expr","locations":[{"start":{"line":69,"column":29},"end":{"line":69,"column":76}},{"start":{"line":69,"column":79},"end":{"line":69,"column":88}}]},"5":{"loc":{"start":{"line":70,"column":26},"end":{"line":70,"column":83}},"type":"cond-expr","locations":[{"start":{"line":70,"column":61},"end":{"line":70,"column":78}},{"start":{"line":70,"column":81},"end":{"line":70,"column":83}}]},"6":{"loc":{"start":{"line":70,"column":26},"end":{"line":70,"column":58}},"type":"binary-expr","locations":[{"start":{"line":70,"column":26},"end":{"line":70,"column":30}},{"start":{"line":70,"column":34},"end":{"line":70,"column":58}}]},"7":{"loc":{"start":{"line":100,"column":4},"end":{"line":116,"column":5}},"type":"if","locations":[{"start":{"line":100,"column":4},"end":{"line":116,"column":5}},{"start":{},"end":{}}]},"8":{"loc":{"start":{"line":102,"column":6},"end":{"line":115,"column":7}},"type":"if","locations":[{"start":{"line":102,"column":6},"end":{"line":115,"column":7}},{"start":{},"end":{}}]},"9":{"loc":{"start":{"line":139,"column":13},"end":{"line":139,"column":77}},"type":"cond-expr","locations":[{"start":{"line":139,"column":54},"end":{"line":139,"column":65}},{"start":{"line":139,"column":68},"end":{"line":139,"column":77}}]}},"s":{"0":0,"1":0,"2":0,"3":0,"4":0,"5":0,"6":0,"7":0,"8":0,"9":0,"10":0,"11":0,"12":0,"13":0,"14":0,"15":0,"16":0,"17":0,"18":0,"19":0,"20":0,"21":0,"22":0,"23":0,"24":0,"25":0,"26":0,"27":0,"28":0,"29":0,"30":0,"31":0,"32":0,"33":0,"34":0,"35":0,"36":0},"f":{"0":0,"1":0,"2":0,"3":0,"4":0,"5":0,"6":0},"b":{"0":[0,0],"1":[0,0],"2":[0,0],"3":[0,0],"4":[0,0],"5":[0,0],"6":[0,0],"7":[0,0],"8":[0,0],"9":[0,0]}}
,"/Users/austinorphan/Library/Mobile Documents/com~apple~CloudDocs/src/running-app-mvp/server/middleware/requireAuth.ts": {"path":"/Users/austinorphan/Library/Mobile Documents/com~apple~CloudDocs/src/running-app-mvp/server/middleware/requireAuth.ts","statementMap":{"0":{"start":{"line":14,"column":27},"end":{"line":45,"column":1}},"1":{"start":{"line":15,"column":2},"end":{"line":44,"column":3}},"2":{"start":{"line":16,"column":23},"end":{"line":16,"column":48}},"3":{"start":{"line":17,"column":18},"end":{"line":17,"column":52}},"4":{"start":{"line":19,"column":4},"end":{"line":21,"column":5}},"5":{"start":{"line":20,"column":6},"end":{"line":20,"column":56}},"6":{"start":{"line":24,"column":20},"end":{"line":24,"column":50}},"7":{"start":{"line":27,"column":4},"end":{"line":29,"column":5}},"8":{"start":{"line":28,"column":6},"end":{"line":28,"column":55}},"9":{"start":{"line":31,"column":4},"end":{"line":34,"column":6}},"10":{"start":{"line":36,"column":4},"end":{"line":36,"column":11}},"11":{"start":{"line":38,"column":22},"end":{"line":38,"column":96}},"12":{"start":{"line":39,"column":4},"end":{"line":42,"column":7}},"13":{"start":{"line":43,"column":4},"end":{"line":43,"column":20}}},"fnMap":{"0":{"name":"(anonymous_0)","decl":{"start":{"line":14,"column":27},"end":{"line":14,"column":28}},"loc":{"start":{"line":14,"column":89},"end":{"line":45,"column":1}}}},"branchMap":{"0":{"loc":{"start":{"line":19,"column":4},"end":{"line":21,"column":5}},"type":"if","locations":[{"start":{"line":19,"column":4},"end":{"line":21,"column":5}},{"start":{},"end":{}}]},"1":{"loc":{"start":{"line":27,"column":4},"end":{"line":29,"column":5}},"type":"if","locations":[{"start":{"line":27,"column":4},"end":{"line":29,"column":5}},{"start":{},"end":{}}]},"2":{"loc":{"start":{"line":27,"column":8},"end":{"line":27,"column":54}},"type":"binary-expr","locations":[{"start":{"line":27,"column":8},"end":{"line":27,"column":19}},{"start":{"line":27,"column":23},"end":{"line":27,"column":54}}]},"3":{"loc":{"start":{"line":38,"column":22},"end":{"line":38,"column":96}},"type":"cond-expr","locations":[{"start":{"line":38,"column":47},"end":{"line":38,"column":52}},{"start":{"line":38,"column":55},"end":{"line":38,"column":96}}]},"4":{"loc":{"start":{"line":40,"column":17},"end":{"line":40,"column":81}},"type":"cond-expr","locations":[{"start":{"line":40,"column":42},"end":{"line":40,"column":64}},{"start":{"line":40,"column":67},"end":{"line":40,"column":81}}]}},"s":{"0":5,"1":104,"2":104,"3":104,"4":104,"5":16,"6":88,"7":83,"8":0,"9":83,"10":83,"11":21,"12":21,"13":21},"f":{"0":104},"b":{"0":[16,88],"1":[0,83],"2":[83,83],"3":[21,0],"4":[21,0]}}
,"/Users/austinorphan/Library/Mobile Documents/com~apple~CloudDocs/src/running-app-mvp/server/middleware/securityHeaders.ts": {"path":"/Users/austinorphan/Library/Mobile Documents/com~apple~CloudDocs/src/running-app-mvp/server/middleware/securityHeaders.ts","statementMap":{"0":{"start":{"line":36,"column":33},"end":{"line":89,"column":1}},"1":{"start":{"line":37,"column":2},"end":{"line":88,"column":4}},"2":{"start":{"line":94,"column":23},"end":{"line":111,"column":1}},"3":{"start":{"line":95,"column":2},"end":{"line":97,"column":3}},"4":{"start":{"line":96,"column":4},"end":{"line":96,"column":14}},"5":{"start":{"line":99,"column":21},"end":{"line":101,"column":15}},"6":{"start":{"line":100,"column":34},"end":{"line":100,"column":68}},"7":{"start":{"line":104,"column":23},"end":{"line":104,"column":95}},"8":{"start":{"line":105,"column":27},"end":{"line":105,"column":76}},"9":{"start":{"line":108,"column":20},"end":{"line":108,"column":84}},"10":{"start":{"line":110,"column":2},"end":{"line":110,"column":51}},"11":{"start":{"line":116,"column":24},"end":{"line":132,"column":1}},"12":{"start":{"line":117,"column":2},"end":{"line":119,"column":3}},"13":{"start":{"line":118,"column":4},"end":{"line":118,"column":14}},"14":{"start":{"line":121,"column":15},"end":{"line":121,"column":57}},"15":{"start":{"line":123,"column":2},"end":{"line":125,"column":3}},"16":{"start":{"line":124,"column":4},"end":{"line":124,"column":36}},"17":{"start":{"line":127,"column":2},"end":{"line":129,"column":3}},"18":{"start":{"line":128,"column":4},"end":{"line":128,"column":26}},"19":{"start":{"line":131,"column":2},"end":{"line":131,"column":16}},"20":{"start":{"line":137,"column":37},"end":{"line":147,"column":1}},"21":{"start":{"line":140,"column":2},"end":{"line":142,"column":3}},"22":{"start":{"line":141,"column":4},"end":{"line":141,"column":14}},"23":{"start":{"line":144,"column":2},"end":{"line":146,"column":16}},"24":{"start":{"line":145,"column":34},"end":{"line":145,"column":70}},"25":{"start":{"line":152,"column":39},"end":{"line":235,"column":1}},"26":{"start":{"line":153,"column":17},"end":{"line":153,"column":43}},"27":{"start":{"line":154,"column":18},"end":{"line":154,"column":76}},"28":{"start":{"line":157,"column":2},"end":{"line":166,"column":3}},"29":{"start":{"line":158,"column":21},"end":{"line":158,"column":47}},"30":{"start":{"line":159,"column":22},"end":{"line":161,"column":33}},"31":{"start":{"line":163,"column":4},"end":{"line":165,"column":5}},"32":{"start":{"line":164,"column":6},"end":{"line":164,"column":41}},"33":{"start":{"line":169,"column":2},"end":{"line":174,"column":3}},"34":{"start":{"line":170,"column":22},"end":{"line":170,"column":50}},"35":{"start":{"line":171,"column":4},"end":{"line":173,"column":5}},"36":{"start":{"line":172,"column":6},"end":{"line":172,"column":60}},"37":{"start":{"line":177,"column":2},"end":{"line":179,"column":3}},"38":{"start":{"line":178,"column":4},"end":{"line":178,"column":58}},"39":{"start":{"line":182,"column":2},"end":{"line":184,"column":3}},"40":{"start":{"line":183,"column":4},"end":{"line":183,"column":55}},"41":{"start":{"line":187,"column":2},"end":{"line":189,"column":3}},"42":{"start":{"line":188,"column":4},"end":{"line":188,"column":55}},"43":{"start":{"line":192,"column":2},"end":{"line":194,"column":3}},"44":{"start":{"line":193,"column":4},"end":{"line":193,"column":60}},"45":{"start":{"line":197,"column":2},"end":{"line":202,"column":3}},"46":{"start":{"line":198,"column":35},"end":{"line":198,"column":89}},"47":{"start":{"line":199,"column":4},"end":{"line":201,"column":5}},"48":{"start":{"line":200,"column":6},"end":{"line":200,"column":66}},"49":{"start":{"line":205,"column":2},"end":{"line":207,"column":3}},"50":{"start":{"line":206,"column":4},"end":{"line":206,"column":93}},"51":{"start":{"line":209,"column":2},"end":{"line":211,"column":3}},"52":{"start":{"line":210,"column":4},"end":{"line":210,"column":89}},"53":{"start":{"line":213,"column":2},"end":{"line":215,"column":3}},"54":{"start":{"line":214,"column":4},"end":{"line":214,"column":93}},"55":{"start":{"line":218,"column":2},"end":{"line":218,"column":49}},"56":{"start":{"line":219,"column":2},"end":{"line":219,"column":48}},"57":{"start":{"line":220,"column":2},"end":{"line":220,"column":61}},"58":{"start":{"line":223,"column":2},"end":{"line":223,"column":35}},"59":{"start":{"line":224,"column":2},"end":{"line":224,"column":29}},"60":{"start":{"line":227,"column":2},"end":{"line":232,"column":3}},"61":{"start":{"line":228,"column":4},"end":{"line":228,"column":92}},"62":{"start":{"line":229,"column":4},"end":{"line":229,"column":40}},"63":{"start":{"line":230,"column":4},"end":{"line":230,"column":34}},"64":{"start":{"line":231,"column":4},"end":{"line":231,"column":51}},"65":{"start":{"line":234,"column":2},"end":{"line":234,"column":9}},"66":{"start":{"line":240,"column":34},"end":{"line":252,"column":1}},"67":{"start":{"line":242,"column":2},"end":{"line":242,"column":53}},"68":{"start":{"line":243,"column":2},"end":{"line":243,"column":43}},"69":{"start":{"line":244,"column":2},"end":{"line":244,"column":45}},"70":{"start":{"line":247,"column":2},"end":{"line":249,"column":3}},"71":{"start":{"line":248,"column":4},"end":{"line":248,"column":69}},"72":{"start":{"line":251,"column":2},"end":{"line":251,"column":9}},"73":{"start":{"line":257,"column":42},"end":{"line":271,"column":1}},"74":{"start":{"line":263,"column":24},"end":{"line":263,"column":97}},"75":{"start":{"line":265,"column":2},"end":{"line":268,"column":3}},"76":{"start":{"line":266,"column":4},"end":{"line":266,"column":74}},"77":{"start":{"line":267,"column":4},"end":{"line":267,"column":55}},"78":{"start":{"line":270,"column":2},"end":{"line":270,"column":9}},"79":{"start":{"line":276,"column":42},"end":{"line":294,"column":1}},"80":{"start":{"line":281,"column":2},"end":{"line":283,"column":3}},"81":{"start":{"line":282,"column":4},"end":{"line":282,"column":18}},"82":{"start":{"line":286,"column":2},"end":{"line":291,"column":4}},"83":{"start":{"line":293,"column":2},"end":{"line":293,"column":9}},"84":{"start":{"line":299,"column":36},"end":{"line":343,"column":1}},"85":{"start":{"line":302,"column":18},"end":{"line":302,"column":29}},"86":{"start":{"line":303,"column":16},"end":{"line":303,"column":40}},"87":{"start":{"line":304,"column":28},"end":{"line":304,"column":30}},"88":{"start":{"line":305,"column":36},"end":{"line":305,"column":38}},"89":{"start":{"line":307,"column":26},"end":{"line":314,"column":4}},"90":{"start":{"line":316,"column":2},"end":{"line":323,"column":5}},"91":{"start":{"line":317,"column":4},"end":{"line":317,"column":21}},"92":{"start":{"line":318,"column":4},"end":{"line":322,"column":5}},"93":{"start":{"line":319,"column":6},"end":{"line":319,"column":25}},"94":{"start":{"line":321,"column":6},"end":{"line":321,"column":27}},"95":{"start":{"line":326,"column":2},"end":{"line":328,"column":3}},"96":{"start":{"line":327,"column":4},"end":{"line":327,"column":85}},"97":{"start":{"line":330,"column":2},"end":{"line":332,"column":3}},"98":{"start":{"line":331,"column":4},"end":{"line":331,"column":78}},"99":{"start":{"line":334,"column":2},"end":{"line":336,"column":3}},"100":{"start":{"line":335,"column":4},"end":{"line":335,"column":72}},"101":{"start":{"line":338,"column":2},"end":{"line":342,"column":4}}},"fnMap":{"0":{"name":"(anonymous_0)","decl":{"start":{"line":36,"column":33},"end":{"line":36,"column":59}},"loc":{"start":{"line":36,"column":61},"end":{"line":89,"column":1}}},"1":{"name":"(anonymous_1)","decl":{"start":{"line":94,"column":23},"end":{"line":94,"column":24}},"loc":{"start":{"line":94,"column":75},"end":{"line":111,"column":1}}},"2":{"name":"(anonymous_2)","decl":{"start":{"line":100,"column":9},"end":{"line":100,"column":10}},"loc":{"start":{"line":100,"column":34},"end":{"line":100,"column":68}}},"3":{"name":"(anonymous_3)","decl":{"start":{"line":116,"column":24},"end":{"line":116,"column":25}},"loc":{"start":{"line":116,"column":78},"end":{"line":132,"column":1}}},"4":{"name":"(anonymous_4)","decl":{"start":{"line":137,"column":37},"end":{"line":137,"column":null}},"loc":{"start":{"line":139,"column":12},"end":{"line":147,"column":1}}},"5":{"name":"(anonymous_5)","decl":{"start":{"line":145,"column":9},"end":{"line":145,"column":10}},"loc":{"start":{"line":145,"column":34},"end":{"line":145,"column":70}}},"6":{"name":"(anonymous_6)","decl":{"start":{"line":152,"column":39},"end":{"line":152,"column":40}},"loc":{"start":{"line":152,"column":97},"end":{"line":235,"column":1}}},"7":{"name":"(anonymous_7)","decl":{"start":{"line":240,"column":34},"end":{"line":240,"column":35}},"loc":{"start":{"line":240,"column":92},"end":{"line":252,"column":1}}},"8":{"name":"(anonymous_8)","decl":{"start":{"line":257,"column":42},"end":{"line":257,"column":null}},"loc":{"start":{"line":261,"column":10},"end":{"line":271,"column":1}}},"9":{"name":"(anonymous_9)","decl":{"start":{"line":276,"column":42},"end":{"line":276,"column":null}},"loc":{"start":{"line":280,"column":10},"end":{"line":294,"column":1}}},"10":{"name":"(anonymous_10)","decl":{"start":{"line":299,"column":36},"end":{"line":299,"column":null}},"loc":{"start":{"line":301,"column":69},"end":{"line":343,"column":1}}},"11":{"name":"(anonymous_11)","decl":{"start":{"line":316,"column":26},"end":{"line":316,"column":32}},"loc":{"start":{"line":316,"column":35},"end":{"line":323,"column":3}}}},"branchMap":{"0":{"loc":{"start":{"line":43,"column":24},"end":{"line":43,"column":63}},"type":"binary-expr","locations":[{"start":{"line":43,"column":24},"end":{"line":43,"column":51}},{"start":{"line":43,"column":55},"end":{"line":43,"column":63}}]},"1":{"loc":{"start":{"line":44,"column":23},"end":{"line":44,"column":77}},"type":"binary-expr","locations":[{"start":{"line":44,"column":23},"end":{"line":44,"column":49}},{"start":{"line":44,"column":53},"end":{"line":44,"column":77}}]},"2":{"loc":{"start":{"line":45,"column":22},"end":{"line":45,"column":75}},"type":"binary-expr","locations":[{"start":{"line":45,"column":22},"end":{"line":45,"column":47}},{"start":{"line":45,"column":51},"end":{"line":45,"column":75}}]},"3":{"loc":{"start":{"line":46,"column":20},"end":{"line":46,"column":68}},"type":"binary-expr","locations":[{"start":{"line":46,"column":20},"end":{"line":46,"column":43}},{"start":{"line":46,"column":47},"end":{"line":46,"column":68}}]},"4":{"loc":{"start":{"line":47,"column":24},"end":{"line":47,"column":63}},"type":"binary-expr","locations":[{"start":{"line":47,"column":24},"end":{"line":47,"column":51}},{"start":{"line":47,"column":55},"end":{"line":47,"column":63}}]},"5":{"loc":{"start":{"line":48,"column":21},"end":{"line":48,"column":57}},"type":"binary-expr","locations":[{"start":{"line":48,"column":21},"end":{"line":48,"column":45}},{"start":{"line":48,"column":49},"end":{"line":48,"column":57}}]},"6":{"loc":{"start":{"line":49,"column":23},"end":{"line":49,"column":61}},"type":"binary-expr","locations":[{"start":{"line":49,"column":23},"end":{"line":49,"column":49}},{"start":{"line":49,"column":53},"end":{"line":49,"column":61}}]},"7":{"loc":{"start":{"line":50,"column":22},"end":{"line":50,"column":59}},"type":"binary-expr","locations":[{"start":{"line":50,"column":22},"end":{"line":50,"column":47}},{"start":{"line":50,"column":51},"end":{"line":50,"column":59}}]},"8":{"loc":{"start":{"line":51,"column":22},"end":{"line":51,"column":59}},"type":"binary-expr","locations":[{"start":{"line":51,"column":22},"end":{"line":51,"column":47}},{"start":{"line":51,"column":51},"end":{"line":51,"column":59}}]},"9":{"loc":{"start":{"line":52,"column":28},"end":{"line":52,"column":71}},"type":"binary-expr","locations":[{"start":{"line":52,"column":28},"end":{"line":52,"column":59}},{"start":{"line":52,"column":63},"end":{"line":52,"column":71}}]},"10":{"loc":{"start":{"line":53,"column":21},"end":{"line":53,"column":57}},"type":"binary-expr","locations":[{"start":{"line":53,"column":21},"end":{"line":53,"column":45}},{"start":{"line":53,"column":49},"end":{"line":53,"column":57}}]},"11":{"loc":{"start":{"line":54,"column":24},"end":{"line":54,"column":63}},"type":"binary-expr","locations":[{"start":{"line":54,"column":24},"end":{"line":54,"column":51}},{"start":{"line":54,"column":55},"end":{"line":54,"column":63}}]},"12":{"loc":{"start":{"line":59,"column":23},"end":{"line":59,"column":61}},"type":"binary-expr","locations":[{"start":{"line":59,"column":23},"end":{"line":59,"column":47}},{"start":{"line":59,"column":51},"end":{"line":59,"column":61}}]},"13":{"loc":{"start":{"line":63,"column":19},"end":{"line":63,"column":97}},"type":"binary-expr","locations":[{"start":{"line":63,"column":19},"end":{"line":63,"column":87}},{"start":{"line":63,"column":91},"end":{"line":63,"column":97}}]},"14":{"loc":{"start":{"line":66,"column":20},"end":{"line":66,"column":84}},"type":"binary-expr","locations":[{"start":{"line":66,"column":20},"end":{"line":66,"column":47}},{"start":{"line":66,"column":51},"end":{"line":66,"column":84}}]},"15":{"loc":{"start":{"line":68,"column":15},"end":{"line":68,"column":60}},"type":"binary-expr","locations":[{"start":{"line":68,"column":15},"end":{"line":68,"column":52}},{"start":{"line":68,"column":56},"end":{"line":68,"column":60}}]},"16":{"loc":{"start":{"line":69,"column":19},"end":{"line":69,"column":68}},"type":"binary-expr","locations":[{"start":{"line":69,"column":19},"end":{"line":69,"column":60}},{"start":{"line":69,"column":64},"end":{"line":69,"column":68}}]},"17":{"loc":{"start":{"line":70,"column":20},"end":{"line":70,"column":70}},"type":"binary-expr","locations":[{"start":{"line":70,"column":20},"end":{"line":70,"column":62}},{"start":{"line":70,"column":66},"end":{"line":70,"column":70}}]},"18":{"loc":{"start":{"line":71,"column":26},"end":{"line":71,"column":80}},"type":"binary-expr","locations":[{"start":{"line":71,"column":26},"end":{"line":71,"column":72}},{"start":{"line":71,"column":76},"end":{"line":71,"column":80}}]},"19":{"loc":{"start":{"line":75,"column":9},"end":{"line":76,"column":22}},"type":"binary-expr","locations":[{"start":{"line":75,"column":9},"end":{"line":75,"column":84}},{"start":{"line":76,"column":8},"end":{"line":76,"column":22}}]},"20":{"loc":{"start":{"line":78,"column":9},"end":{"line":81,"column":43}},"type":"binary-expr","locations":[{"start":{"line":78,"column":9},"end":{"line":78,"column":null}},{"start":{"line":81,"column":30},"end":{"line":81,"column":43}}]},"21":{"loc":{"start":{"line":83,"column":9},"end":{"line":86,"column":44}},"type":"binary-expr","locations":[{"start":{"line":83,"column":9},"end":{"line":83,"column":null}},{"start":{"line":86,"column":31},"end":{"line":86,"column":44}}]},"22":{"loc":{"start":{"line":95,"column":2},"end":{"line":97,"column":3}},"type":"if","locations":[{"start":{"line":95,"column":2},"end":{"line":97,"column":3}},{"start":{},"end":{}}]},"23":{"loc":{"start":{"line":95,"column":6},"end":{"line":95,"column":50}},"type":"binary-expr","locations":[{"start":{"line":95,"column":6},"end":{"line":95,"column":25}},{"start":{"line":95,"column":29},"end":{"line":95,"column":50}}]},"24":{"loc":{"start":{"line":104,"column":23},"end":{"line":104,"column":95}},"type":"binary-expr","locations":[{"start":{"line":104,"column":23},"end":{"line":104,"column":57}},{"start":{"line":104,"column":61},"end":{"line":104,"column":95}}]},"25":{"loc":{"start":{"line":105,"column":27},"end":{"line":105,"column":76}},"type":"cond-expr","locations":[{"start":{"line":105,"column":42},"end":{"line":105,"column":71}},{"start":{"line":105,"column":74},"end":{"line":105,"column":76}}]},"26":{"loc":{"start":{"line":108,"column":20},"end":{"line":108,"column":84}},"type":"cond-expr","locations":[{"start":{"line":108,"column":42},"end":{"line":108,"column":79}},{"start":{"line":108,"column":82},"end":{"line":108,"column":84}}]},"27":{"loc":{"start":{"line":117,"column":2},"end":{"line":119,"column":3}},"type":"if","locations":[{"start":{"line":117,"column":2},"end":{"line":119,"column":3}},{"start":{},"end":{}}]},"28":{"loc":{"start":{"line":121,"column":26},"end":{"line":121,"column":55}},"type":"binary-expr","locations":[{"start":{"line":121,"column":26},"end":{"line":121,"column":43}},{"start":{"line":121,"column":47},"end":{"line":121,"column":55}}]},"29":{"loc":{"start":{"line":123,"column":2},"end":{"line":125,"column":3}},"type":"if","locations":[{"start":{"line":123,"column":2},"end":{"line":125,"column":3}},{"start":{},"end":{}}]},"30":{"loc":{"start":{"line":127,"column":2},"end":{"line":129,"column":3}},"type":"if","locations":[{"start":{"line":127,"column":2},"end":{"line":129,"column":3}},{"start":{},"end":{}}]},"31":{"loc":{"start":{"line":140,"column":2},"end":{"line":142,"column":3}},"type":"if","locations":[{"start":{"line":140,"column":2},"end":{"line":142,"column":3}},{"start":{},"end":{}}]},"32":{"loc":{"start":{"line":154,"column":18},"end":{"line":154,"column":76}},"type":"binary-expr","locations":[{"start":{"line":154,"column":18},"end":{"line":154,"column":28}},{"start":{"line":154,"column":32},"end":{"line":154,"column":76}}]},"33":{"loc":{"start":{"line":157,"column":2},"end":{"line":166,"column":3}},"type":"if","locations":[{"start":{"line":157,"column":2},"end":{"line":166,"column":3}},{"start":{},"end":{}}]},"34":{"loc":{"start":{"line":159,"column":22},"end":{"line":161,"column":33}},"type":"cond-expr","locations":[{"start":{"line":160,"column":8},"end":{"line":160,"column":45}},{"start":{"line":161,"column":8},"end":{"line":161,"column":33}}]},"35":{"loc":{"start":{"line":163,"column":4},"end":{"line":165,"column":5}},"type":"if","locations":[{"start":{"line":163,"column":4},"end":{"line":165,"column":5}},{"start":{},"end":{}}]},"36":{"loc":{"start":{"line":169,"column":2},"end":{"line":174,"column":3}},"type":"if","locations":[{"start":{"line":169,"column":2},"end":{"line":174,"column":3}},{"start":{},"end":{}}]},"37":{"loc":{"start":{"line":169,"column":6},"end":{"line":169,"column":37}},"type":"binary-expr","locations":[{"start":{"line":169,"column":6},"end":{"line":169,"column":13}},{"start":{"line":169,"column":17},"end":{"line":169,"column":37}}]},"38":{"loc":{"start":{"line":171,"column":4},"end":{"line":173,"column":5}},"type":"if","locations":[{"start":{"line":171,"column":4},"end":{"line":173,"column":5}},{"start":{},"end":{}}]},"39":{"loc":{"start":{"line":177,"column":2},"end":{"line":179,"column":3}},"type":"if","locations":[{"start":{"line":177,"column":2},"end":{"line":179,"column":3}},{"start":{},"end":{}}]},"40":{"loc":{"start":{"line":182,"column":2},"end":{"line":184,"column":3}},"type":"if","locations":[{"start":{"line":182,"column":2},"end":{"line":184,"column":3}},{"start":{},"end":{}}]},"41":{"loc":{"start":{"line":187,"column":2},"end":{"line":189,"column":3}},"type":"if","locations":[{"start":{"line":187,"column":2},"end":{"line":189,"column":3}},{"start":{},"end":{}}]},"42":{"loc":{"start":{"line":192,"column":2},"end":{"line":194,"column":3}},"type":"if","locations":[{"start":{"line":192,"column":2},"end":{"line":194,"column":3}},{"start":{},"end":{}}]},"43":{"loc":{"start":{"line":197,"column":2},"end":{"line":202,"column":3}},"type":"if","locations":[{"start":{"line":197,"column":2},"end":{"line":202,"column":3}},{"start":{},"end":{}}]},"44":{"loc":{"start":{"line":199,"column":4},"end":{"line":201,"column":5}},"type":"if","locations":[{"start":{"line":199,"column":4},"end":{"line":201,"column":5}},{"start":{},"end":{}}]},"45":{"loc":{"start":{"line":205,"column":2},"end":{"line":207,"column":3}},"type":"if","locations":[{"start":{"line":205,"column":2},"end":{"line":207,"column":3}},{"start":{},"end":{}}]},"46":{"loc":{"start":{"line":209,"column":2},"end":{"line":211,"column":3}},"type":"if","locations":[{"start":{"line":209,"column":2},"end":{"line":211,"column":3}},{"start":{},"end":{}}]},"47":{"loc":{"start":{"line":213,"column":2},"end":{"line":215,"column":3}},"type":"if","locations":[{"start":{"line":213,"column":2},"end":{"line":215,"column":3}},{"start":{},"end":{}}]},"48":{"loc":{"start":{"line":227,"column":2},"end":{"line":232,"column":3}},"type":"if","locations":[{"start":{"line":227,"column":2},"end":{"line":232,"column":3}},{"start":{},"end":{}}]},"49":{"loc":{"start":{"line":227,"column":6},"end":{"line":227,"column":67}},"type":"binary-expr","locations":[{"start":{"line":227,"column":6},"end":{"line":227,"column":36}},{"start":{"line":227,"column":40},"end":{"line":227,"column":67}}]},"50":{"loc":{"start":{"line":247,"column":2},"end":{"line":249,"column":3}},"type":"if","locations":[{"start":{"line":247,"column":2},"end":{"line":249,"column":3}},{"start":{},"end":{}}]},"51":{"loc":{"start":{"line":265,"column":2},"end":{"line":268,"column":3}},"type":"if","locations":[{"start":{"line":265,"column":2},"end":{"line":268,"column":3}},{"start":{},"end":{}}]},"52":{"loc":{"start":{"line":281,"column":2},"end":{"line":283,"column":3}},"type":"if","locations":[{"start":{"line":281,"column":2},"end":{"line":283,"column":3}},{"start":{},"end":{}}]},"53":{"loc":{"start":{"line":318,"column":4},"end":{"line":322,"column":5}},"type":"if","locations":[{"start":{"line":318,"column":4},"end":{"line":322,"column":5}},{"start":{"line":320,"column":11},"end":{"line":322,"column":5}}]},"54":{"loc":{"start":{"line":326,"column":2},"end":{"line":328,"column":3}},"type":"if","locations":[{"start":{"line":326,"column":2},"end":{"line":328,"column":3}},{"start":{},"end":{}}]},"55":{"loc":{"start":{"line":330,"column":2},"end":{"line":332,"column":3}},"type":"if","locations":[{"start":{"line":330,"column":2},"end":{"line":332,"column":3}},{"start":{},"end":{}}]},"56":{"loc":{"start":{"line":334,"column":2},"end":{"line":336,"column":3}},"type":"if","locations":[{"start":{"line":334,"column":2},"end":{"line":336,"column":3}},{"start":{},"end":{}}]}},"s":{"0":0,"1":0,"2":0,"3":0,"4":0,"5":0,"6":0,"7":0,"8":0,"9":0,"10":0,"11":0,"12":0,"13":0,"14":0,"15":0,"16":0,"17":0,"18":0,"19":0,"20":0,"21":0,"22":0,"23":0,"24":0,"25":0,"26":0,"27":0,"28":0,"29":0,"30":0,"31":0,"32":0,"33":0,"34":0,"35":0,"36":0,"37":0,"38":0,"39":0,"40":0,"41":0,"42":0,"43":0,"44":0,"45":0,"46":0,"47":0,"48":0,"49":0,"50":0,"51":0,"52":0,"53":0,"54":0,"55":0,"56":0,"57":0,"58":0,"59":0,"60":0,"61":0,"62":0,"63":0,"64":0,"65":0,"66":0,"67":0,"68":0,"69":0,"70":0,"71":0,"72":0,"73":0,"74":0,"75":0,"76":0,"77":0,"78":0,"79":0,"80":0,"81":0,"82":0,"83":0,"84":0,"85":0,"86":0,"87":0,"88":0,"89":0,"90":0,"91":0,"92":0,"93":0,"94":0,"95":0,"96":0,"97":0,"98":0,"99":0,"100":0,"101":0},"f":{"0":0,"1":0,"2":0,"3":0,"4":0,"5":0,"6":0,"7":0,"8":0,"9":0,"10":0,"11":0},"b":{"0":[0,0],"1":[0,0],"2":[0,0],"3":[0,0],"4":[0,0],"5":[0,0],"6":[0,0],"7":[0,0],"8":[0,0],"9":[0,0],"10":[0,0],"11":[0,0],"12":[0,0],"13":[0,0],"14":[0,0],"15":[0,0],"16":[0,0],"17":[0,0],"18":[0,0],"19":[0,0],"20":[0,0],"21":[0,0],"22":[0,0],"23":[0,0],"24":[0,0],"25":[0,0],"26":[0,0],"27":[0,0],"28":[0,0],"29":[0,0],"30":[0,0],"31":[0,0],"32":[0,0],"33":[0,0],"34":[0,0],"35":[0,0],"36":[0,0],"37":[0,0],"38":[0,0],"39":[0,0],"40":[0,0],"41":[0,0],"42":[0,0],"43":[0,0],"44":[0,0],"45":[0,0],"46":[0,0],"47":[0,0],"48":[0,0],"49":[0,0],"50":[0,0],"51":[0,0],"52":[0,0],"53":[0,0],"54":[0,0],"55":[0,0],"56":[0,0]}}
,"/Users/austinorphan/Library/Mobile Documents/com~apple~CloudDocs/src/running-app-mvp/server/middleware/validateBody.ts": {"path":"/Users/austinorphan/Library/Mobile Documents/com~apple~CloudDocs/src/running-app-mvp/server/middleware/validateBody.ts","statementMap":{"0":{"start":{"line":13,"column":28},"end":{"line":81,"column":1}},"1":{"start":{"line":14,"column":2},"end":{"line":80,"column":4}},"2":{"start":{"line":15,"column":4},"end":{"line":79,"column":5}},"3":{"start":{"line":16,"column":31},"end":{"line":16,"column":33}},"4":{"start":{"line":18,"column":6},"end":{"line":70,"column":7}},"5":{"start":{"line":19,"column":22},"end":{"line":19,"column":42}},"6":{"start":{"line":21,"column":8},"end":{"line":24,"column":9}},"7":{"start":{"line":22,"column":10},"end":{"line":22,"column":51}},"8":{"start":{"line":23,"column":10},"end":{"line":23,"column":19}},"9":{"start":{"line":26,"column":8},"end":{"line":28,"column":9}},"10":{"start":{"line":27,"column":10},"end":{"line":27,"column":19}},"11":{"start":{"line":30,"column":8},"end":{"line":53,"column":9}},"12":{"start":{"line":31,"column":10},"end":{"line":52,"column":11}},"13":{"start":{"line":33,"column":14},"end":{"line":35,"column":15}},"14":{"start":{"line":34,"column":16},"end":{"line":34,"column":62}},"15":{"start":{"line":36,"column":14},"end":{"line":36,"column":20}},"16":{"start":{"line":38,"column":14},"end":{"line":40,"column":15}},"17":{"start":{"line":39,"column":16},"end":{"line":39,"column":62}},"18":{"start":{"line":41,"column":14},"end":{"line":41,"column":20}},"19":{"start":{"line":43,"column":14},"end":{"line":45,"column":15}},"20":{"start":{"line":44,"column":16},"end":{"line":44,"column":63}},"21":{"start":{"line":46,"column":14},"end":{"line":46,"column":20}},"22":{"start":{"line":48,"column":14},"end":{"line":50,"column":15}},"23":{"start":{"line":49,"column":16},"end":{"line":49,"column":66}},"24":{"start":{"line":51,"column":14},"end":{"line":51,"column":20}},"25":{"start":{"line":55,"column":8},"end":{"line":61,"column":9}},"26":{"start":{"line":56,"column":10},"end":{"line":60,"column":11}},"27":{"start":{"line":57,"column":12},"end":{"line":57,"column":70}},"28":{"start":{"line":58,"column":17},"end":{"line":60,"column":11}},"29":{"start":{"line":59,"column":12},"end":{"line":59,"column":81}},"30":{"start":{"line":63,"column":8},"end":{"line":69,"column":9}},"31":{"start":{"line":64,"column":10},"end":{"line":68,"column":11}},"32":{"start":{"line":65,"column":12},"end":{"line":65,"column":69}},"33":{"start":{"line":66,"column":17},"end":{"line":68,"column":11}},"34":{"start":{"line":67,"column":12},"end":{"line":67,"column":80}},"35":{"start":{"line":72,"column":6},"end":{"line":74,"column":7}},"36":{"start":{"line":73,"column":8},"end":{"line":73,"column":74}},"37":{"start":{"line":76,"column":6},"end":{"line":76,"column":13}},"38":{"start":{"line":78,"column":6},"end":{"line":78,"column":18}}},"fnMap":{"0":{"name":"(anonymous_0)","decl":{"start":{"line":13,"column":28},"end":{"line":13,"column":29}},"loc":{"start":{"line":13,"column":56},"end":{"line":81,"column":1}}},"1":{"name":"(anonymous_1)","decl":{"start":{"line":14,"column":9},"end":{"line":14,"column":10}},"loc":{"start":{"line":14,"column":67},"end":{"line":80,"column":3}}}},"branchMap":{"0":{"loc":{"start":{"line":21,"column":8},"end":{"line":24,"column":9}},"type":"if","locations":[{"start":{"line":21,"column":8},"end":{"line":24,"column":9}},{"start":{},"end":{}}]},"1":{"loc":{"start":{"line":21,"column":12},"end":{"line":21,"column":84}},"type":"binary-expr","locations":[{"start":{"line":21,"column":12},"end":{"line":21,"column":25}},{"start":{"line":21,"column":30},"end":{"line":21,"column":49}},{"start":{"line":21,"column":53},"end":{"line":21,"column":67}},{"start":{"line":21,"column":71},"end":{"line":21,"column":83}}]},"2":{"loc":{"start":{"line":26,"column":8},"end":{"line":28,"column":9}},"type":"if","locations":[{"start":{"line":26,"column":8},"end":{"line":28,"column":9}},{"start":{},"end":{}}]},"3":{"loc":{"start":{"line":26,"column":12},"end":{"line":26,"column":49}},"type":"binary-expr","locations":[{"start":{"line":26,"column":12},"end":{"line":26,"column":31}},{"start":{"line":26,"column":35},"end":{"line":26,"column":49}}]},"4":{"loc":{"start":{"line":30,"column":8},"end":{"line":53,"column":9}},"type":"if","locations":[{"start":{"line":30,"column":8},"end":{"line":53,"column":9}},{"start":{},"end":{}}]},"5":{"loc":{"start":{"line":31,"column":10},"end":{"line":52,"column":11}},"type":"switch","locations":[{"start":{"line":32,"column":12},"end":{"line":36,"column":20}},{"start":{"line":37,"column":12},"end":{"line":41,"column":20}},{"start":{"line":42,"column":12},"end":{"line":46,"column":20}},{"start":{"line":47,"column":12},"end":{"line":51,"column":20}}]},"6":{"loc":{"start":{"line":33,"column":14},"end":{"line":35,"column":15}},"type":"if","locations":[{"start":{"line":33,"column":14},"end":{"line":35,"column":15}},{"start":{},"end":{}}]},"7":{"loc":{"start":{"line":38,"column":14},"end":{"line":40,"column":15}},"type":"if","locations":[{"start":{"line":38,"column":14},"end":{"line":40,"column":15}},{"start":{},"end":{}}]},"8":{"loc":{"start":{"line":38,"column":18},"end":{"line":38,"column":67}},"type":"binary-expr","locations":[{"start":{"line":38,"column":18},"end":{"line":38,"column":43}},{"start":{"line":38,"column":47},"end":{"line":38,"column":67}}]},"9":{"loc":{"start":{"line":43,"column":14},"end":{"line":45,"column":15}},"type":"if","locations":[{"start":{"line":43,"column":14},"end":{"line":45,"column":15}},{"start":{},"end":{}}]},"10":{"loc":{"start":{"line":48,"column":14},"end":{"line":50,"column":15}},"type":"if","locations":[{"start":{"line":48,"column":14},"end":{"line":50,"column":15}},{"start":{},"end":{}}]},"11":{"loc":{"start":{"line":55,"column":8},"end":{"line":61,"column":9}},"type":"if","locations":[{"start":{"line":55,"column":8},"end":{"line":61,"column":9}},{"start":{},"end":{}}]},"12":{"loc":{"start":{"line":56,"column":10},"end":{"line":60,"column":11}},"type":"if","locations":[{"start":{"line":56,"column":10},"end":{"line":60,"column":11}},{"start":{"line":58,"column":17},"end":{"line":60,"column":11}}]},"13":{"loc":{"start":{"line":56,"column":14},"end":{"line":56,"column":64}},"type":"binary-expr","locations":[{"start":{"line":56,"column":14},"end":{"line":56,"column":36}},{"start":{"line":56,"column":40},"end":{"line":56,"column":64}}]},"14":{"loc":{"start":{"line":58,"column":17},"end":{"line":60,"column":11}},"type":"if","locations":[{"start":{"line":58,"column":17},"end":{"line":60,"column":11}},{"start":{},"end":{}}]},"15":{"loc":{"start":{"line":58,"column":21},"end":{"line":58,"column":70}},"type":"binary-expr","locations":[{"start":{"line":58,"column":21},"end":{"line":58,"column":43}},{"start":{"line":58,"column":47},"end":{"line":58,"column":70}}]},"16":{"loc":{"start":{"line":63,"column":8},"end":{"line":69,"column":9}},"type":"if","locations":[{"start":{"line":63,"column":8},"end":{"line":69,"column":9}},{"start":{},"end":{}}]},"17":{"loc":{"start":{"line":64,"column":10},"end":{"line":68,"column":11}},"type":"if","locations":[{"start":{"line":64,"column":10},"end":{"line":68,"column":11}},{"start":{"line":66,"column":17},"end":{"line":68,"column":11}}]},"18":{"loc":{"start":{"line":64,"column":14},"end":{"line":64,"column":64}},"type":"binary-expr","locations":[{"start":{"line":64,"column":14},"end":{"line":64,"column":36}},{"start":{"line":64,"column":40},"end":{"line":64,"column":64}}]},"19":{"loc":{"start":{"line":66,"column":17},"end":{"line":68,"column":11}},"type":"if","locations":[{"start":{"line":66,"column":17},"end":{"line":68,"column":11}},{"start":{},"end":{}}]},"20":{"loc":{"start":{"line":66,"column":21},"end":{"line":66,"column":70}},"type":"binary-expr","locations":[{"start":{"line":66,"column":21},"end":{"line":66,"column":43}},{"start":{"line":66,"column":47},"end":{"line":66,"column":70}}]},"21":{"loc":{"start":{"line":72,"column":6},"end":{"line":74,"column":7}},"type":"if","locations":[{"start":{"line":72,"column":6},"end":{"line":74,"column":7}},{"start":{},"end":{}}]}},"s":{"0":0,"1":0,"2":0,"3":0,"4":0,"5":0,"6":0,"7":0,"8":0,"9":0,"10":0,"11":0,"12":0,"13":0,"14":0,"15":0,"16":0,"17":0,"18":0,"19":0,"20":0,"21":0,"22":0,"23":0,"24":0,"25":0,"26":0,"27":0,"28":0,"29":0,"30":0,"31":0,"32":0,"33":0,"34":0,"35":0,"36":0,"37":0,"38":0},"f":{"0":0,"1":0},"b":{"0":[0,0],"1":[0,0,0,0],"2":[0,0],"3":[0,0],"4":[0,0],"5":[0,0,0,0],"6":[0,0],"7":[0,0],"8":[0,0],"9":[0,0],"10":[0,0],"11":[0,0],"12":[0,0],"13":[0,0],"14":[0,0],"15":[0,0],"16":[0,0],"17":[0,0],"18":[0,0],"19":[0,0],"20":[0,0],"21":[0,0]}}
,"/Users/austinorphan/Library/Mobile Documents/com~apple~CloudDocs/src/running-app-mvp/server/middleware/validation.ts": {"path":"/Users/austinorphan/Library/Mobile Documents/com~apple~CloudDocs/src/running-app-mvp/server/middleware/validation.ts","statementMap":{"0":{"start":{"line":11,"column":20},"end":{"line":11,"column":81}},"1":{"start":{"line":14,"column":29},"end":{"line":14,"column":88}},"2":{"start":{"line":14,"column":35},"end":{"line":14,"column":88}},"3":{"start":{"line":16,"column":23},"end":{"line":43,"column":63}},"4":{"start":{"line":26,"column":28},"end":{"line":36,"column":6}},"5":{"start":{"line":37,"column":18},"end":{"line":37,"column":40}},"6":{"start":{"line":38,"column":4},"end":{"line":38,"column":67}},"7":{"start":{"line":38,"column":43},"end":{"line":38,"column":65}},"8":{"start":{"line":42,"column":4},"end":{"line":42,"column":40}},"9":{"start":{"line":44,"column":29},"end":{"line":44,"column":77}},"10":{"start":{"line":45,"column":19},"end":{"line":45,"column":93}},"11":{"start":{"line":45,"column":45},"end":{"line":45,"column":69}},"12":{"start":{"line":46,"column":19},"end":{"line":46,"column":55}},"13":{"start":{"line":49,"column":30},"end":{"line":52,"column":2}},"14":{"start":{"line":54,"column":27},"end":{"line":57,"column":2}},"15":{"start":{"line":60,"column":31},"end":{"line":67,"column":2}},"16":{"start":{"line":69,"column":31},"end":{"line":76,"column":2}},"17":{"start":{"line":79,"column":32},"end":{"line":90,"column":2}},"18":{"start":{"line":92,"column":32},"end":{"line":104,"column":2}},"19":{"start":{"line":107,"column":32},"end":{"line":144,"column":4}},"20":{"start":{"line":121,"column":23},"end":{"line":121,"column":55}},"21":{"start":{"line":124,"column":23},"end":{"line":124,"column":57}},"22":{"start":{"line":141,"column":18},"end":{"line":141,"column":67}},"23":{"start":{"line":146,"column":32},"end":{"line":197,"column":null}},"24":{"start":{"line":162,"column":25},"end":{"line":162,"column":57}},"25":{"start":{"line":167,"column":25},"end":{"line":167,"column":59}},"26":{"start":{"line":189,"column":6},"end":{"line":191,"column":7}},"27":{"start":{"line":190,"column":8},"end":{"line":190,"column":65}},"28":{"start":{"line":192,"column":6},"end":{"line":192,"column":18}},"29":{"start":{"line":201,"column":29},"end":{"line":203,"column":2}},"30":{"start":{"line":206,"column":32},"end":{"line":208,"column":2}},"31":{"start":{"line":217,"column":2},"end":{"line":246,"column":4}},"32":{"start":{"line":218,"column":4},"end":{"line":245,"column":5}},"33":{"start":{"line":219,"column":27},"end":{"line":219,"column":38}},"34":{"start":{"line":222,"column":6},"end":{"line":224,"column":7}},"35":{"start":{"line":223,"column":8},"end":{"line":223,"column":81}},"36":{"start":{"line":226,"column":21},"end":{"line":226,"column":53}},"37":{"start":{"line":228,"column":6},"end":{"line":235,"column":7}},"38":{"start":{"line":229,"column":30},"end":{"line":232,"column":10}},"39":{"start":{"line":230,"column":23},"end":{"line":230,"column":77}},"40":{"start":{"line":231,"column":10},"end":{"line":231,"column":45}},"41":{"start":{"line":234,"column":8},"end":{"line":234,"column":81}},"42":{"start":{"line":239,"column":6},"end":{"line":241,"column":7}},"43":{"start":{"line":240,"column":9},"end":{"line":240,"column":73}},"44":{"start":{"line":242,"column":6},"end":{"line":242,"column":13}},"45":{"start":{"line":244,"column":6},"end":{"line":244,"column":18}},"46":{"start":{"line":254,"column":28},"end":{"line":254,"column":88}},"47":{"start":{"line":254,"column":57},"end":{"line":254,"column":88}},"48":{"start":{"line":255,"column":30},"end":{"line":255,"column":92}},"49":{"start":{"line":255,"column":59},"end":{"line":255,"column":92}},"50":{"start":{"line":256,"column":29},"end":{"line":256,"column":90}},"51":{"start":{"line":256,"column":58},"end":{"line":256,"column":90}},"52":{"start":{"line":259,"column":32},"end":{"line":259,"column":60}},"53":{"start":{"line":260,"column":29},"end":{"line":260,"column":54}},"54":{"start":{"line":261,"column":33},"end":{"line":261,"column":62}},"55":{"start":{"line":262,"column":33},"end":{"line":262,"column":62}},"56":{"start":{"line":263,"column":34},"end":{"line":263,"column":64}},"57":{"start":{"line":264,"column":34},"end":{"line":264,"column":64}},"58":{"start":{"line":265,"column":34},"end":{"line":265,"column":64}},"59":{"start":{"line":266,"column":34},"end":{"line":266,"column":64}},"60":{"start":{"line":267,"column":31},"end":{"line":267,"column":60}},"61":{"start":{"line":268,"column":34},"end":{"line":268,"column":65}},"62":{"start":{"line":274,"column":29},"end":{"line":288,"column":1}},"63":{"start":{"line":275,"column":2},"end":{"line":287,"column":3}},"64":{"start":{"line":277,"column":4},"end":{"line":279,"column":5}},"65":{"start":{"line":278,"column":6},"end":{"line":278,"column":42}},"66":{"start":{"line":284,"column":4},"end":{"line":284,"column":11}},"67":{"start":{"line":286,"column":4},"end":{"line":286,"column":56}},"68":{"start":{"line":294,"column":2},"end":{"line":296,"column":3}},"69":{"start":{"line":295,"column":4},"end":{"line":295,"column":31}},"70":{"start":{"line":298,"column":2},"end":{"line":300,"column":3}},"71":{"start":{"line":299,"column":4},"end":{"line":299,"column":35}},"72":{"start":{"line":302,"column":2},"end":{"line":308,"column":3}},"73":{"start":{"line":303,"column":47},"end":{"line":303,"column":49}},"74":{"start":{"line":304,"column":4},"end":{"line":306,"column":5}},"75":{"start":{"line":305,"column":6},"end":{"line":305,"column":45}},"76":{"start":{"line":307,"column":4},"end":{"line":307,"column":21}},"77":{"start":{"line":310,"column":2},"end":{"line":310,"column":13}},"78":{"start":{"line":317,"column":2},"end":{"line":317,"column":42}},"79":{"start":{"line":317,"column":31},"end":{"line":317,"column":42}},"80":{"start":{"line":319,"column":2},"end":{"line":328,"column":4}},"81":{"start":{"line":334,"column":31},"end":{"line":345,"column":1}},"82":{"start":{"line":336,"column":2},"end":{"line":336,"column":53}},"83":{"start":{"line":339,"column":2},"end":{"line":339,"column":43}},"84":{"start":{"line":342,"column":2},"end":{"line":342,"column":70}},"85":{"start":{"line":344,"column":2},"end":{"line":344,"column":9}}},"fnMap":{"0":{"name":"(anonymous_0)","decl":{"start":{"line":14,"column":29},"end":{"line":14,"column":32}},"loc":{"start":{"line":14,"column":35},"end":{"line":14,"column":88}}},"1":{"name":"(anonymous_1)","decl":{"start":{"line":24,"column":10},"end":{"line":24,"column":18}},"loc":{"start":{"line":24,"column":21},"end":{"line":39,"column":3}}},"2":{"name":"(anonymous_2)","decl":{"start":{"line":38,"column":33},"end":{"line":38,"column":39}},"loc":{"start":{"line":38,"column":43},"end":{"line":38,"column":65}}},"3":{"name":"(anonymous_3)","decl":{"start":{"line":40,"column":10},"end":{"line":40,"column":18}},"loc":{"start":{"line":40,"column":21},"end":{"line":43,"column":3}}},"4":{"name":"(anonymous_4)","decl":{"start":{"line":45,"column":37},"end":{"line":45,"column":41}},"loc":{"start":{"line":45,"column":45},"end":{"line":45,"column":69}}},"5":{"name":"(anonymous_5)","decl":{"start":{"line":121,"column":16},"end":{"line":121,"column":19}},"loc":{"start":{"line":121,"column":23},"end":{"line":121,"column":55}}},"6":{"name":"(anonymous_6)","decl":{"start":{"line":124,"column":16},"end":{"line":124,"column":19}},"loc":{"start":{"line":124,"column":23},"end":{"line":124,"column":57}}},"7":{"name":"(anonymous_7)","decl":{"start":{"line":141,"column":10},"end":{"line":141,"column":14}},"loc":{"start":{"line":141,"column":18},"end":{"line":141,"column":67}}},"8":{"name":"(anonymous_8)","decl":{"start":{"line":162,"column":18},"end":{"line":162,"column":21}},"loc":{"start":{"line":162,"column":25},"end":{"line":162,"column":57}}},"9":{"name":"(anonymous_9)","decl":{"start":{"line":167,"column":18},"end":{"line":167,"column":21}},"loc":{"start":{"line":167,"column":25},"end":{"line":167,"column":59}}},"10":{"name":"(anonymous_10)","decl":{"start":{"line":188,"column":4},"end":{"line":188,"column":8}},"loc":{"start":{"line":188,"column":11},"end":{"line":193,"column":5}}},"11":{"name":"validateRequest","decl":{"start":{"line":213,"column":16},"end":{"line":213,"column":31}},"loc":{"start":{"line":215,"column":46},"end":{"line":247,"column":1}}},"12":{"name":"(anonymous_12)","decl":{"start":{"line":217,"column":9},"end":{"line":217,"column":10}},"loc":{"start":{"line":217,"column":67},"end":{"line":246,"column":3}}},"13":{"name":"(anonymous_13)","decl":{"start":{"line":229,"column":54},"end":{"line":229,"column":59}},"loc":{"start":{"line":229,"column":62},"end":{"line":232,"column":9}}},"14":{"name":"(anonymous_14)","decl":{"start":{"line":254,"column":28},"end":{"line":254,"column":32}},"loc":{"start":{"line":254,"column":57},"end":{"line":254,"column":88}}},"15":{"name":"(anonymous_15)","decl":{"start":{"line":255,"column":30},"end":{"line":255,"column":34}},"loc":{"start":{"line":255,"column":59},"end":{"line":255,"column":92}}},"16":{"name":"(anonymous_16)","decl":{"start":{"line":256,"column":29},"end":{"line":256,"column":33}},"loc":{"start":{"line":256,"column":58},"end":{"line":256,"column":90}}},"17":{"name":"(anonymous_17)","decl":{"start":{"line":274,"column":29},"end":{"line":274,"column":30}},"loc":{"start":{"line":274,"column":87},"end":{"line":288,"column":1}}},"18":{"name":"sanitizeObject","decl":{"start":{"line":293,"column":9},"end":{"line":293,"column":23}},"loc":{"start":{"line":293,"column":36},"end":{"line":311,"column":1}}},"19":{"name":"sanitizeString","decl":{"start":{"line":316,"column":9},"end":{"line":316,"column":23}},"loc":{"start":{"line":316,"column":35},"end":{"line":329,"column":1}}},"20":{"name":"(anonymous_20)","decl":{"start":{"line":334,"column":31},"end":{"line":334,"column":32}},"loc":{"start":{"line":334,"column":89},"end":{"line":345,"column":1}}}},"branchMap":{"0":{"loc":{"start":{"line":14,"column":44},"end":{"line":14,"column":83}},"type":"binary-expr","locations":[{"start":{"line":14,"column":44},"end":{"line":14,"column":75}},{"start":{"line":14,"column":79},"end":{"line":14,"column":83}}]},"1":{"loc":{"start":{"line":189,"column":6},"end":{"line":191,"column":7}},"type":"if","locations":[{"start":{"line":189,"column":6},"end":{"line":191,"column":7}},{"start":{},"end":{}}]},"2":{"loc":{"start":{"line":189,"column":10},"end":{"line":189,"column":40}},"type":"binary-expr","locations":[{"start":{"line":189,"column":10},"end":{"line":189,"column":24}},{"start":{"line":189,"column":28},"end":{"line":189,"column":40}}]},"3":{"loc":{"start":{"line":215,"column":2},"end":{"line":215,"column":46}},"type":"default-arg","locations":[{"start":{"line":215,"column":40},"end":{"line":215,"column":46}}]},"4":{"loc":{"start":{"line":222,"column":6},"end":{"line":224,"column":7}},"type":"if","locations":[{"start":{"line":222,"column":6},"end":{"line":224,"column":7}},{"start":{},"end":{}}]},"5":{"loc":{"start":{"line":222,"column":10},"end":{"line":222,"column":62}},"type":"binary-expr","locations":[{"start":{"line":222,"column":10},"end":{"line":222,"column":24}},{"start":{"line":222,"column":28},"end":{"line":222,"column":62}}]},"6":{"loc":{"start":{"line":228,"column":6},"end":{"line":235,"column":7}},"type":"if","locations":[{"start":{"line":228,"column":6},"end":{"line":235,"column":7}},{"start":{},"end":{}}]},"7":{"loc":{"start":{"line":230,"column":23},"end":{"line":230,"column":77}},"type":"cond-expr","locations":[{"start":{"line":230,"column":47},"end":{"line":230,"column":67}},{"start":{"line":230,"column":70},"end":{"line":230,"column":77}}]},"8":{"loc":{"start":{"line":239,"column":6},"end":{"line":241,"column":7}},"type":"if","locations":[{"start":{"line":239,"column":6},"end":{"line":241,"column":7}},{"start":{},"end":{}}]},"9":{"loc":{"start":{"line":277,"column":4},"end":{"line":279,"column":5}},"type":"if","locations":[{"start":{"line":277,"column":4},"end":{"line":279,"column":5}},{"start":{},"end":{}}]},"10":{"loc":{"start":{"line":277,"column":8},"end":{"line":277,"column":48}},"type":"binary-expr","locations":[{"start":{"line":277,"column":8},"end":{"line":277,"column":16}},{"start":{"line":277,"column":20},"end":{"line":277,"column":48}}]},"11":{"loc":{"start":{"line":294,"column":2},"end":{"line":296,"column":3}},"type":"if","locations":[{"start":{"line":294,"column":2},"end":{"line":296,"column":3}},{"start":{},"end":{}}]},"12":{"loc":{"start":{"line":298,"column":2},"end":{"line":300,"column":3}},"type":"if","locations":[{"start":{"line":298,"column":2},"end":{"line":300,"column":3}},{"start":{},"end":{}}]},"13":{"loc":{"start":{"line":302,"column":2},"end":{"line":308,"column":3}},"type":"if","locations":[{"start":{"line":302,"column":2},"end":{"line":308,"column":3}},{"start":{},"end":{}}]},"14":{"loc":{"start":{"line":302,"column":6},"end":{"line":302,"column":36}},"type":"binary-expr","locations":[{"start":{"line":302,"column":6},"end":{"line":302,"column":9}},{"start":{"line":302,"column":13},"end":{"line":302,"column":36}}]},"15":{"loc":{"start":{"line":317,"column":2},"end":{"line":317,"column":42}},"type":"if","locations":[{"start":{"line":317,"column":2},"end":{"line":317,"column":42}},{"start":{},"end":{}}]}},"s":{"0":5,"1":5,"2":10,"3":5,"4":20,"5":20,"6":20,"7":36,"8":20,"9":5,"10":5,"11":17,"12":5,"13":5,"14":5,"15":5,"16":5,"17":5,"18":5,"19":5,"20":0,"21":0,"22":0,"23":5,"24":0,"25":0,"26":0,"27":0,"28":0,"29":5,"30":5,"31":50,"32":79,"33":79,"34":79,"35":78,"36":79,"37":79,"38":42,"39":93,"40":93,"41":42,"42":37,"43":37,"44":37,"45":42,"46":5,"47":40,"48":5,"49":5,"50":5,"51":5,"52":5,"53":5,"54":5,"55":5,"56":5,"57":5,"58":5,"59":5,"60":5,"61":5,"62":5,"63":169,"64":169,"65":104,"66":169,"67":0,"68":722,"69":437,"70":285,"71":0,"72":285,"73":182,"74":182,"75":540,"76":182,"77":103,"78":437,"79":0,"80":437,"81":5,"82":89,"83":89,"84":89,"85":89},"f":{"0":10,"1":20,"2":36,"3":20,"4":17,"5":0,"6":0,"7":0,"8":0,"9":0,"10":0,"11":50,"12":79,"13":93,"14":40,"15":5,"16":5,"17":169,"18":722,"19":437,"20":89},"b":{"0":[10,10],"1":[0,0],"2":[0,0],"3":[0],"4":[78,1],"5":[79,78],"6":[42,37],"7":[92,1],"8":[37,0],"9":[104,65],"10":[169,104],"11":[437,285],"12":[0,285],"13":[182,103],"14":[285,279],"15":[0,437]}}
,"/Users/austinorphan/Library/Mobile Documents/com~apple~CloudDocs/src/running-app-mvp/server/routes/audit.ts": {"path":"/Users/austinorphan/Library/Mobile Documents/com~apple~CloudDocs/src/running-app-mvp/server/routes/audit.ts","statementMap":{"0":{"start":{"line":8,"column":15},"end":{"line":8,"column":31}},"1":{"start":{"line":16,"column":21},"end":{"line":39,"column":1}},"2":{"start":{"line":24,"column":2},"end":{"line":28,"column":3}},"3":{"start":{"line":25,"column":4},"end":{"line":27,"column":6}},"4":{"start":{"line":31,"column":2},"end":{"line":36,"column":21}},"5":{"start":{"line":38,"column":2},"end":{"line":38,"column":9}},"6":{"start":{"line":42,"column":0},"end":{"line":42,"column":24}},"7":{"start":{"line":45,"column":0},"end":{"line":94,"column":2}},"8":{"start":{"line":49,"column":4},"end":{"line":92,"column":5}},"9":{"start":{"line":60,"column":10},"end":{"line":60,"column":19}},"10":{"start":{"line":62,"column":41},"end":{"line":65,"column":8}},"11":{"start":{"line":67,"column":6},"end":{"line":67,"column":52}},"12":{"start":{"line":67,"column":18},"end":{"line":67,"column":52}},"13":{"start":{"line":68,"column":6},"end":{"line":68,"column":49}},"14":{"start":{"line":68,"column":18},"end":{"line":68,"column":49}},"15":{"start":{"line":69,"column":6},"end":{"line":69,"column":58}},"16":{"start":{"line":69,"column":20},"end":{"line":69,"column":58}},"17":{"start":{"line":70,"column":6},"end":{"line":70,"column":52}},"18":{"start":{"line":70,"column":19},"end":{"line":70,"column":52}},"19":{"start":{"line":71,"column":6},"end":{"line":71,"column":58}},"20":{"start":{"line":71,"column":21},"end":{"line":71,"column":58}},"21":{"start":{"line":72,"column":6},"end":{"line":72,"column":71}},"22":{"start":{"line":72,"column":21},"end":{"line":72,"column":71}},"23":{"start":{"line":73,"column":6},"end":{"line":73,"column":65}},"24":{"start":{"line":73,"column":19},"end":{"line":73,"column":65}},"25":{"start":{"line":75,"column":21},"end":{"line":75,"column":59}},"26":{"start":{"line":78,"column":6},"end":{"line":81,"column":9}},"27":{"start":{"line":83,"column":6},"end":{"line":88,"column":9}},"28":{"start":{"line":90,"column":6},"end":{"line":90,"column":60}},"29":{"start":{"line":91,"column":6},"end":{"line":91,"column":61}},"30":{"start":{"line":97,"column":0},"end":{"line":126,"column":2}},"31":{"start":{"line":101,"column":4},"end":{"line":124,"column":5}},"32":{"start":{"line":102,"column":36},"end":{"line":102,"column":45}},"33":{"start":{"line":104,"column":30},"end":{"line":104,"column":62}},"34":{"start":{"line":105,"column":6},"end":{"line":107,"column":7}},"35":{"start":{"line":106,"column":8},"end":{"line":106,"column":92}},"36":{"start":{"line":109,"column":25},"end":{"line":109,"column":74}},"37":{"start":{"line":112,"column":6},"end":{"line":114,"column":9}},"38":{"start":{"line":116,"column":6},"end":{"line":120,"column":9}},"39":{"start":{"line":122,"column":6},"end":{"line":122,"column":62}},"40":{"start":{"line":123,"column":6},"end":{"line":123,"column":63}},"41":{"start":{"line":129,"column":0},"end":{"line":177,"column":2}},"42":{"start":{"line":133,"column":4},"end":{"line":175,"column":5}},"43":{"start":{"line":134,"column":31},"end":{"line":134,"column":40}},"44":{"start":{"line":135,"column":24},"end":{"line":135,"column":53}},"45":{"start":{"line":137,"column":24},"end":{"line":137,"column":34}},"46":{"start":{"line":138,"column":6},"end":{"line":138,"column":59}},"47":{"start":{"line":140,"column":29},"end":{"line":144,"column":8}},"48":{"start":{"line":146,"column":29},"end":{"line":150,"column":8}},"49":{"start":{"line":153,"column":6},"end":{"line":157,"column":9}},"50":{"start":{"line":159,"column":6},"end":{"line":171,"column":9}},"51":{"start":{"line":173,"column":6},"end":{"line":173,"column":61}},"52":{"start":{"line":174,"column":6},"end":{"line":174,"column":62}},"53":{"start":{"line":180,"column":0},"end":{"line":217,"column":2}},"54":{"start":{"line":184,"column":4},"end":{"line":215,"column":5}},"55":{"start":{"line":185,"column":25},"end":{"line":185,"column":35}},"56":{"start":{"line":186,"column":29},"end":{"line":186,"column":38}},"57":{"start":{"line":188,"column":23},"end":{"line":188,"column":51}},"58":{"start":{"line":189,"column":24},"end":{"line":189,"column":34}},"59":{"start":{"line":190,"column":6},"end":{"line":190,"column":56}},"60":{"start":{"line":192,"column":25},"end":{"line":196,"column":8}},"61":{"start":{"line":199,"column":6},"end":{"line":203,"column":9}},"62":{"start":{"line":205,"column":6},"end":{"line":211,"column":9}},"63":{"start":{"line":213,"column":6},"end":{"line":213,"column":63}},"64":{"start":{"line":214,"column":6},"end":{"line":214,"column":64}},"65":{"start":{"line":220,"column":0},"end":{"line":245,"column":1}},"66":{"start":{"line":221,"column":2},"end":{"line":244,"column":4}},"67":{"start":{"line":225,"column":6},"end":{"line":242,"column":7}},"68":{"start":{"line":226,"column":82},"end":{"line":226,"column":90}},"69":{"start":{"line":228,"column":8},"end":{"line":232,"column":11}},"70":{"start":{"line":234,"column":8},"end":{"line":238,"column":11}},"71":{"start":{"line":240,"column":8},"end":{"line":240,"column":64}},"72":{"start":{"line":241,"column":8},"end":{"line":241,"column":65}}},"fnMap":{"0":{"name":"(anonymous_0)","decl":{"start":{"line":16,"column":21},"end":{"line":16,"column":22}},"loc":{"start":{"line":16,"column":93},"end":{"line":39,"column":1}}},"1":{"name":"(anonymous_1)","decl":{"start":{"line":36,"column":11},"end":{"line":36,"column":14}},"loc":{"start":{"line":36,"column":16},"end":{"line":36,"column":19}}},"2":{"name":"(anonymous_2)","decl":{"start":{"line":48,"column":19},"end":{"line":48,"column":24}},"loc":{"start":{"line":48,"column":51},"end":{"line":93,"column":3}}},"3":{"name":"(anonymous_3)","decl":{"start":{"line":100,"column":19},"end":{"line":100,"column":24}},"loc":{"start":{"line":100,"column":51},"end":{"line":125,"column":3}}},"4":{"name":"(anonymous_4)","decl":{"start":{"line":132,"column":19},"end":{"line":132,"column":24}},"loc":{"start":{"line":132,"column":51},"end":{"line":176,"column":3}}},"5":{"name":"(anonymous_5)","decl":{"start":{"line":183,"column":19},"end":{"line":183,"column":24}},"loc":{"start":{"line":183,"column":51},"end":{"line":216,"column":3}}},"6":{"name":"(anonymous_6)","decl":{"start":{"line":224,"column":21},"end":{"line":224,"column":26}},"loc":{"start":{"line":224,"column":53},"end":{"line":243,"column":5}}}},"branchMap":{"0":{"loc":{"start":{"line":24,"column":2},"end":{"line":28,"column":3}},"type":"if","locations":[{"start":{"line":24,"column":2},"end":{"line":28,"column":3}},{"start":{},"end":{}}]},"1":{"loc":{"start":{"line":58,"column":8},"end":{"line":58,"column":21}},"type":"default-arg","locations":[{"start":{"line":58,"column":16},"end":{"line":58,"column":21}}]},"2":{"loc":{"start":{"line":59,"column":8},"end":{"line":59,"column":20}},"type":"default-arg","locations":[{"start":{"line":59,"column":17},"end":{"line":59,"column":20}}]},"3":{"loc":{"start":{"line":67,"column":6},"end":{"line":67,"column":52}},"type":"if","locations":[{"start":{"line":67,"column":6},"end":{"line":67,"column":52}},{"start":{},"end":{}}]},"4":{"loc":{"start":{"line":68,"column":6},"end":{"line":68,"column":49}},"type":"if","locations":[{"start":{"line":68,"column":6},"end":{"line":68,"column":49}},{"start":{},"end":{}}]},"5":{"loc":{"start":{"line":69,"column":6},"end":{"line":69,"column":58}},"type":"if","locations":[
[...]
:228,"column":46}},"57":{"start":{"line":230,"column":4},"end":{"line":232,"column":5}},"58":{"start":{"line":231,"column":6},"end":{"line":231,"column":72}},"59":{"start":{"line":235,"column":4},"end":{"line":239,"column":6}},"60":{"start":{"line":240,"column":4},"end":{"line":240,"column":33}},"61":{"start":{"line":242,"column":4},"end":{"line":245,"column":6}},"62":{"start":{"line":252,"column":43},"end":{"line":272,"column":1}},"63":{"start":{"line":253,"column":2},"end":{"line":271,"column":4}},"64":{"start":{"line":254,"column":23},"end":{"line":254,"column":57}},"65":{"start":{"line":255,"column":23},"end":{"line":255,"column":57}},"66":{"start":{"line":257,"column":4},"end":{"line":259,"column":5}},"67":{"start":{"line":258,"column":6},"end":{"line":258,"column":20}},"68":{"start":{"line":262,"column":21},"end":{"line":262,"column":91}},"69":{"start":{"line":264,"column":4},"end":{"line":268,"column":5}},"70":{"start":{"line":265,"column":26},"end":{"line":265,"column":65}},"71":{"start":{"line":266,"column":6},"end":{"line":266,"column":85}},"72":{"start":{"line":267,"column":6},"end":{"line":267,"column":44}},"73":{"start":{"line":270,"column":4},"end":{"line":270,"column":11}},"74":{"start":{"line":277,"column":39},"end":{"line":315,"column":1}},"75":{"start":{"line":278,"column":2},"end":{"line":314,"column":4}}},"fnMap":{"0":{"name":"(anonymous_0)","decl":{"start":{"line":26,"column":28},"end":{"line":26,"column":42}},"loc":{"start":{"line":26,"column":44},"end":{"line":66,"column":1}}},"1":{"name":"(anonymous_1)","decl":{"start":{"line":71,"column":39},"end":{"line":71,"column":40}},"loc":{"start":{"line":71,"column":70},"end":{"line":130,"column":1}}},"2":{"name":"(anonymous_2)","decl":{"start":{"line":135,"column":35},"end":{"line":135,"column":36}},"loc":{"start":{"line":135,"column":78},"end":{"line":191,"column":1}}},"3":{"name":"(anonymous_3)","decl":{"start":{"line":172,"column":13},"end":{"line":172,"column":14}},"loc":{"start":{"line":172,"column":18},"end":{"line":172,"column":32}}},"4":{"name":"(anonymous_4)","decl":{"start":{"line":173,"column":16},"end":{"line":173,"column":17}},"loc":{"start":{"line":173,"column":21},"end":{"line":173,"column":36}}},"5":{"name":"(anonymous_5)","decl":{"start":{"line":196,"column":38},"end":{"line":196,"column":43}},"loc":{"start":{"line":198,"column":44},"end":{"line":210,"column":1}}},"6":{"name":"(anonymous_6)","decl":{"start":{"line":215,"column":38},"end":{"line":215,"column":null}},"loc":{"start":{"line":217,"column":71},"end":{"line":247,"column":1}}},"7":{"name":"(anonymous_7)","decl":{"start":{"line":252,"column":43},"end":{"line":252,"column":46}},"loc":{"start":{"line":252,"column":48},"end":{"line":272,"column":1}}},"8":{"name":"(anonymous_8)","decl":{"start":{"line":253,"column":9},"end":{"line":253,"column":10}},"loc":{"start":{"line":253,"column":43},"end":{"line":271,"column":3}}},"9":{"name":"(anonymous_9)","decl":{"start":{"line":277,"column":39},"end":{"line":277,"column":42}},"loc":{"start":{"line":277,"column":44},"end":{"line":315,"column":1}}}},"branchMap":{"0":{"loc":{"start":{"line":29,"column":2},"end":{"line":31,"column":3}},"type":"if","locations":[{"start":{"line":29,"column":2},"end":{"line":31,"column":3}},{"start":{},"end":{}}]},"1":{"loc":{"start":{"line":40,"column":15},"end":{"line":40,"column":78}},"type":"binary-expr","locations":[{"start":{"line":40,"column":15},"end":{"line":40,"column":52}},{"start":{"line":40,"column":56},"end":{"line":40,"column":78}}]},"2":{"loc":{"start":{"line":42,"column":6},"end":{"line":62,"column":17}},"type":"binary-expr","locations":[{"start":{"line":42,"column":6},"end":{"line":42,"column":29}},{"start":{"line":43,"column":6},"end":{"line":62,"column":17}}]},"3":{"loc":{"start":{"line":72,"column":2},"end":{"line":74,"column":3}},"type":"if","locations":[{"start":{"line":72,"column":2},"end":{"line":74,"column":3}},{"start":{},"end":{}}]},"4":{"loc":{"start":{"line":88,"column":4},"end":{"line":91,"column":5}},"type":"if","locations":[{"start":{"line":88,"column":4},"end":{"line":91,"column":5}},{"start":{},"end":{}}]},"5":{"loc":{"start":{"line":93,"column":4},"end":{"line":100,"column":5}},"type":"if","locations":[{"start":{"line":93,"column":4},"end":{"line":100,"column":5}},{"start":{},"end":{}}]},"6":{"loc":{"start":{"line":118,"column":4},"end":{"line":125,"column":5}},"type":"if","locations":[{"start":{"line":118,"column":4},"end":{"line":125,"column":5}},{"start":{},"end":{}}]},"7":{"loc":{"start":{"line":118,"column":8},"end":{"line":118,"column":46}},"type":"binary-expr","locations":[{"start":{"line":118,"column":8},"end":{"line":118,"column":17}},{"start":{"line":118,"column":21},"end":{"line":118,"column":46}}]},"8":{"loc":{"start":{"line":136,"column":2},"end":{"line":138,"column":3}},"type":"if","locations":[{"start":{"line":136,"column":2},"end":{"line":138,"column":3}},{"start":{},"end":{}}]},"9":{"loc":{"start":{"line":136,"column":6},"end":{"line":136,"column":60}},"type":"binary-expr","locations":[{"start":{"line":136,"column":6},"end":{"line":136,"column":21}},{"start":{"line":136,"column":25},"end":{"line":136,"column":41}},{"start":{"line":136,"column":45},"end":{"line":136,"column":60}}]},"10":{"loc":{"start":{"line":152,"column":4},"end":{"line":154,"column":5}},"type":"if","locations":[{"start":{"line":152,"column":4},"end":{"line":154,"column":5}},{"start":{},"end":{}}]},"11":{"loc":{"start":{"line":157,"column":4},"end":{"line":159,"column":5}},"type":"if","locations":[{"start":{"line":157,"column":4},"end":{"line":159,"column":5}},{"start":{},"end":{}}]},"12":{"loc":{"start":{"line":162,"column":4},"end":{"line":179,"column":5}},"type":"if","locations":[{"start":{"line":162,"column":4},"end":{"line":179,"column":5}},{"start":{},"end":{}}]},"13":{"loc":{"start":{"line":162,"column":8},"end":{"line":162,"column":55}},"type":"binary-expr","locations":[{"start":{"line":162,"column":8},"end":{"line":162,"column":24}},{"start":{"line":162,"column":28},"end":{"line":162,"column":55}}]},"14":{"loc":{"start":{"line":176,"column":6},"end":{"line":178,"column":7}},"type":"if","locations":[{"start":{"line":176,"column":6},"end":{"line":178,"column":7}},{"start":{},"end":{}}]},"15":{"loc":{"start":{"line":187,"column":6},"end":{"line":187,"column":83}},"type":"cond-expr","locations":[{"start":{"line":187,"column":31},"end":{"line":187,"column":36}},{"start":{"line":187,"column":39},"end":{"line":187,"column":83}}]},"16":{"loc":{"start":{"line":197,"column":2},"end":{"line":197,"column":30}},"type":"default-arg","locations":[{"start":{"line":197,"column":19},"end":{"line":197,"column":30}}]},"17":{"loc":{"start":{"line":219,"column":4},"end":{"line":221,"column":5}},"type":"if","locations":[{"start":{"line":219,"column":4},"end":{"line":221,"column":5}},{"start":{},"end":{}}]},"18":{"loc":{"start":{"line":230,"column":4},"end":{"line":232,"column":5}},"type":"if","locations":[{"start":{"line":230,"column":4},"end":{"line":232,"column":5}},{"start":{},"end":{}}]},"19":{"loc":{"start":{"line":244,"column":13},"end":{"line":244,"column":97}},"type":"cond-expr","locations":[{"start":{"line":244,"column":38},"end":{"line":244,"column":51}},{"start":{"line":244,"column":54},"end":{"line":244,"column":97}}]},"20":{"loc":{"start":{"line":257,"column":4},"end":{"line":259,"column":5}},"type":"if","locations":[{"start":{"line":257,"column":4},"end":{"line":259,"column":5}},{"start":{},"end":{}}]},"21":{"loc":{"start":{"line":262,"column":21},"end":{"line":262,"column":91}},"type":"cond-expr","locations":[{"start":{"line":262,"column":34},"end":{"line":262,"column":78}},{"start":{"line":262,"column":81},"end":{"line":262,"column":91}}]},"22":{"loc":{"start":{"line":264,"column":4},"end":{"line":268,"column":5}},"type":"if","locations":[{"start":{"line":264,"column":4},"end":{"line":268,"column":5}},{"start":{},"end":{}}]},"23":{"loc":{"start":{"line":264,"column":8},"end":{"line":264,"column":41}},"type":"binary-expr","locations":[{"start":{"line":264,"column":8},"end":{"line":264,"column":17}},{"start":{"line":264,"column":21},"end":{"line":264,"column":41}}]},"24":{"loc":{"start":{"line":280,"column":6},"end":{"line":282,"column":19}},"type":"cond-expr","locations":[{"start":{"line":281,"column":10},"end":{"line":281,"column":89}},{"start":{"line":282,"column":10},"end":{"line":282,"column":19}}]},"25":{"loc":{"start":{"line":281,"column":21},"end":{"line":281,"column":59}},"type":"binary-expr","locations":[{"start":{"line":281,"column":21},"end":{"line":281,"column":45}},{"start":{"line":281,"column":49},"end":{"line":281,"column":59}}]},"26":{"loc":{"start":{"line":284,"column":6},"end":{"line":300,"column":19}},"type":"cond-expr","locations":[{"start":{"line":285,"column":10},"end":{"line":299,"column":22}},{"start":{"line":300,"column":10},"end":{"line":300,"column":19}}]}},"s":{"0":0,"1":0,"2":0,"3":0,"4":0,"5":0,"6":0,"7":0,"8":0,"9":0,"10":0,"11":0,"12":0,"13":0,"14":0,"15":0,"16":0,"17":0,"18":0,"19":0,"20":0,"21":0,"22":0,"23":0,"24":0,"25":0,"26":0,"27":0,"28":0,"29":0,"30":0,"31":0,"32":0,"33":0,"34":0,"35":0,"36":0,"37":0,"38":0,"39":0,"40":0,"41":0,"42":0,"43":0,"44":0,"45":0,"46":0,"47":0,"48":0,"49":0,"50":0,"51":0,"52":0,"53":0,"54":0,"55":0,"56":0,"57":0,"58":0,"59":0,"60":0,"61":0,"62":0,"63":0,"64":0,"65":0,"66":0,"67":0,"68":0,"69":0,"70":0,"71":0,"72":0,"73":0,"74":0,"75":0},"f":{"0":0,"1":0,"2":0,"3":0,"4":0,"5":0,"6":0,"7":0,"8":0,"9":0},"b":{"0":[0,0],"1":[0,0],"2":[0,0],"3":[0,0],"4":[0,0],"5":[0,0],"6":[0,0],"7":[0,0],"8":[0,0],"9":[0,0,0],"10":[0,0],"11":[0,0],"12":[0,0],"13":[0,0],"14":[0,0],"15":[0,0],"16":[0],"17":[0,0],"18":[0,0],"19":[0,0],"20":[0,0],"21":[0,0],"22":[0,0],"23":[0,0],"24":[0,0],"25":[0,0],"26":[0,0]}}
,"/Users/austinorphan/Library/Mobile Documents/com~apple~CloudDocs/src/running-app-mvp/server/utils/winston-stub.ts": {"path":"/Users/austinorphan/Library/Mobile Documents/com~apple~CloudDocs/src/running-app-mvp/server/utils/winston-stub.ts","statementMap":{"0":{"start":{"line":11,"column":23},"end":{"line":40,"column":2}},"1":{"start":{"line":13,"column":20},"end":{"line":13,"column":22}},"2":{"start":{"line":14,"column":22},"end":{"line":14,"column":24}},"3":{"start":{"line":15,"column":19},"end":{"line":15,"column":21}},"4":{"start":{"line":16,"column":17},"end":{"line":16,"column":19}},"5":{"start":{"line":17,"column":19},"end":{"line":17,"column":21}},"6":{"start":{"line":18,"column":21},"end":{"line":18,"column":23}},"7":{"start":{"line":28,"column":41},"end":{"line":38,"column":4}},"8":{"start":{"line":31,"column":47},"end":{"line":31,"column":82}},"9":{"start":{"line":33,"column":48},"end":{"line":33,"column":86}},"10":{"start":{"line":35,"column":47},"end":{"line":35,"column":83}},"11":{"start":{"line":37,"column":48},"end":{"line":37,"column":84}}},"fnMap":{"0":{"name":"(anonymous_0)","decl":{"start":{"line":13,"column":13},"end":{"line":13,"column":16}},"loc":{"start":{"line":13,"column":20},"end":{"line":13,"column":22}}},"1":{"name":"(anonymous_1)","decl":{"start":{"line":14,"column":15},"end":{"line":14,"column":18}},"loc":{"start":{"line":14,"column":22},"end":{"line":14,"column":24}}},"2":{"name":"(anonymous_2)","decl":{"start":{"line":15,"column":12},"end":{"line":15,"column":15}},"loc":{"start":{"line":15,"column":19},"end":{"line":15,"column":21}}},"3":{"name":"(anonymous_3)","decl":{"start":{"line":16,"column":10},"end":{"line":16,"column":13}},"loc":{"start":{"line":16,"column":17},"end":{"line":16,"column":19}}},"4":{"name":"(anonymous_4)","decl":{"start":{"line":17,"column":12},"end":{"line":17,"column":15}},"loc":{"start":{"line":17,"column":19},"end":{"line":17,"column":21}}},"5":{"name":"(anonymous_5)","decl":{"start":{"line":18,"column":14},"end":{"line":18,"column":17}},"loc":{"start":{"line":18,"column":21},"end":{"line":18,"column":23}}},"6":{"name":"(anonymous_6)","decl":{"start":{"line":22,"column":6},"end":{"line":22,"column":18}},"loc":{"start":{"line":22,"column":36},"end":{"line":22,"column":40}}},"7":{"name":"(anonymous_7)","decl":{"start":{"line":25,"column":6},"end":{"line":25,"column":18}},"loc":{"start":{"line":25,"column":36},"end":{"line":25,"column":40}}},"8":{"name":"(anonymous_8)","decl":{"start":{"line":28,"column":16},"end":{"line":28,"column":17}},"loc":{"start":{"line":28,"column":41},"end":{"line":38,"column":4}}},"9":{"name":"(anonymous_9)","decl":{"start":{"line":31,"column":10},"end":{"line":31,"column":11}},"loc":{"start":{"line":31,"column":47},"end":{"line":31,"column":82}}},"10":{"name":"(anonymous_10)","decl":{"start":{"line":33,"column":11},"end":{"line":33,"column":12}},"loc":{"start":{"line":33,"column":48},"end":{"line":33,"column":86}}},"11":{"name":"(anonymous_11)","decl":{"start":{"line":35,"column":10},"end":{"line":35,"column":11}},"loc":{"start":{"line":35,"column":47},"end":{"line":35,"column":83}}},"12":{"name":"(anonymous_12)","decl":{"start":{"line":37,"column":11},"end":{"line":37,"column":12}},"loc":{"start":{"line":37,"column":48},"end":{"line":37,"column":84}}}},"branchMap":{},"s":{"0":0,"1":0,"2":0,"3":0,"4":0,"5":0,"6":0,"7":0,"8":0,"9":0,"10":0,"11":0},"f":{"0":0,"1":0,"2":0,"3":0,"4":0,"5":0,"6":0,"7":0,"8":0,"9":0,"10":0,"11":0,"12":0},"b":{}}
,"/Users/austinorphan/Library/Mobile Documents/com~apple~CloudDocs/src/running-app-mvp/server/utils/winstonLogger.ts": {"path":"/Users/austinorphan/Library/Mobile Documents/com~apple~CloudDocs/src/running-app-mvp/server/utils/winstonLogger.ts","statementMap":{"0":{"start":{"line":27,"column":0},"end":{"line":27,"column":null}},"1":{"start":{"line":28,"column":2},"end":{"line":28,"column":null}},"2":{"start":{"line":29,"column":2},"end":{"line":29,"column":null}},"3":{"start":{"line":30,"column":2},"end":{"line":30,"column":null}},"4":{"start":{"line":31,"column":2},"end":{"line":31,"column":null}},"5":{"start":{"line":32,"column":2},"end":{"line":32,"column":null}},"6":{"start":{"line":33,"column":2},"end":{"line":33,"column":null}},"7":{"start":{"line":34,"column":2},"end":{"line":34,"column":null}},"8":{"start":{"line":37,"column":0},"end":{"line":37,"column":null}},"9":{"start":{"line":38,"column":2},"end":{"line":38,"column":null}},"10":{"start":{"line":39,"column":2},"end":{"line":39,"column":null}},"11":{"start":{"line":40,"column":2},"end":{"line":40,"column":null}},"12":{"start":{"line":41,"column":2},"end":{"line":41,"column":null}},"13":{"start":{"line":42,"column":2},"end":{"line":42,"column":null}},"14":{"start":{"line":43,"column":2},"end":{"line":43,"column":null}},"15":{"start":{"line":44,"column":2},"end":{"line":44,"column":null}},"16":{"start":{"line":45,"column":2},"end":{"line":45,"column":null}},"17":{"start":{"line":49,"column":28},"end":{"line":68,"column":2}},"18":{"start":{"line":71,"column":18},"end":{"line":74,"column":null}},"19":{"start":{"line":78,"column":22},"end":{"line":86,"column":null}},"20":{"start":{"line":83,"column":25},"end":{"line":83,"column":86}},"21":{"start":{"line":84,"column":6},"end":{"line":84,"column":65}},"22":{"start":{"line":90,"column":29},"end":{"line":116,"column":2}},"23":{"start":{"line":119,"column":24},"end":{"line":138,"column":1}},"24":{"start":{"line":130,"column":2},"end":{"line":137,"column":5}},"25":{"start":{"line":140,"column":23},"end":{"line":151,"column":1}},"26":{"start":{"line":150,"column":2},"end":{"line":150,"column":39}},"27":{"start":{"line":153,"column":23},"end":{"line":164,"column":1}},"28":{"start":{"line":163,"column":2},"end":{"line":163,"column":39}},"29":{"start":{"line":166,"column":24},"end":{"line":177,"column":1}},"30":{"start":{"line":176,"column":2},"end":{"line":176,"column":40}},"31":{"start":{"line":180,"column":27},"end":{"line":194,"column":1}},"32":{"start":{"line":189,"column":2},"end":{"line":193,"column":5}},"33":{"start":{"line":196,"column":23},"end":{"line":210,"column":1}},"34":{"start":{"line":205,"column":2},"end":{"line":209,"column":5}},"35":{"start":{"line":212,"column":22},"end":{"line":226,"column":1}},"36":{"start":{"line":221,"column":2},"end":{"line":225,"column":5}},"37":{"start":{"line":228,"column":30},"end":{"line":246,"column":1}},"38":{"start":{"line":237,"column":2},"end":{"line":245,"column":5}}},"fnMap":{"0":{"name":"(anonymous_0)","decl":{"start":{"line":27,"column":0},"end":{"line":27,"column":6}},"loc":{"start":{"line":27,"column":23},"end":{"line":35,"column":1}}},"1":{"name":"(anonymous_1)","decl":{"start":{"line":37,"column":0},"end":{"line":37,"column":6}},"loc":{"start":{"line":37,"column":24},"end":{"line":46,"column":1}}},"2":{"name":"(anonymous_2)","decl":{"start":{"line":82,"column":4},"end":{"line":82,"column":5}},"loc":{"start":{"line":82,"column":82},"end":{"line":85,"column":5}}},"3":{"name":"(anonymous_3)","decl":{"start":{"line":119,"column":24},"end":{"line":119,"column":null}},"loc":{"start":{"line":129,"column":4},"end":{"line":138,"column":1}}},"4":{"name":"(anonymous_4)","decl":{"start":{"line":140,"column":23},"end":{"line":140,"column":null}},"loc":{"start":{"line":149,"column":4},"end":{"line":151,"column":1}}},"5":{"name":"(anonymous_5)","decl":{"start":{"line":153,"column":23},"end":{"line":153,"column":null}},"loc":{"start":{"line":162,"column":4},"end":{"line":164,"column":1}}},"6":{"name":"(anonymous_6)","decl":{"start":{"line":166,"column":24},"end":{"line":166,"column":null}},"loc":{"start":{"line":175,"column":4},"end":{"line":177,"column":1}}},"7":{"name":"(anonymous_7)","decl":{"start":{"line":180,"column":27},"end":{"line":180,"column":null}},"loc":{"start":{"line":188,"column":4},"end":{"line":194,"column":1}}},"8":{"name":"(anonymous_8)","decl":{"start":{"line":196,"column":23},"end":{"line":196,"column":null}},"loc":{"start":{"line":204,"column":4},"end":{"line":210,"column":1}}},"9":{"name":"(anonymous_9)","decl":{"start":{"line":212,"column":22},"end":{"line":212,"column":null}},"loc":{"start":{"line":220,"column":4},"end":{"line":226,"column":1}}},"10":{"name":"(anonymous_10)","decl":{"start":{"line":228,"column":30},"end":{"line":228,"column":null}},"loc":{"start":{"line":236,"column":4},"end":{"line":246,"column":1}}}},"branchMap":{"0":{"loc":{"start":{"line":27,"column":12},"end":{"line":27,"column":null}},"type":"binary-expr","locations":[{"start":{"line":27,"column":12},"end":{"line":27,"column":23}},{"start":{"line":27,"column":12},"end":{"line":27,"column":null}}]},"1":{"loc":{"start":{"line":37,"column":12},"end":{"line":37,"column":null}},"type":"binary-expr","locations":[{"start":{"line":37,"column":12},"end":{"line":37,"column":24}},{"start":{"line":37,"column":12},"end":{"line":37,"column":null}}]},"2":{"loc":{"start":{"line":83,"column":25},"end":{"line":83,"column":86}},"type":"cond-expr","locations":[{"start":{"line":83,"column":52},"end":{"line":83,"column":81}},{"start":{"line":83,"column":84},"end":{"line":83,"column":86}}]},"3":{"loc":{"start":{"line":91,"column":9},"end":{"line":91,"column":40}},"type":"binary-expr","locations":[{"start":{"line":91,"column":9},"end":{"line":91,"column":30}},{"start":{"line":91,"column":34},"end":{"line":91,"column":40}}]},"4":{"loc":{"start":{"line":95,"column":17},"end":{"line":95,"column":54}},"type":"binary-expr","locations":[{"start":{"line":95,"column":17},"end":{"line":95,"column":37}},{"start":{"line":95,"column":41},"end":{"line":95,"column":54}}]},"5":{"loc":{"start":{"line":100,"column":14},"end":{"line":100,"column":79}},"type":"cond-expr","locations":[{"start":{"line":100,"column":54},"end":{"line":100,"column":63}},{"start":{"line":100,"column":66},"end":{"line":100,"column":79}}]}},"s":{"0":0,"1":0,"2":0,"3":0,"4":0,"5":0,"6":0,"7":0,"8":0,"9":0,"10":0,"11":0,"12":0,"13":0,"14":0,"15":0,"16":0,"17":0,"18":0,"19":0,"20":0,"21":0,"22":0,"23":0,"24":0,"25":0,"26":0,"27":0,"28":0,"29":0,"30":0,"31":0,"32":0,"33":0,"34":0,"35":0,"36":0,"37":0,"38":0},"f":{"0":0,"1":0,"2":0,"3":0,"4":0,"5":0,"6":0,"7":0,"8":0,"9":0,"10":0},"b":{"0":[0,0],"1":[0,0],"2":[0,0],"3":[0,0],"4":[0,0],"5":[0,0]}}
}
