{
  "/Users/austinorphan/Library/Mobile Documents/com~apple~CloudDocs/src/running-app-mvp/middleware/asyncHandler.ts": {
    "path": "/Users/austinorphan/Library/Mobile Documents/com~apple~CloudDocs/src/running-app-mvp/middleware/asyncHandler.ts",
    "statementMap": {
      "0": { "start": { "line": 12, "column": 35 }, "end": { "line": 18, "column": 1 } },
      "1": { "start": { "line": 15, "column": 2 }, "end": { "line": 17, "column": 4 } },
      "2": { "start": { "line": 16, "column": 4 }, "end": { "line": 16, "column": 52 } },
      "3": { "start": { "line": 25, "column": 28 }, "end": { "line": 25, "column": 56 } },
      "4": { "start": { "line": 32, "column": 32 }, "end": { "line": 32, "column": 64 } }
    },
    "fnMap": {
      "0": {
        "name": "(anonymous_0)",
        "decl": { "start": { "line": 12, "column": 35 }, "end": { "line": 12, "column": null } },
        "loc": { "start": { "line": 14, "column": 4 }, "end": { "line": 18, "column": 1 } }
      },
      "1": {
        "name": "(anonymous_1)",
        "decl": { "start": { "line": 15, "column": 9 }, "end": { "line": 15, "column": 10 } },
        "loc": { "start": { "line": 15, "column": 55 }, "end": { "line": 17, "column": 3 } }
      }
    },
    "branchMap": {},
    "s": { "0": 0, "1": 0, "2": 0, "3": 0, "4": 0 },
    "f": { "0": 0, "1": 0 },
    "b": {}
  },
  "/Users/austinorphan/Library/Mobile Documents/com~apple~CloudDocs/src/running-app-mvp/middleware/errorHandler.ts": {
    "path": "/Users/austinorphan/Library/Mobile Documents/com~apple~CloudDocs/src/running-app-mvp/middleware/errorHandler.ts",
    "statementMap": {
      "0": { "start": { "line": 26, "column": 28 }, "end": { "line": 74, "column": 1 } },
      "1": { "start": { "line": 32, "column": 21 }, "end": { "line": 32, "column": 42 } },
      "2": { "start": { "line": 33, "column": 18 }, "end": { "line": 33, "column": 56 } },
      "3": { "start": { "line": 36, "column": 24 }, "end": { "line": 36, "column": 52 } },
      "4": { "start": { "line": 39, "column": 2 }, "end": { "line": 44, "column": 5 } },
      "5": { "start": { "line": 47, "column": 39 }, "end": { "line": 55, "column": 4 } },
      "6": { "start": { "line": 58, "column": 2 }, "end": { "line": 60, "column": 3 } },
      "7": { "start": { "line": 59, "column": 4 }, "end": { "line": 59, "column": 44 } },
      "8": { "start": { "line": 61, "column": 2 }, "end": { "line": 63, "column": 3 } },
      "9": { "start": { "line": 62, "column": 4 }, "end": { "line": 62, "column": 36 } },
      "10": { "start": { "line": 64, "column": 2 }, "end": { "line": 66, "column": 3 } },
      "11": { "start": { "line": 65, "column": 4 }, "end": { "line": 65, "column": 40 } },
      "12": { "start": { "line": 69, "column": 2 }, "end": { "line": 71, "column": 3 } },
      "13": { "start": { "line": 70, "column": 4 }, "end": { "line": 70, "column": 36 } },
      "14": { "start": { "line": 73, "column": 2 }, "end": { "line": 73, "column": 45 } },
      "15": { "start": { "line": 79, "column": 25 }, "end": { "line": 87, "column": 1 } },
      "16": { "start": { "line": 80, "column": 2 }, "end": { "line": 82, "column": 3 } },
      "17": { "start": { "line": 81, "column": 4 }, "end": { "line": 81, "column": 26 } },
      "18": { "start": { "line": 83, "column": 2 }, "end": { "line": 85, "column": 3 } },
      "19": { "start": { "line": 84, "column": 4 }, "end": { "line": 84, "column": 26 } },
      "20": { "start": { "line": 86, "column": 2 }, "end": { "line": 86, "column": 19 } },
      "21": { "start": { "line": 92, "column": 27 }, "end": { "line": 97, "column": 1 } },
      "22": { "start": { "line": 93, "column": 16 }, "end": { "line": 93, "column": 46 } },
      "23": { "start": { "line": 94, "column": 2 }, "end": { "line": 94, "column": 32 } },
      "24": { "start": { "line": 95, "column": 2 }, "end": { "line": 95, "column": 29 } },
      "25": { "start": { "line": 96, "column": 2 }, "end": { "line": 96, "column": 15 } },
      "26": { "start": { "line": 102, "column": 37 }, "end": { "line": 114, "column": 1 } },
      "27": { "start": { "line": 107, "column": 16 }, "end": { "line": 107, "column": 46 } },
      "28": { "start": { "line": 108, "column": 2 }, "end": { "line": 108, "column": 25 } },
      "29": { "start": { "line": 109, "column": 2 }, "end": { "line": 109, "column": 29 } },
      "30": { "start": { "line": 110, "column": 2 }, "end": { "line": 110, "column": 39 } },
      "31": { "start": { "line": 111, "column": 2 }, "end": { "line": 111, "column": 22 } },
      "32": { "start": { "line": 112, "column": 2 }, "end": { "line": 112, "column": 26 } },
      "33": { "start": { "line": 113, "column": 2 }, "end": { "line": 113, "column": 15 } },
      "34": { "start": { "line": 119, "column": 35 }, "end": { "line": 125, "column": 1 } },
      "35": { "start": { "line": 120, "column": 16 }, "end": { "line": 120, "column": 62 } },
      "36": { "start": { "line": 121, "column": 2 }, "end": { "line": 121, "column": 25 } },
      "37": { "start": { "line": 122, "column": 2 }, "end": { "line": 122, "column": 29 } },
      "38": { "start": { "line": 123, "column": 2 }, "end": { "line": 123, "column": 32 } },
      "39": { "start": { "line": 124, "column": 2 }, "end": { "line": 124, "column": 15 } },
      "40": { "start": { "line": 130, "column": 39 }, "end": { "line": 136, "column": 1 } },
      "41": { "start": { "line": 131, "column": 16 }, "end": { "line": 131, "column": 46 } },
      "42": { "start": { "line": 132, "column": 2 }, "end": { "line": 132, "column": 25 } },
      "43": { "start": { "line": 133, "column": 2 }, "end": { "line": 133, "column": 29 } },
      "44": { "start": { "line": 134, "column": 2 }, "end": { "line": 134, "column": 35 } },
      "45": { "start": { "line": 135, "column": 2 }, "end": { "line": 135, "column": 15 } },
      "46": { "start": { "line": 141, "column": 36 }, "end": { "line": 147, "column": 1 } },
      "47": { "start": { "line": 142, "column": 16 }, "end": { "line": 142, "column": 46 } },
      "48": { "start": { "line": 143, "column": 2 }, "end": { "line": 143, "column": 25 } },
      "49": { "start": { "line": 144, "column": 2 }, "end": { "line": 144, "column": 29 } },
      "50": { "start": { "line": 145, "column": 2 }, "end": { "line": 145, "column": 32 } },
      "51": { "start": { "line": 146, "column": 2 }, "end": { "line": 146, "column": 15 } },
      "52": { "start": { "line": 152, "column": 35 }, "end": { "line": 162, "column": 1 } },
      "53": { "start": { "line": 156, "column": 16 }, "end": { "line": 156, "column": 46 } },
      "54": { "start": { "line": 157, "column": 2 }, "end": { "line": 157, "column": 25 } },
      "55": { "start": { "line": 158, "column": 2 }, "end": { "line": 158, "column": 29 } },
      "56": { "start": { "line": 159, "column": 2 }, "end": { "line": 159, "column": 31 } },
      "57": { "start": { "line": 160, "column": 2 }, "end": { "line": 160, "column": 26 } },
      "58": { "start": { "line": 161, "column": 2 }, "end": { "line": 161, "column": 15 } },
      "59": { "start": { "line": 167, "column": 35 }, "end": { "line": 177, "column": 1 } },
      "60": { "start": { "line": 171, "column": 16 }, "end": { "line": 171, "column": 46 } },
      "61": { "start": { "line": 172, "column": 2 }, "end": { "line": 172, "column": 25 } },
      "62": { "start": { "line": 173, "column": 2 }, "end": { "line": 173, "column": 29 } },
      "63": { "start": { "line": 174, "column": 2 }, "end": { "line": 174, "column": 37 } },
      "64": { "start": { "line": 175, "column": 2 }, "end": { "line": 175, "column": 26 } },
      "65": { "start": { "line": 176, "column": 2 }, "end": { "line": 176, "column": 15 } }
    },
    "fnMap": {
      "0": {
        "name": "(anonymous_0)",
        "decl": { "start": { "line": 26, "column": 28 }, "end": { "line": 26, "column": null } },
        "loc": { "start": { "line": 31, "column": 10 }, "end": { "line": 74, "column": 1 } }
      },
      "1": {
        "name": "(anonymous_1)",
        "decl": { "start": { "line": 79, "column": 25 }, "end": { "line": 79, "column": 26 } },
        "loc": { "start": { "line": 79, "column": 56 }, "end": { "line": 87, "column": 1 } }
      },
      "2": {
        "name": "(anonymous_2)",
        "decl": { "start": { "line": 92, "column": 27 }, "end": { "line": 92, "column": 28 } },
        "loc": { "start": { "line": 92, "column": 83 }, "end": { "line": 97, "column": 1 } }
      },
      "3": {
        "name": "(anonymous_3)",
        "decl": { "start": { "line": 102, "column": 37 }, "end": { "line": 102, "column": null } },
        "loc": { "start": { "line": 106, "column": 14 }, "end": { "line": 114, "column": 1 } }
      },
      "4": {
        "name": "(anonymous_4)",
        "decl": { "start": { "line": 119, "column": 35 }, "end": { "line": 119, "column": 36 } },
        "loc": { "start": { "line": 119, "column": 79 }, "end": { "line": 125, "column": 1 } }
      },
      "5": {
        "name": "(anonymous_5)",
        "decl": { "start": { "line": 130, "column": 39 }, "end": { "line": 130, "column": 40 } },
        "loc": { "start": { "line": 130, "column": 86 }, "end": { "line": 136, "column": 1 } }
      },
      "6": {
        "name": "(anonymous_6)",
        "decl": { "start": { "line": 141, "column": 36 }, "end": { "line": 141, "column": 37 } },
        "loc": { "start": { "line": 141, "column": 80 }, "end": { "line": 147, "column": 1 } }
      },
      "7": {
        "name": "(anonymous_7)",
        "decl": { "start": { "line": 152, "column": 35 }, "end": { "line": 152, "column": null } },
        "loc": { "start": { "line": 155, "column": 14 }, "end": { "line": 162, "column": 1 } }
      },
      "8": {
        "name": "(anonymous_8)",
        "decl": { "start": { "line": 167, "column": 35 }, "end": { "line": 167, "column": null } },
        "loc": { "start": { "line": 170, "column": 14 }, "end": { "line": 177, "column": 1 } }
      }
    },
    "branchMap": {
      "0": {
        "loc": { "start": { "line": 32, "column": 21 }, "end": { "line": 32, "column": 42 } },
        "type": "binary-expr",
        "locations": [
          { "start": { "line": 32, "column": 21 }, "end": { "line": 32, "column": 35 } },
          { "start": { "line": 32, "column": 39 }, "end": { "line": 32, "column": 42 } }
        ]
      },
      "1": {
        "loc": { "start": { "line": 33, "column": 18 }, "end": { "line": 33, "column": 56 } },
        "type": "binary-expr",
        "locations": [
          { "start": { "line": 33, "column": 18 }, "end": { "line": 33, "column": 29 } },
          { "start": { "line": 33, "column": 33 }, "end": { "line": 33, "column": 56 } }
        ]
      },
      "2": {
        "loc": { "start": { "line": 41, "column": 19 }, "end": { "line": 41, "column": 45 } },
        "type": "binary-expr",
        "locations": [
          { "start": { "line": 41, "column": 19 }, "end": { "line": 41, "column": 36 } },
          { "start": { "line": 41, "column": 40 }, "end": { "line": 41, "column": 45 } }
        ]
      },
      "3": {
        "loc": { "start": { "line": 58, "column": 2 }, "end": { "line": 60, "column": 3 } },
        "type": "if",
        "locations": [
          { "start": { "line": 58, "column": 2 }, "end": { "line": 60, "column": 3 } },
          { "start": {}, "end": {} }
        ]
      },
      "4": {
        "loc": { "start": { "line": 61, "column": 2 }, "end": { "line": 63, "column": 3 } },
        "type": "if",
        "locations": [
          { "start": { "line": 61, "column": 2 }, "end": { "line": 63, "column": 3 } },
          { "start": {}, "end": {} }
        ]
      },
      "5": {
        "loc": { "start": { "line": 64, "column": 2 }, "end": { "line": 66, "column": 3 } },
        "type": "if",
        "locations": [
          { "start": { "line": 64, "column": 2 }, "end": { "line": 66, "column": 3 } },
          { "start": {}, "end": {} }
        ]
      },
      "6": {
        "loc": { "start": { "line": 64, "column": 6 }, "end": { "line": 64, "column": 59 } },
        "type": "binary-expr",
        "locations": [
          { "start": { "line": 64, "column": 6 }, "end": { "line": 64, "column": 17 } },
          { "start": { "line": 64, "column": 21 }, "end": { "line": 64, "column": 59 } }
        ]
      },
      "7": {
        "loc": { "start": { "line": 69, "column": 2 }, "end": { "line": 71, "column": 3 } },
        "type": "if",
        "locations": [
          { "start": { "line": 69, "column": 2 }, "end": { "line": 71, "column": 3 } },
          { "start": {}, "end": {} }
        ]
      },
      "8": {
        "loc": { "start": { "line": 80, "column": 2 }, "end": { "line": 82, "column": 3 } },
        "type": "if",
        "locations": [
          { "start": { "line": 80, "column": 2 }, "end": { "line": 82, "column": 3 } },
          { "start": {}, "end": {} }
        ]
      },
      "9": {
        "loc": { "start": { "line": 80, "column": 6 }, "end": { "line": 80, "column": 43 } },
        "type": "binary-expr",
        "locations": [
          { "start": { "line": 80, "column": 6 }, "end": { "line": 80, "column": 23 } },
          { "start": { "line": 80, "column": 27 }, "end": { "line": 80, "column": 43 } }
        ]
      },
      "10": {
        "loc": { "start": { "line": 83, "column": 2 }, "end": { "line": 85, "column": 3 } },
        "type": "if",
        "locations": [
          { "start": { "line": 83, "column": 2 }, "end": { "line": 85, "column": 3 } },
          { "start": {}, "end": {} }
        ]
      },
      "11": {
        "loc": { "start": { "line": 92, "column": 45 }, "end": { "line": 92, "column": 69 } },
        "type": "default-arg",
        "locations": [
          { "start": { "line": 92, "column": 66 }, "end": { "line": 92, "column": 69 } }
        ]
      },
      "12": {
        "loc": { "start": { "line": 119, "column": 36 }, "end": { "line": 119, "column": 65 } },
        "type": "default-arg",
        "locations": [
          { "start": { "line": 119, "column": 55 }, "end": { "line": 119, "column": 65 } }
        ]
      },
      "13": {
        "loc": { "start": { "line": 130, "column": 40 }, "end": { "line": 130, "column": 72 } },
        "type": "default-arg",
        "locations": [
          { "start": { "line": 130, "column": 58 }, "end": { "line": 130, "column": 72 } }
        ]
      },
      "14": {
        "loc": { "start": { "line": 141, "column": 37 }, "end": { "line": 141, "column": 66 } },
        "type": "default-arg",
        "locations": [
          { "start": { "line": 141, "column": 55 }, "end": { "line": 141, "column": 66 } }
        ]
      },
      "15": {
        "loc": { "start": { "line": 168, "column": 2 }, "end": { "line": 168, "column": 47 } },
        "type": "default-arg",
        "locations": [
          { "start": { "line": 168, "column": 20 }, "end": { "line": 168, "column": 47 } }
        ]
      }
    },
    "s": {
      "0": 3,
      "1": 70,
      "2": 70,
      "3": 70,
      "4": 70,
      "5": 70,
      "6": 70,
      "7": 31,
      "8": 70,
      "9": 19,
      "10": 70,
      "11": 0,
      "12": 70,
      "13": 0,
      "14": 70,
      "15": 3,
      "16": 70,
      "17": 68,
      "18": 2,
      "19": 2,
      "20": 0,
      "21": 3,
      "22": 0,
      "23": 0,
      "24": 0,
      "25": 0,
      "26": 3,
      "27": 0,
      "28": 0,
      "29": 0,
      "30": 0,
      "31": 0,
      "32": 0,
      "33": 0,
      "34": 3,
      "35": 0,
      "36": 0,
      "37": 0,
      "38": 0,
      "39": 0,
      "40": 3,
      "41": 0,
      "42": 0,
      "43": 0,
      "44": 0,
      "45": 0,
      "46": 3,
      "47": 0,
      "48": 0,
      "49": 0,
      "50": 0,
      "51": 0,
      "52": 3,
      "53": 0,
      "54": 0,
      "55": 0,
      "56": 0,
      "57": 0,
      "58": 0,
      "59": 3,
      "60": 0,
      "61": 0,
      "62": 0,
      "63": 0,
      "64": 0,
      "65": 0
    },
    "f": { "0": 70, "1": 70, "2": 0, "3": 0, "4": 0, "5": 0, "6": 0, "7": 0, "8": 0 },
    "b": {
      "0": [70, 2],
      "1": [70, 0],
      "2": [70, 4],
      "3": [31, 39],
      "4": [19, 51],
      "5": [0, 70],
      "6": [70, 0],
      "7": [0, 70],
      "8": [68, 2],
      "9": [70, 70],
      "10": [2, 0],
      "11": [0],
      "12": [0],
      "13": [0],
      "14": [0],
      "15": [0]
    }
  },
  "/Users/austinorphan/Library/Mobile Documents/com~apple~CloudDocs/src/running-app-mvp/middleware/rateLimiting.ts": {
    "path": "/Users/austinorphan/Library/Mobile Documents/com~apple~CloudDocs/src/running-app-mvp/middleware/rateLimiting.ts",
    "statementMap": {
      "0": { "start": { "line": 11, "column": 30 }, "end": { "line": 32, "column": 1 } },
      "1": { "start": { "line": 17, "column": 2 }, "end": { "line": 22, "column": 5 } },
      "2": { "start": { "line": 24, "column": 21 }, "end": { "line": 24, "column": 46 } },
      "3": { "start": { "line": 25, "column": 18 }, "end": { "line": 25, "column": 93 } },
      "4": { "start": { "line": 27, "column": 2 }, "end": { "line": 31, "column": 5 } },
      "5": { "start": { "line": 35, "column": 20 }, "end": { "line": 45, "column": 1 } },
      "6": { "start": { "line": 36, "column": 18 }, "end": { "line": 36, "column": 37 } },
      "7": { "start": { "line": 37, "column": 18 }, "end": { "line": 37, "column": 70 } },
      "8": { "start": { "line": 40, "column": 2 }, "end": { "line": 42, "column": 3 } },
      "9": { "start": { "line": 41, "column": 4 }, "end": { "line": 41, "column": 34 } },
      "10": { "start": { "line": 44, "column": 2 }, "end": { "line": 44, "column": 17 } },
      "11": { "start": { "line": 51, "column": 2 }, "end": { "line": 75, "column": 5 } },
      "12": { "start": { "line": 64, "column": 32 }, "end": { "line": 64, "column": 63 } },
      "13": { "start": { "line": 65, "column": 34 }, "end": { "line": 65, "column": 82 } },
      "14": { "start": { "line": 68, "column": 6 }, "end": { "line": 70, "column": 7 } },
      "15": { "start": { "line": 69, "column": 8 }, "end": { "line": 69, "column": 46 } },
      "16": { "start": { "line": 73, "column": 6 }, "end": { "line": 73, "column": 45 } },
      "17": { "start": { "line": 82, "column": 29 }, "end": { "line": 86, "column": 2 } },
      "18": { "start": { "line": 92, "column": 28 }, "end": { "line": 96, "column": 2 } },
      "19": { "start": { "line": 102, "column": 31 }, "end": { "line": 106, "column": 2 } },
      "20": { "start": { "line": 112, "column": 29 }, "end": { "line": 116, "column": 2 } },
      "21": { "start": { "line": 122, "column": 34 }, "end": { "line": 126, "column": 2 } },
      "22": { "start": { "line": 132, "column": 31 }, "end": { "line": 136, "column": 2 } },
      "23": { "start": { "line": 141, "column": 31 }, "end": { "line": 159, "column": 2 } },
      "24": { "start": { "line": 164, "column": 38 }, "end": { "line": 166, "column": 1 } },
      "25": { "start": { "line": 165, "column": 2 }, "end": { "line": 165, "column": 31 } }
    },
    "fnMap": {
      "0": {
        "name": "(anonymous_0)",
        "decl": { "start": { "line": 11, "column": 30 }, "end": { "line": 11, "column": null } },
        "loc": { "start": { "line": 16, "column": 4 }, "end": { "line": 32, "column": 1 } }
      },
      "1": {
        "name": "(anonymous_1)",
        "decl": { "start": { "line": 35, "column": 20 }, "end": { "line": 35, "column": 21 } },
        "loc": { "start": { "line": 35, "column": 45 }, "end": { "line": 45, "column": 1 } }
      },
      "2": {
        "name": "createRateLimitConfig",
        "decl": { "start": { "line": 50, "column": 9 }, "end": { "line": 50, "column": 30 } },
        "loc": { "start": { "line": 50, "column": 90 }, "end": { "line": 76, "column": 1 } }
      },
      "3": {
        "name": "(anonymous_3)",
        "decl": { "start": { "line": 63, "column": 10 }, "end": { "line": 63, "column": 11 } },
        "loc": { "start": { "line": 63, "column": 28 }, "end": { "line": 74, "column": 5 } }
      },
      "4": {
        "name": "(anonymous_4)",
        "decl": { "start": { "line": 164, "column": 38 }, "end": { "line": 164, "column": 39 } },
        "loc": { "start": { "line": 164, "column": 77 }, "end": { "line": 166, "column": 1 } }
      }
    },
    "branchMap": {
      "0": {
        "loc": { "start": { "line": 24, "column": 21 }, "end": { "line": 24, "column": 46 } },
        "type": "binary-expr",
        "locations": [
          { "start": { "line": 24, "column": 21 }, "end": { "line": 24, "column": 39 } },
          { "start": { "line": 24, "column": 43 }, "end": { "line": 24, "column": 46 } }
        ]
      },
      "1": {
        "loc": { "start": { "line": 25, "column": 18 }, "end": { "line": 25, "column": 93 } },
        "type": "binary-expr",
        "locations": [
          { "start": { "line": 25, "column": 18 }, "end": { "line": 25, "column": 33 } },
          { "start": { "line": 25, "column": 37 }, "end": { "line": 25, "column": 93 } }
        ]
      },
      "2": {
        "loc": { "start": { "line": 28, "column": 13 }, "end": { "line": 28, "column": 68 } },
        "type": "cond-expr",
        "locations": [
          { "start": { "line": 28, "column": 43 }, "end": { "line": 28, "column": 50 } },
          { "start": { "line": 28, "column": 53 }, "end": { "line": 28, "column": 68 } }
        ]
      },
      "3": {
        "loc": { "start": { "line": 36, "column": 18 }, "end": { "line": 36, "column": 37 } },
        "type": "binary-expr",
        "locations": [
          { "start": { "line": 36, "column": 18 }, "end": { "line": 36, "column": 24 } },
          { "start": { "line": 36, "column": 28 }, "end": { "line": 36, "column": 37 } }
        ]
      },
      "4": {
        "loc": { "start": { "line": 40, "column": 2 }, "end": { "line": 42, "column": 3 } },
        "type": "if",
        "locations": [
          { "start": { "line": 40, "column": 2 }, "end": { "line": 42, "column": 3 } },
          { "start": {}, "end": {} }
        ]
      },
      "5": {
        "loc": { "start": { "line": 68, "column": 6 }, "end": { "line": 70, "column": 7 } },
        "type": "if",
        "locations": [
          { "start": { "line": 68, "column": 6 }, "end": { "line": 70, "column": 7 } },
          { "start": {}, "end": {} }
        ]
      }
    },
    "s": {
      "0": 0,
      "1": 0,
      "2": 0,
      "3": 0,
      "4": 0,
      "5": 0,
      "6": 0,
      "7": 0,
      "8": 0,
      "9": 0,
      "10": 0,
      "11": 0,
      "12": 0,
      "13": 0,
      "14": 0,
      "15": 0,
      "16": 0,
      "17": 0,
      "18": 0,
      "19": 0,
      "20": 0,
      "21": 0,
      "22": 0,
      "23": 0,
      "24": 0,
      "25": 0
    },
    "f": { "0": 0, "1": 0, "2": 0, "3": 0, "4": 0 },
    "b": { "0": [0, 0], "1": [0, 0], "2": [0, 0], "3": [0, 0], "4": [0, 0], "5": [0, 0] }
  },
  "/Users/austinorphan/Library/Mobile Documents/com~apple~CloudDocs/src/running-app-mvp/middleware/requireAuth.ts": {
    "path": "/Users/austinorphan/Library/Mobile Documents/com~apple~CloudDocs/src/running-app-mvp/middleware/requireAuth.ts",
    "statementMap": {
      "0": { "start": { "line": 14, "column": 27 }, "end": { "line": 51, "column": 1 } },
      "1": { "start": { "line": 15, "column": 2 }, "end": { "line": 50, "column": 3 } },
      "2": { "start": { "line": 16, "column": 23 }, "end": { "line": 16, "column": 48 } },
      "3": { "start": { "line": 18, "column": 4 }, "end": { "line": 20, "column": 5 } },
      "4": { "start": { "line": 19, "column": 6 }, "end": { "line": 19, "column": 50 } },
      "5": { "start": { "line": 22, "column": 18 }, "end": { "line": 22, "column": 41 } },
      "6": { "start": { "line": 24, "column": 4 }, "end": { "line": 26, "column": 5 } },
      "7": { "start": { "line": 25, "column": 6 }, "end": { "line": 25, "column": 58 } },
      "8": { "start": { "line": 28, "column": 20 }, "end": { "line": 28, "column": null } },
      "9": { "start": { "line": 33, "column": 4 }, "end": { "line": 33, "column": 23 } },
      "10": { "start": { "line": 34, "column": 4 }, "end": { "line": 34, "column": 11 } },
      "11": { "start": { "line": 36, "column": 4 }, "end": { "line": 49, "column": 5 } },
      "12": { "start": { "line": 37, "column": 24 }, "end": { "line": 37, "column": 57 } },
      "13": { "start": { "line": 38, "column": 6 }, "end": { "line": 41, "column": 9 } },
      "14": { "start": { "line": 42, "column": 6 }, "end": { "line": 42, "column": 22 } },
      "15": { "start": { "line": 44, "column": 30 }, "end": { "line": 44, "column": 87 } },
      "16": { "start": { "line": 45, "column": 6 }, "end": { "line": 47, "column": 9 } },
      "17": { "start": { "line": 48, "column": 6 }, "end": { "line": 48, "column": 28 } }
    },
    "fnMap": {
      "0": {
        "name": "(anonymous_0)",
        "decl": { "start": { "line": 14, "column": 27 }, "end": { "line": 14, "column": 28 } },
        "loc": { "start": { "line": 14, "column": 89 }, "end": { "line": 51, "column": 1 } }
      }
    },
    "branchMap": {
      "0": {
        "loc": { "start": { "line": 18, "column": 4 }, "end": { "line": 20, "column": 5 } },
        "type": "if",
        "locations": [
          { "start": { "line": 18, "column": 4 }, "end": { "line": 20, "column": 5 } },
          { "start": {}, "end": {} }
        ]
      },
      "1": {
        "loc": { "start": { "line": 24, "column": 4 }, "end": { "line": 26, "column": 5 } },
        "type": "if",
        "locations": [
          { "start": { "line": 24, "column": 4 }, "end": { "line": 26, "column": 5 } },
          { "start": {}, "end": {} }
        ]
      },
      "2": {
        "loc": { "start": { "line": 36, "column": 4 }, "end": { "line": 49, "column": 5 } },
        "type": "if",
        "locations": [
          { "start": { "line": 36, "column": 4 }, "end": { "line": 49, "column": 5 } },
          { "start": { "line": 43, "column": 11 }, "end": { "line": 49, "column": 5 } }
        ]
      },
      "3": {
        "loc": { "start": { "line": 44, "column": 30 }, "end": { "line": 44, "column": 87 } },
        "type": "cond-expr",
        "locations": [
          { "start": { "line": 44, "column": 55 }, "end": { "line": 44, "column": 60 } },
          { "start": { "line": 44, "column": 63 }, "end": { "line": 44, "column": 87 } }
        ]
      }
    },
    "s": {
      "0": 0,
      "1": 0,
      "2": 0,
      "3": 0,
      "4": 0,
      "5": 0,
      "6": 0,
      "7": 0,
      "8": 0,
      "9": 0,
      "10": 0,
      "11": 0,
      "12": 0,
      "13": 0,
      "14": 0,
      "15": 0,
      "16": 0,
      "17": 0
    },
    "f": { "0": 0 },
    "b": { "0": [0, 0], "1": [0, 0], "2": [0, 0], "3": [0, 0] }
  },
  "/Users/austinorphan/Library/Mobile Documents/com~apple~CloudDocs/src/running-app-mvp/middleware/validateBody.ts": {
    "path": "/Users/austinorphan/Library/Mobile Documents/com~apple~CloudDocs/src/running-app-mvp/middleware/validateBody.ts",
    "statementMap": {
      "0": { "start": { "line": 13, "column": 28 }, "end": { "line": 81, "column": 1 } },
      "1": { "start": { "line": 14, "column": 2 }, "end": { "line": 80, "column": 4 } },
      "2": { "start": { "line": 15, "column": 4 }, "end": { "line": 79, "column": 5 } },
      "3": { "start": { "line": 16, "column": 31 }, "end": { "line": 16, "column": 33 } },
      "4": { "start": { "line": 18, "column": 6 }, "end": { "line": 70, "column": 7 } },
      "5": { "start": { "line": 19, "column": 22 }, "end": { "line": 19, "column": 42 } },
      "6": { "start": { "line": 21, "column": 8 }, "end": { "line": 24, "column": 9 } },
      "7": { "start": { "line": 22, "column": 10 }, "end": { "line": 22, "column": 51 } },
      "8": { "start": { "line": 23, "column": 10 }, "end": { "line": 23, "column": 19 } },
      "9": { "start": { "line": 26, "column": 8 }, "end": { "line": 28, "column": 9 } },
      "10": { "start": { "line": 27, "column": 10 }, "end": { "line": 27, "column": 19 } },
      "11": { "start": { "line": 30, "column": 8 }, "end": { "line": 53, "column": 9 } },
      "12": { "start": { "line": 31, "column": 10 }, "end": { "line": 52, "column": 11 } },
      "13": { "start": { "line": 33, "column": 14 }, "end": { "line": 35, "column": 15 } },
      "14": { "start": { "line": 34, "column": 16 }, "end": { "line": 34, "column": 62 } },
      "15": { "start": { "line": 36, "column": 14 }, "end": { "line": 36, "column": 20 } },
      "16": { "start": { "line": 38, "column": 14 }, "end": { "line": 40, "column": 15 } },
      "17": { "start": { "line": 39, "column": 16 }, "end": { "line": 39, "column": 62 } },
      "18": { "start": { "line": 41, "column": 14 }, "end": { "line": 41, "column": 20 } },
      "19": { "start": { "line": 43, "column": 14 }, "end": { "line": 45, "column": 15 } },
      "20": { "start": { "line": 44, "column": 16 }, "end": { "line": 44, "column": 63 } },
      "21": { "start": { "line": 46, "column": 14 }, "end": { "line": 46, "column": 20 } },
      "22": { "start": { "line": 48, "column": 14 }, "end": { "line": 50, "column": 15 } },
      "23": { "start": { "line": 49, "column": 16 }, "end": { "line": 49, "column": 66 } },
      "24": { "start": { "line": 51, "column": 14 }, "end": { "line": 51, "column": 20 } },
      "25": { "start": { "line": 55, "column": 8 }, "end": { "line": 61, "column": 9 } },
      "26": { "start": { "line": 56, "column": 10 }, "end": { "line": 60, "column": 11 } },
      "27": { "start": { "line": 57, "column": 12 }, "end": { "line": 57, "column": 70 } },
      "28": { "start": { "line": 58, "column": 17 }, "end": { "line": 60, "column": 11 } },
      "29": { "start": { "line": 59, "column": 12 }, "end": { "line": 59, "column": 81 } },
      "30": { "start": { "line": 63, "column": 8 }, "end": { "line": 69, "column": 9 } },
      "31": { "start": { "line": 64, "column": 10 }, "end": { "line": 68, "column": 11 } },
      "32": { "start": { "line": 65, "column": 12 }, "end": { "line": 65, "column": 69 } },
      "33": { "start": { "line": 66, "column": 17 }, "end": { "line": 68, "column": 11 } },
      "34": { "start": { "line": 67, "column": 12 }, "end": { "line": 67, "column": 80 } },
      "35": { "start": { "line": 72, "column": 6 }, "end": { "line": 74, "column": 7 } },
      "36": { "start": { "line": 73, "column": 8 }, "end": { "line": 73, "column": 74 } },
      "37": { "start": { "line": 76, "column": 6 }, "end": { "line": 76, "column": 13 } },
      "38": { "start": { "line": 78, "column": 6 }, "end": { "line": 78, "column": 18 } }
    },
    "fnMap": {
      "0": {
        "name": "(anonymous_0)",
        "decl": { "start": { "line": 13, "column": 28 }, "end": { "line": 13, "column": 29 } },
        "loc": { "start": { "line": 13, "column": 56 }, "end": { "line": 81, "column": 1 } }
      },
      "1": {
        "name": "(anonymous_1)",
        "decl": { "start": { "line": 14, "column": 9 }, "end": { "line": 14, "column": 10 } },
        "loc": { "start": { "line": 14, "column": 67 }, "end": { "line": 80, "column": 3 } }
      }
    },
    "branchMap": {
      "0": {
        "loc": { "start": { "line": 21, "column": 8 }, "end": { "line": 24, "column": 9 } },
        "type": "if",
        "locations": [
          { "start": { "line": 21, "column": 8 }, "end": { "line": 24, "column": 9 } },
          { "start": {}, "end": {} }
        ]
      },
      "1": {
        "loc": { "start": { "line": 21, "column": 12 }, "end": { "line": 21, "column": 84 } },
        "type": "binary-expr",
        "locations": [
          { "start": { "line": 21, "column": 12 }, "end": { "line": 21, "column": 25 } },
          { "start": { "line": 21, "column": 30 }, "end": { "line": 21, "column": 49 } },
          { "start": { "line": 21, "column": 53 }, "end": { "line": 21, "column": 67 } },
          { "start": { "line": 21, "column": 71 }, "end": { "line": 21, "column": 83 } }
        ]
      },
      "2": {
        "loc": { "start": { "line": 26, "column": 8 }, "end": { "line": 28, "column": 9 } },
        "type": "if",
        "locations": [
          { "start": { "line": 26, "column": 8 }, "end": { "line": 28, "column": 9 } },
          { "start": {}, "end": {} }
        ]
      },
      "3": {
        "loc": { "start": { "line": 26, "column": 12 }, "end": { "line": 26, "column": 49 } },
        "type": "binary-expr",
        "locations": [
          { "start": { "line": 26, "column": 12 }, "end": { "line": 26, "column": 31 } },
          { "start": { "line": 26, "column": 35 }, "end": { "line": 26, "column": 49 } }
        ]
      },
      "4": {
        "loc": { "start": { "line": 30, "column": 8 }, "end": { "line": 53, "column": 9 } },
        "type": "if",
        "locations": [
          { "start": { "line": 30, "column": 8 }, "end": { "line": 53, "column": 9 } },
          { "start": {}, "end": {} }
        ]
      },
      "5": {
        "loc": { "start": { "line": 31, "column": 10 }, "end": { "line": 52, "column": 11 } },
        "type": "switch",
        "locations": [
          { "start": { "line": 32, "column": 12 }, "end": { "line": 36, "column": 20 } },
          { "start": { "line": 37, "column": 12 }, "end": { "line": 41, "column": 20 } },
          { "start": { "line": 42, "column": 12 }, "end": { "line": 46, "column": 20 } },
          { "start": { "line": 47, "column": 12 }, "end": { "line": 51, "column": 20 } }
        ]
      },
      "6": {
        "loc": { "start": { "line": 33, "column": 14 }, "end": { "line": 35, "column": 15 } },
        "type": "if",
        "locations": [
          { "start": { "line": 33, "column": 14 }, "end": { "line": 35, "column": 15 } },
          { "start": {}, "end": {} }
        ]
      },
      "7": {
        "loc": { "start": { "line": 38, "column": 14 }, "end": { "line": 40, "column": 15 } },
        "type": "if",
        "locations": [
          { "start": { "line": 38, "column": 14 }, "end": { "line": 40, "column": 15 } },
          { "start": {}, "end": {} }
        ]
      },
      "8": {
        "loc": { "start": { "line": 38, "column": 18 }, "end": { "line": 38, "column": 67 } },
        "type": "binary-expr",
        "locations": [
          { "start": { "line": 38, "column": 18 }, "end": { "line": 38, "column": 43 } },
          { "start": { "line": 38, "column": 47 }, "end": { "line": 38, "column": 67 } }
        ]
      },
      "9": {
        "loc": { "start": { "line": 43, "column": 14 }, "end": { "line": 45, "column": 15 } },
        "type": "if",
        "locations": [
          { "start": { "line": 43, "column": 14 }, "end": { "line": 45, "column": 15 } },
          { "start": {}, "end": {} }
        ]
      },
      "10": {
        "loc": { "start": { "line": 48, "column": 14 }, "end": { "line": 50, "column": 15 } },
        "type": "if",
        "locations": [
          { "start": { "line": 48, "column": 14 }, "end": { "line": 50, "column": 15 } },
          { "start": {}, "end": {} }
        ]
      },
      "11": {
        "loc": { "start": { "line": 55, "column": 8 }, "end": { "line": 61, "column": 9 } },
        "type": "if",
        "locations": [
          { "start": { "line": 55, "column": 8 }, "end": { "line": 61, "column": 9 } },
          { "start": {}, "end": {} }
        ]
      },
      "12": {
        "loc": { "start": { "line": 56, "column": 10 }, "end": { "line": 60, "column": 11 } },
        "type": "if",
        "locations": [
          { "start": { "line": 56, "column": 10 }, "end": { "line": 60, "column": 11 } },
          { "start": { "line": 58, "column": 17 }, "end": { "line": 60, "column": 11 } }
        ]
      },
      "13": {
        "loc": { "start": { "line": 56, "column": 14 }, "end": { "line": 56, "column": 64 } },
        "type": "binary-expr",
        "locations": [
          { "start": { "line": 56, "column": 14 }, "end": { "line": 56, "column": 36 } },
          { "start": { "line": 56, "column": 40 }, "end": { "line": 56, "column": 64 } }
        ]
      },
      "14": {
        "loc": { "start": { "line": 58, "column": 17 }, "end": { "line": 60, "column": 11 } },
        "type": "if",
        "locations": [
          { "start": { "line": 58, "column": 17 }, "end": { "line": 60, "column": 11 } },
          { "start": {}, "end": {} }
        ]
      },
      "15": {
        "loc": { "start": { "line": 58, "column": 21 }, "end": { "line": 58, "column": 70 } },
        "type": "binary-expr",
        "locations": [
          { "start": { "line": 58, "column": 21 }, "end": { "line": 58, "column": 43 } },
          { "start": { "line": 58, "column": 47 }, "end": { "line": 58, "column": 70 } }
        ]
      },
      "16": {
        "loc": { "start": { "line": 63, "column": 8 }, "end": { "line": 69, "column": 9 } },
        "type": "if",
        "locations": [
          { "start": { "line": 63, "column": 8 }, "end": { "line": 69, "column": 9 } },
          { "start": {}, "end": {} }
        ]
      },
      "17": {
        "loc": { "start": { "line": 64, "column": 10 }, "end": { "line": 68, "column": 11 } },
        "type": "if",
        "locations": [
          { "start": { "line": 64, "column": 10 }, "end": { "line": 68, "column": 11 } },
          { "start": { "line": 66, "column": 17 }, "end": { "line": 68, "column": 11 } }
        ]
      },
      "18": {
        "loc": { "start": { "line": 64, "column": 14 }, "end": { "line": 64, "column": 64 } },
        "type": "binary-expr",
        "locations": [
          { "start": { "line": 64, "column": 14 }, "end": { "line": 64, "column": 36 } },
          { "start": { "line": 64, "column": 40 }, "end": { "line": 64, "column": 64 } }
        ]
      },
      "19": {
        "loc": { "start": { "line": 66, "column": 17 }, "end": { "line": 68, "column": 11 } },
        "type": "if",
        "locations": [
          { "start": { "line": 66, "column": 17 }, "end": { "line": 68, "column": 11 } },
          { "start": {}, "end": {} }
        ]
      },
      "20": {
        "loc": { "start": { "line": 66, "column": 21 }, "end": { "line": 66, "column": 70 } },
        "type": "binary-expr",
        "locations": [
          { "start": { "line": 66, "column": 21 }, "end": { "line": 66, "column": 43 } },
          { "start": { "line": 66, "column": 47 }, "end": { "line": 66, "column": 70 } }
        ]
      },
      "21": {
        "loc": { "start": { "line": 72, "column": 6 }, "end": { "line": 74, "column": 7 } },
        "type": "if",
        "locations": [
          { "start": { "line": 72, "column": 6 }, "end": { "line": 74, "column": 7 } },
          { "start": {}, "end": {} }
        ]
      }
    },
    "s": {
      "0": 0,
      "1": 0,
      "2": 0,
      "3": 0,
      "4": 0,
      "5": 0,
      "6": 0,
      "7": 0,
      "8": 0,
      "9": 0,
      "10": 0,
      "11": 0,
      "12": 0,
      "13": 0,
      "14": 0,
      "15": 0,
      "16": 0,
      "17": 0,
      "18": 0,
      "19": 0,
      "20": 0,
      "21": 0,
      "22": 0,
      "23": 0,
      "24": 0,
      "25": 0,
      "26": 0,
      "27": 0,
      "28": 0,
      "29": 0,
      "30": 0,
      "31": 0,
      "32": 0,
      "33": 0,
      "34": 0,
      "35": 0,
      "36": 0,
      "37": 0,
      "38": 0
    },
    "f": { "0": 0, "1": 0 },
    "b": {
      "0": [0, 0],
      "1": [0, 0, 0, 0],
      "2": [0, 0],
      "3": [0, 0],
      "4": [0, 0],
      "5": [0, 0, 0, 0],
      "6": [0, 0],
      "7": [0, 0],
      "8": [0, 0],
      "9": [0, 0],
      "10": [0, 0],
      "11": [0, 0],
      "12": [0, 0],
      "13": [0, 0],
      "14": [0, 0],
      "15": [0, 0],
      "16": [0, 0],
      "17": [0, 0],
      "18": [0, 0],
      "19": [0, 0],
      "20": [0, 0],
      "21": [0, 0]
    }
  },
  "/Users/austinorphan/Library/Mobile Documents/com~apple~CloudDocs/src/running-app-mvp/middleware/validation.ts": {
    "path": "/Users/austinorphan/Library/Mobile Documents/com~apple~CloudDocs/src/running-app-mvp/middleware/validation.ts",
    "statementMap": {
      "0": { "start": { "line": 11, "column": 20 }, "end": { "line": 11, "column": 81 } },
      "1": { "start": { "line": 14, "column": 23 }, "end": { "line": 21, "column": 80 } },
      "2": { "start": { "line": 22, "column": 29 }, "end": { "line": 22, "column": 77 } },
      "3": { "start": { "line": 23, "column": 19 }, "end": { "line": 23, "column": 93 } },
      "4": { "start": { "line": 23, "column": 45 }, "end": { "line": 23, "column": 69 } },
      "5": { "start": { "line": 24, "column": 19 }, "end": { "line": 24, "column": 55 } },
      "6": { "start": { "line": 27, "column": 30 }, "end": { "line": 30, "column": 2 } },
      "7": { "start": { "line": 32, "column": 27 }, "end": { "line": 35, "column": 2 } },
      "8": { "start": { "line": 38, "column": 31 }, "end": { "line": 45, "column": 2 } },
      "9": { "start": { "line": 47, "column": 31 }, "end": { "line": 54, "column": 2 } },
      "10": { "start": { "line": 57, "column": 32 }, "end": { "line": 68, "column": 2 } },
      "11": { "start": { "line": 70, "column": 32 }, "end": { "line": 82, "column": 2 } },
      "12": { "start": { "line": 85, "column": 32 }, "end": { "line": 122, "column": 4 } },
      "13": { "start": { "line": 99, "column": 23 }, "end": { "line": 99, "column": 55 } },
      "14": { "start": { "line": 102, "column": 23 }, "end": { "line": 102, "column": 57 } },
      "15": { "start": { "line": 119, "column": 18 }, "end": { "line": 119, "column": 67 } },
      "16": { "start": { "line": 124, "column": 32 }, "end": { "line": 175, "column": null } },
      "17": { "start": { "line": 140, "column": 25 }, "end": { "line": 140, "column": 57 } },
      "18": { "start": { "line": 145, "column": 25 }, "end": { "line": 145, "column": 59 } },
      "19": { "start": { "line": 167, "column": 6 }, "end": { "line": 169, "column": 7 } },
      "20": { "start": { "line": 168, "column": 8 }, "end": { "line": 168, "column": 65 } },
      "21": { "start": { "line": 170, "column": 6 }, "end": { "line": 170, "column": 18 } },
      "22": { "start": { "line": 179, "column": 29 }, "end": { "line": 181, "column": 2 } },
      "23": { "start": { "line": 184, "column": 32 }, "end": { "line": 186, "column": 2 } },
      "24": { "start": { "line": 195, "column": 2 }, "end": { "line": 215, "column": 4 } },
      "25": { "start": { "line": 196, "column": 4 }, "end": { "line": 214, "column": 5 } },
      "26": { "start": { "line": 197, "column": 29 }, "end": { "line": 197, "column": 40 } },
      "27": { "start": { "line": 198, "column": 21 }, "end": { "line": 198, "column": 53 } },
      "28": { "start": { "line": 200, "column": 6 }, "end": { "line": 207, "column": 7 } },
      "29": { "start": { "line": 201, "column": 30 }, "end": { "line": 204, "column": 10 } },
      "30": { "start": { "line": 202, "column": 23 }, "end": { "line": 202, "column": 77 } },
      "31": { "start": { "line": 203, "column": 10 }, "end": { "line": 203, "column": 45 } },
      "32": { "start": { "line": 206, "column": 8 }, "end": { "line": 206, "column": 81 } },
      "33": { "start": { "line": 210, "column": 7 }, "end": { "line": 210, "column": 71 } },
      "34": { "start": { "line": 211, "column": 6 }, "end": { "line": 211, "column": 13 } },
      "35": { "start": { "line": 213, "column": 6 }, "end": { "line": 213, "column": 18 } },
      "36": { "start": { "line": 223, "column": 28 }, "end": { "line": 223, "column": 88 } },
      "37": { "start": { "line": 223, "column": 57 }, "end": { "line": 223, "column": 88 } },
      "38": { "start": { "line": 224, "column": 30 }, "end": { "line": 224, "column": 92 } },
      "39": { "start": { "line": 224, "column": 59 }, "end": { "line": 224, "column": 92 } },
      "40": { "start": { "line": 225, "column": 29 }, "end": { "line": 225, "column": 90 } },
      "41": { "start": { "line": 225, "column": 58 }, "end": { "line": 225, "column": 90 } },
      "42": { "start": { "line": 228, "column": 32 }, "end": { "line": 228, "column": 60 } },
      "43": { "start": { "line": 229, "column": 29 }, "end": { "line": 229, "column": 54 } },
      "44": { "start": { "line": 230, "column": 33 }, "end": { "line": 230, "column": 62 } },
      "45": { "start": { "line": 231, "column": 33 }, "end": { "line": 231, "column": 62 } },
      "46": { "start": { "line": 232, "column": 34 }, "end": { "line": 232, "column": 64 } },
      "47": { "start": { "line": 233, "column": 34 }, "end": { "line": 233, "column": 64 } },
      "48": { "start": { "line": 234, "column": 34 }, "end": { "line": 234, "column": 64 } },
      "49": { "start": { "line": 235, "column": 34 }, "end": { "line": 235, "column": 64 } },
      "50": { "start": { "line": 236, "column": 31 }, "end": { "line": 236, "column": 60 } },
      "51": { "start": { "line": 237, "column": 34 }, "end": { "line": 237, "column": 65 } },
      "52": { "start": { "line": 243, "column": 29 }, "end": { "line": 259, "column": 1 } },
      "53": { "start": { "line": 244, "column": 2 }, "end": { "line": 258, "column": 3 } },
      "54": { "start": { "line": 246, "column": 4 }, "end": { "line": 248, "column": 5 } },
      "55": { "start": { "line": 247, "column": 6 }, "end": { "line": 247, "column": 42 } },
      "56": { "start": { "line": 251, "column": 4 }, "end": { "line": 253, "column": 5 } },
      "57": { "start": { "line": 252, "column": 6 }, "end": { "line": 252, "column": 64 } },
      "58": { "start": { "line": 255, "column": 4 }, "end": { "line": 255, "column": 11 } },
      "59": { "start": { "line": 257, "column": 4 }, "end": { "line": 257, "column": 56 } },
      "60": { "start": { "line": 265, "column": 2 }, "end": { "line": 267, "column": 3 } },
      "61": { "start": { "line": 266, "column": 4 }, "end": { "line": 266, "column": 31 } },
      "62": { "start": { "line": 269, "column": 2 }, "end": { "line": 271, "column": 3 } },
      "63": { "start": { "line": 270, "column": 4 }, "end": { "line": 270, "column": 35 } },
      "64": { "start": { "line": 273, "column": 2 }, "end": { "line": 279, "column": 3 } },
      "65": { "start": { "line": 274, "column": 47 }, "end": { "line": 274, "column": 49 } },
      "66": { "start": { "line": 275, "column": 4 }, "end": { "line": 277, "column": 5 } },
      "67": { "start": { "line": 276, "column": 6 }, "end": { "line": 276, "column": 45 } },
      "68": { "start": { "line": 278, "column": 4 }, "end": { "line": 278, "column": 21 } },
      "69": { "start": { "line": 281, "column": 2 }, "end": { "line": 281, "column": 13 } },
      "70": { "start": { "line": 288, "column": 2 }, "end": { "line": 288, "column": 42 } },
      "71": { "start": { "line": 288, "column": 31 }, "end": { "line": 288, "column": 42 } },
      "72": { "start": { "line": 290, "column": 2 }, "end": { "line": 299, "column": 4 } },
      "73": { "start": { "line": 305, "column": 31 }, "end": { "line": 316, "column": 1 } },
      "74": { "start": { "line": 307, "column": 2 }, "end": { "line": 307, "column": 53 } },
      "75": { "start": { "line": 310, "column": 2 }, "end": { "line": 310, "column": 43 } },
      "76": { "start": { "line": 313, "column": 2 }, "end": { "line": 313, "column": 70 } },
      "77": { "start": { "line": 315, "column": 2 }, "end": { "line": 315, "column": 9 } }
    },
    "fnMap": {
      "0": {
        "name": "(anonymous_0)",
        "decl": { "start": { "line": 23, "column": 37 }, "end": { "line": 23, "column": 41 } },
        "loc": { "start": { "line": 23, "column": 45 }, "end": { "line": 23, "column": 69 } }
      },
      "1": {
        "name": "(anonymous_1)",
        "decl": { "start": { "line": 99, "column": 16 }, "end": { "line": 99, "column": 19 } },
        "loc": { "start": { "line": 99, "column": 23 }, "end": { "line": 99, "column": 55 } }
      },
      "2": {
        "name": "(anonymous_2)",
        "decl": { "start": { "line": 102, "column": 16 }, "end": { "line": 102, "column": 19 } },
        "loc": { "start": { "line": 102, "column": 23 }, "end": { "line": 102, "column": 57 } }
      },
      "3": {
        "name": "(anonymous_3)",
        "decl": { "start": { "line": 119, "column": 10 }, "end": { "line": 119, "column": 14 } },
        "loc": { "start": { "line": 119, "column": 18 }, "end": { "line": 119, "column": 67 } }
      },
      "4": {
        "name": "(anonymous_4)",
        "decl": { "start": { "line": 140, "column": 18 }, "end": { "line": 140, "column": 21 } },
        "loc": { "start": { "line": 140, "column": 25 }, "end": { "line": 140, "column": 57 } }
      },
      "5": {
        "name": "(anonymous_5)",
        "decl": { "start": { "line": 145, "column": 18 }, "end": { "line": 145, "column": 21 } },
        "loc": { "start": { "line": 145, "column": 25 }, "end": { "line": 145, "column": 59 } }
      },
      "6": {
        "name": "(anonymous_6)",
        "decl": { "start": { "line": 166, "column": 4 }, "end": { "line": 166, "column": 8 } },
        "loc": { "start": { "line": 166, "column": 11 }, "end": { "line": 171, "column": 5 } }
      },
      "7": {
        "name": "validateRequest",
        "decl": { "start": { "line": 191, "column": 16 }, "end": { "line": 191, "column": 31 } },
        "loc": { "start": { "line": 193, "column": 46 }, "end": { "line": 216, "column": 1 } }
      },
      "8": {
        "name": "(anonymous_8)",
        "decl": { "start": { "line": 195, "column": 9 }, "end": { "line": 195, "column": 10 } },
        "loc": { "start": { "line": 195, "column": 67 }, "end": { "line": 215, "column": 3 } }
      },
      "9": {
        "name": "(anonymous_9)",
        "decl": { "start": { "line": 201, "column": 54 }, "end": { "line": 201, "column": 59 } },
        "loc": { "start": { "line": 201, "column": 62 }, "end": { "line": 204, "column": 9 } }
      },
      "10": {
        "name": "(anonymous_10)",
        "decl": { "start": { "line": 223, "column": 28 }, "end": { "line": 223, "column": 32 } },
        "loc": { "start": { "line": 223, "column": 57 }, "end": { "line": 223, "column": 88 } }
      },
      "11": {
        "name": "(anonymous_11)",
        "decl": { "start": { "line": 224, "column": 30 }, "end": { "line": 224, "column": 34 } },
        "loc": { "start": { "line": 224, "column": 59 }, "end": { "line": 224, "column": 92 } }
      },
      "12": {
        "name": "(anonymous_12)",
        "decl": { "start": { "line": 225, "column": 29 }, "end": { "line": 225, "column": 33 } },
        "loc": { "start": { "line": 225, "column": 58 }, "end": { "line": 225, "column": 90 } }
      },
      "13": {
        "name": "(anonymous_13)",
        "decl": { "start": { "line": 243, "column": 29 }, "end": { "line": 243, "column": 30 } },
        "loc": { "start": { "line": 243, "column": 87 }, "end": { "line": 259, "column": 1 } }
      },
      "14": {
        "name": "sanitizeObject",
        "decl": { "start": { "line": 264, "column": 9 }, "end": { "line": 264, "column": 23 } },
        "loc": { "start": { "line": 264, "column": 36 }, "end": { "line": 282, "column": 1 } }
      },
      "15": {
        "name": "sanitizeString",
        "decl": { "start": { "line": 287, "column": 9 }, "end": { "line": 287, "column": 23 } },
        "loc": { "start": { "line": 287, "column": 35 }, "end": { "line": 300, "column": 1 } }
      },
      "16": {
        "name": "(anonymous_16)",
        "decl": { "start": { "line": 305, "column": 31 }, "end": { "line": 305, "column": 32 } },
        "loc": { "start": { "line": 305, "column": 89 }, "end": { "line": 316, "column": 1 } }
      }
    },
    "branchMap": {
      "0": {
        "loc": { "start": { "line": 167, "column": 6 }, "end": { "line": 169, "column": 7 } },
        "type": "if",
        "locations": [
          { "start": { "line": 167, "column": 6 }, "end": { "line": 169, "column": 7 } },
          { "start": {}, "end": {} }
        ]
      },
      "1": {
        "loc": { "start": { "line": 167, "column": 10 }, "end": { "line": 167, "column": 40 } },
        "type": "binary-expr",
        "locations": [
          { "start": { "line": 167, "column": 10 }, "end": { "line": 167, "column": 24 } },
          { "start": { "line": 167, "column": 28 }, "end": { "line": 167, "column": 40 } }
        ]
      },
      "2": {
        "loc": { "start": { "line": 193, "column": 2 }, "end": { "line": 193, "column": 46 } },
        "type": "default-arg",
        "locations": [
          { "start": { "line": 193, "column": 40 }, "end": { "line": 193, "column": 46 } }
        ]
      },
      "3": {
        "loc": { "start": { "line": 200, "column": 6 }, "end": { "line": 207, "column": 7 } },
        "type": "if",
        "locations": [
          { "start": { "line": 200, "column": 6 }, "end": { "line": 207, "column": 7 } },
          { "start": {}, "end": {} }
        ]
      },
      "4": {
        "loc": { "start": { "line": 202, "column": 23 }, "end": { "line": 202, "column": 77 } },
        "type": "cond-expr",
        "locations": [
          { "start": { "line": 202, "column": 47 }, "end": { "line": 202, "column": 67 } },
          { "start": { "line": 202, "column": 70 }, "end": { "line": 202, "column": 77 } }
        ]
      },
      "5": {
        "loc": { "start": { "line": 246, "column": 4 }, "end": { "line": 248, "column": 5 } },
        "type": "if",
        "locations": [
          { "start": { "line": 246, "column": 4 }, "end": { "line": 248, "column": 5 } },
          { "start": {}, "end": {} }
        ]
      },
      "6": {
        "loc": { "start": { "line": 246, "column": 8 }, "end": { "line": 246, "column": 48 } },
        "type": "binary-expr",
        "locations": [
          { "start": { "line": 246, "column": 8 }, "end": { "line": 246, "column": 16 } },
          { "start": { "line": 246, "column": 20 }, "end": { "line": 246, "column": 48 } }
        ]
      },
      "7": {
        "loc": { "start": { "line": 251, "column": 4 }, "end": { "line": 253, "column": 5 } },
        "type": "if",
        "locations": [
          { "start": { "line": 251, "column": 4 }, "end": { "line": 253, "column": 5 } },
          { "start": {}, "end": {} }
        ]
      },
      "8": {
        "loc": { "start": { "line": 251, "column": 8 }, "end": { "line": 251, "column": 50 } },
        "type": "binary-expr",
        "locations": [
          { "start": { "line": 251, "column": 8 }, "end": { "line": 251, "column": 17 } },
          { "start": { "line": 251, "column": 21 }, "end": { "line": 251, "column": 50 } }
        ]
      },
      "9": {
        "loc": { "start": { "line": 265, "column": 2 }, "end": { "line": 267, "column": 3 } },
        "type": "if",
        "locations": [
          { "start": { "line": 265, "column": 2 }, "end": { "line": 267, "column": 3 } },
          { "start": {}, "end": {} }
        ]
      },
      "10": {
        "loc": { "start": { "line": 269, "column": 2 }, "end": { "line": 271, "column": 3 } },
        "type": "if",
        "locations": [
          { "start": { "line": 269, "column": 2 }, "end": { "line": 271, "column": 3 } },
          { "start": {}, "end": {} }
        ]
      },
      "11": {
        "loc": { "start": { "line": 273, "column": 2 }, "end": { "line": 279, "column": 3 } },
        "type": "if",
        "locations": [
          { "start": { "line": 273, "column": 2 }, "end": { "line": 279, "column": 3 } },
          { "start": {}, "end": {} }
        ]
      },
      "12": {
        "loc": { "start": { "line": 273, "column": 6 }, "end": { "line": 273, "column": 36 } },
        "type": "binary-expr",
        "locations": [
          { "start": { "line": 273, "column": 6 }, "end": { "line": 273, "column": 9 } },
          { "start": { "line": 273, "column": 13 }, "end": { "line": 273, "column": 36 } }
        ]
      },
      "13": {
        "loc": { "start": { "line": 288, "column": 2 }, "end": { "line": 288, "column": 42 } },
        "type": "if",
        "locations": [
          { "start": { "line": 288, "column": 2 }, "end": { "line": 288, "column": 42 } },
          { "start": {}, "end": {} }
        ]
      }
    },
    "s": {
      "0": 0,
      "1": 0,
      "2": 0,
      "3": 0,
      "4": 0,
      "5": 0,
      "6": 0,
      "7": 0,
      "8": 0,
      "9": 0,
      "10": 0,
      "11": 0,
      "12": 0,
      "13": 0,
      "14": 0,
      "15": 0,
      "16": 0,
      "17": 0,
      "18": 0,
      "19": 0,
      "20": 0,
      "21": 0,
      "22": 0,
      "23": 0,
      "24": 0,
      "25": 0,
      "26": 0,
      "27": 0,
      "28": 0,
      "29": 0,
      "30": 0,
      "31": 0,
      "32": 0,
      "33": 0,
      "34": 0,
      "35": 0,
      "36": 0,
      "37": 0,
      "38": 0,
      "39": 0,
      "40": 0,
      "41": 0,
      "42": 0,
      "43": 0,
      "44": 0,
      "45": 0,
      "46": 0,
      "47": 0,
      "48": 0,
      "49": 0,
      "50": 0,
      "51": 0,
      "52": 0,
      "53": 0,
      "54": 0,
      "55": 0,
      "56": 0,
      "57": 0,
      "58": 0,
      "59": 0,
      "60": 0,
      "61": 0,
      "62": 0,
      "63": 0,
      "64": 0,
      "65": 0,
      "66": 0,
      "67": 0,
      "68": 0,
      "69": 0,
      "70": 0,
      "71": 0,
      "72": 0,
      "73": 0,
      "74": 0,
      "75": 0,
      "76": 0,
      "77": 0
    },
    "f": {
      "0": 0,
      "1": 0,
      "2": 0,
      "3": 0,
      "4": 0,
      "5": 0,
      "6": 0,
      "7": 0,
      "8": 0,
      "9": 0,
      "10": 0,
      "11": 0,
      "12": 0,
      "13": 0,
      "14": 0,
      "15": 0,
      "16": 0
    },
    "b": {
      "0": [0, 0],
      "1": [0, 0],
      "2": [0],
      "3": [0, 0],
      "4": [0, 0],
      "5": [0, 0],
      "6": [0, 0],
      "7": [0, 0],
      "8": [0, 0],
      "9": [0, 0],
      "10": [0, 0],
      "11": [0, 0],
      "12": [0, 0],
      "13": [0, 0]
    }
  },
  "/Users/austinorphan/Library/Mobile Documents/com~apple~CloudDocs/src/running-app-mvp/routes/auth.ts": {
    "path": "/Users/austinorphan/Library/Mobile Documents/com~apple~CloudDocs/src/running-app-mvp/routes/auth.ts",
    "statementMap": {
      "0": { "start": { "line": 22, "column": 15 }, "end": { "line": 22, "column": 31 } },
      "1": { "start": { "line": 23, "column": 15 }, "end": { "line": 23, "column": 33 } },
      "2": { "start": { "line": 26, "column": 0 }, "end": { "line": 26, "column": 26 } },
      "3": { "start": { "line": 29, "column": 0 }, "end": { "line": 29, "column": 28 } },
      "4": { "start": { "line": 32, "column": 0 }, "end": { "line": 32, "column": 26 } },
      "5": { "start": { "line": 35, "column": 0 }, "end": { "line": 37, "column": 3 } },
      "6": { "start": { "line": 36, "column": 2 }, "end": { "line": 36, "column": 88 } },
      "7": { "start": { "line": 40, "column": 0 }, "end": { "line": 91, "column": 2 } },
      "8": { "start": { "line": 44, "column": 32 }, "end": { "line": 44, "column": 40 } },
      "9": { "start": { "line": 47, "column": 25 }, "end": { "line": 49, "column": 6 } },
      "10": { "start": { "line": 51, "column": 4 }, "end": { "line": 53, "column": 5 } },
      "11": { "start": { "line": 52, "column": 6 }, "end": { "line": 52, "column": 66 } },
      "12": { "start": { "line": 56, "column": 27 }, "end": { "line": 56, "column": 58 } },
      "13": { "start": { "line": 59, "column": 17 }, "end": { "line": 64, "column": 6 } },
      "14": { "start": { "line": 66, "column": 4 }, "end": { "line": 66, "column": 55 } },
      "15": { "start": { "line": 69, "column": 4 }, "end": { "line": 71, "column": 5 } },
      "16": { "start": { "line": 70, "column": 6 }, "end": { "line": 70, "column": 58 } },
      "17": { "start": { "line": 73, "column": 24 }, "end": { "line": 75, "column": 6 } },
      "18": { "start": { "line": 77, "column": 25 }, "end": { "line": 79, "column": 6 } },
      "19": { "start": { "line": 81, "column": 4 }, "end": { "line": 89, "column": 7 } },
      "20": { "start": { "line": 94, "column": 0 }, "end": { "line": 140, "column": 2 } },
      "21": { "start": { "line": 98, "column": 32 }, "end": { "line": 98, "column": 40 } },
      "22": { "start": { "line": 101, "column": 17 }, "end": { "line": 103, "column": 6 } },
      "23": { "start": { "line": 105, "column": 4 }, "end": { "line": 107, "column": 5 } },
      "24": { "start": { "line": 106, "column": 6 }, "end": { "line": 106, "column": 59 } },
      "25": { "start": { "line": 110, "column": 28 }, "end": { "line": 110, "column": 73 } },
      "26": { "start": { "line": 111, "column": 4 }, "end": { "line": 113, "column": 5 } },
      "27": { "start": { "line": 112, "column": 6 }, "end": { "line": 112, "column": 59 } },
      "28": { "start": { "line": 115, "column": 4 }, "end": { "line": 115, "column": 48 } },
      "29": { "start": { "line": 118, "column": 4 }, "end": { "line": 120, "column": 5 } },
      "30": { "start": { "line": 119, "column": 6 }, "end": { "line": 119, "column": 58 } },
      "31": { "start": { "line": 122, "column": 24 }, "end": { "line": 124, "column": 6 } },
      "32": { "start": { "line": 126, "column": 25 }, "end": { "line": 128, "column": 6 } },
      "33": { "start": { "line": 130, "column": 4 }, "end": { "line": 138, "column": 7 } },
      "34": { "start": { "line": 143, "column": 0 }, "end": { "line": 164, "column": 2 } },
      "35": { "start": { "line": 148, "column": 19 }, "end": { "line": 148, "column": 31 } },
      "36": { "start": { "line": 149, "column": 4 }, "end": { "line": 151, "column": 5 } },
      "37": { "start": { "line": 150, "column": 6 }, "end": { "line": 150, "column": 53 } },
      "38": { "start": { "line": 153, "column": 17 }, "end": { "line": 156, "column": 6 } },
      "39": { "start": { "line": 158, "column": 4 }, "end": { "line": 160, "column": 5 } },
      "40": { "start": { "line": 159, "column": 6 }, "end": { "line": 159, "column": 53 } },
      "41": { "start": { "line": 162, "column": 4 }, "end": { "line": 162, "column": 23 } },
      "42": { "start": { "line": 167, "column": 0 }, "end": { "line": 226, "column": 2 } },
      "43": { "start": { "line": 170, "column": 29 }, "end": { "line": 170, "column": 37 } },
      "44": { "start": { "line": 172, "column": 4 }, "end": { "line": 174, "column": 5 } },
      "45": { "start": { "line": 173, "column": 6 }, "end": { "line": 173, "column": 62 } },
      "46": { "start": { "line": 176, "column": 4 }, "end": { "line": 178, "column": 5 } },
      "47": { "start": { "line": 177, "column": 6 }, "end": { "line": 177, "column": 58 } },
      "48": { "start": { "line": 180, "column": 4 }, "end": { "line": 224, "column": 5 } },
      "49": { "start": { "line": 182, "column": 22 }, "end": { "line": 182, "column": null } },
      "50": { "start": { "line": 188, "column": 6 }, "end": { "line": 190, "column": 7 } },
      "51": { "start": { "line": 189, "column": 8 }, "end": { "line": 189, "column": 63 } },
      "52": { "start": { "line": 193, "column": 19 }, "end": { "line": 196, "column": 8 } },
      "53": { "start": { "line": 198, "column": 6 }, "end": { "line": 200, "column": 7 } },
      "54": { "start": { "line": 199, "column": 8 }, "end": { "line": 199, "column": 56 } },
      "55": { "start": { "line": 203, "column": 29 }, "end": { "line": 205, "column": 8 } },
      "56": { "start": { "line": 208, "column": 30 }, "end": { "line": 210, "column": 8 } },
      "57": { "start": { "line": 212, "column": 6 }, "end": { "line": 212, "column": 63 } },
      "58": { "start": { "line": 214, "column": 6 }, "end": { "line": 218, "column": 9 } },
      "59": { "start": { "line": 220, "column": 6 }, "end": { "line": 222, "column": 7 } },
      "60": { "start": { "line": 221, "column": 8 }, "end": { "line": 221, "column": 63 } },
      "61": { "start": { "line": 223, "column": 6 }, "end": { "line": 223, "column": 18 } }
    },
    "fnMap": {
      "0": {
        "name": "(anonymous_0)",
        "decl": { "start": { "line": 35, "column": 20 }, "end": { "line": 35, "column": 21 } },
        "loc": { "start": { "line": 35, "column": 33 }, "end": { "line": 37, "column": 1 } }
      },
      "1": {
        "name": "(anonymous_1)",
        "decl": { "start": { "line": 43, "column": 15 }, "end": { "line": 43, "column": 20 } },
        "loc": { "start": { "line": 43, "column": 34 }, "end": { "line": 90, "column": 3 } }
      },
      "2": {
        "name": "(anonymous_2)",
        "decl": { "start": { "line": 97, "column": 15 }, "end": { "line": 97, "column": 20 } },
        "loc": { "start": { "line": 97, "column": 34 }, "end": { "line": 139, "column": 3 } }
      },
      "3": {
        "name": "(anonymous_3)",
        "decl": { "start": { "line": 146, "column": 19 }, "end": { "line": 146, "column": 24 } },
        "loc": { "start": { "line": 146, "column": 51 }, "end": { "line": 163, "column": 3 } }
      },
      "4": {
        "name": "(anonymous_4)",
        "decl": { "start": { "line": 169, "column": 15 }, "end": { "line": 169, "column": 20 } },
        "loc": { "start": { "line": 169, "column": 34 }, "end": { "line": 225, "column": 3 } }
      }
    },
    "branchMap": {
      "0": {
        "loc": { "start": { "line": 51, "column": 4 }, "end": { "line": 53, "column": 5 } },
        "type": "if",
        "locations": [
          { "start": { "line": 51, "column": 4 }, "end": { "line": 53, "column": 5 } },
          { "start": {}, "end": {} }
        ]
      },
      "1": {
        "loc": { "start": { "line": 69, "column": 4 }, "end": { "line": 71, "column": 5 } },
        "type": "if",
        "locations": [
          { "start": { "line": 69, "column": 4 }, "end": { "line": 71, "column": 5 } },
          { "start": {}, "end": {} }
        ]
      },
      "2": {
        "loc": { "start": { "line": 105, "column": 4 }, "end": { "line": 107, "column": 5 } },
        "type": "if",
        "locations": [
          { "start": { "line": 105, "column": 4 }, "end": { "line": 107, "column": 5 } },
          { "start": {}, "end": {} }
        ]
      },
      "3": {
        "loc": { "start": { "line": 111, "column": 4 }, "end": { "line": 113, "column": 5 } },
        "type": "if",
        "locations": [
          { "start": { "line": 111, "column": 4 }, "end": { "line": 113, "column": 5 } },
          { "start": {}, "end": {} }
        ]
      },
      "4": {
        "loc": { "start": { "line": 118, "column": 4 }, "end": { "line": 120, "column": 5 } },
        "type": "if",
        "locations": [
          { "start": { "line": 118, "column": 4 }, "end": { "line": 120, "column": 5 } },
          { "start": {}, "end": {} }
        ]
      },
      "5": {
        "loc": { "start": { "line": 149, "column": 4 }, "end": { "line": 151, "column": 5 } },
        "type": "if",
        "locations": [
          { "start": { "line": 149, "column": 4 }, "end": { "line": 151, "column": 5 } },
          { "start": {}, "end": {} }
        ]
      },
      "6": {
        "loc": { "start": { "line": 158, "column": 4 }, "end": { "line": 160, "column": 5 } },
        "type": "if",
        "locations": [
          { "start": { "line": 158, "column": 4 }, "end": { "line": 160, "column": 5 } },
          { "start": {}, "end": {} }
        ]
      },
      "7": {
        "loc": { "start": { "line": 172, "column": 4 }, "end": { "line": 174, "column": 5 } },
        "type": "if",
        "locations": [
          { "start": { "line": 172, "column": 4 }, "end": { "line": 174, "column": 5 } },
          { "start": {}, "end": {} }
        ]
      },
      "8": {
        "loc": { "start": { "line": 176, "column": 4 }, "end": { "line": 178, "column": 5 } },
        "type": "if",
        "locations": [
          { "start": { "line": 176, "column": 4 }, "end": { "line": 178, "column": 5 } },
          { "start": {}, "end": {} }
        ]
      },
      "9": {
        "loc": { "start": { "line": 188, "column": 6 }, "end": { "line": 190, "column": 7 } },
        "type": "if",
        "locations": [
          { "start": { "line": 188, "column": 6 }, "end": { "line": 190, "column": 7 } },
          { "start": {}, "end": {} }
        ]
      },
      "10": {
        "loc": { "start": { "line": 198, "column": 6 }, "end": { "line": 200, "column": 7 } },
        "type": "if",
        "locations": [
          { "start": { "line": 198, "column": 6 }, "end": { "line": 200, "column": 7 } },
          { "start": {}, "end": {} }
        ]
      },
      "11": {
        "loc": { "start": { "line": 220, "column": 6 }, "end": { "line": 222, "column": 7 } },
        "type": "if",
        "locations": [
          { "start": { "line": 220, "column": 6 }, "end": { "line": 222, "column": 7 } },
          { "start": {}, "end": {} }
        ]
      }
    },
    "s": {
      "0": 0,
      "1": 0,
      "2": 0,
      "3": 0,
      "4": 0,
      "5": 0,
      "6": 0,
      "7": 0,
      "8": 0,
      "9": 0,
      "10": 0,
      "11": 0,
      "12": 0,
      "13": 0,
      "14": 0,
      "15": 0,
      "16": 0,
      "17": 0,
      "18": 0,
      "19": 0,
      "20": 0,
      "21": 0,
      "22": 0,
      "23": 0,
      "24": 0,
      "25": 0,
      "26": 0,
      "27": 0,
      "28": 0,
      "29": 0,
      "30": 0,
      "31": 0,
      "32": 0,
      "33": 0,
      "34": 0,
      "35": 0,
      "36": 0,
      "37": 0,
      "38": 0,
      "39": 0,
      "40": 0,
      "41": 0,
      "42": 0,
      "43": 0,
      "44": 0,
      "45": 0,
      "46": 0,
      "47": 0,
      "48": 0,
      "49": 0,
      "50": 0,
      "51": 0,
      "52": 0,
      "53": 0,
      "54": 0,
      "55": 0,
      "56": 0,
      "57": 0,
      "58": 0,
      "59": 0,
      "60": 0,
      "61": 0
    },
    "f": { "0": 0, "1": 0, "2": 0, "3": 0, "4": 0 },
    "b": {
      "0": [0, 0],
      "1": [0, 0],
      "2": [0, 0],
      "3": [0, 0],
      "4": [0, 0],
      "5": [0, 0],
      "6": [0, 0],
      "7": [0, 0],
      "8": [0, 0],
      "9": [0, 0],
      "10": [0, 0],
      "11": [0, 0]
    }
  },
  "/Users/austinorphan/Library/Mobile Documents/com~apple~CloudDocs/src/running-app-mvp/routes/goals.ts": {
    "path": "/Users/austinorphan/Library/Mobile Documents/com~apple~CloudDocs/src/running-app-mvp/routes/goals.ts",
    "statementMap": {
      "0": { "start": { "line": 10, "column": 15 }, "end": { "line": 10, "column": 31 } },
      "1": { "start": { "line": 13, "column": 0 }, "end": { "line": 13, "column": 26 } },
      "2": { "start": { "line": 16, "column": 0 }, "end": { "line": 33, "column": 2 } },
      "3": { "start": { "line": 20, "column": 18 }, "end": { "line": 29, "column": 6 } },
      "4": { "start": { "line": 31, "column": 4 }, "end": { "line": 31, "column": 20 } },
      "5": { "start": { "line": 36, "column": 0 }, "end": { "line": 51, "column": 2 } },
      "6": { "start": { "line": 41, "column": 17 }, "end": { "line": 43, "column": 6 } },
      "7": { "start": { "line": 45, "column": 4 }, "end": { "line": 47, "column": 5 } },
      "8": { "start": { "line": 46, "column": 6 }, "end": { "line": 46, "column": 40 } },
      "9": { "start": { "line": 49, "column": 4 }, "end": { "line": 49, "column": 19 } },
      "10": { "start": { "line": 54, "column": 0 }, "end": { "line": 122, "column": 2 } },
      "11": { "start": { "line": 69, "column": 8 }, "end": { "line": 69, "column": 16 } },
      "12": { "start": { "line": 72, "column": 4 }, "end": { "line": 77, "column": 5 } },
      "13": { "start": { "line": 73, "column": 6 }, "end": { "line": 76, "column": 8 } },
      "14": { "start": { "line": 80, "column": 4 }, "end": { "line": 82, "column": 5 } },
      "15": { "start": { "line": 81, "column": 6 }, "end": { "line": 81, "column": 63 } },
      "16": { "start": { "line": 85, "column": 4 }, "end": { "line": 87, "column": 5 } },
      "17": { "start": { "line": 86, "column": 6 }, "end": { "line": 86, "column": 67 } },
      "18": { "start": { "line": 90, "column": 18 }, "end": { "line": 90, "column": 37 } },
      "19": { "start": { "line": 91, "column": 16 }, "end": { "line": 91, "column": 33 } },
      "20": { "start": { "line": 92, "column": 4 }, "end": { "line": 94, "column": 5 } },
      "21": { "start": { "line": 93, "column": 6 }, "end": { "line": 93, "column": 82 } },
      "22": { "start": { "line": 97, "column": 4 }, "end": { "line": 99, "column": 5 } },
      "23": { "start": { "line": 98, "column": 6 }, "end": { "line": 98, "column": 82 } },
      "24": { "start": { "line": 101, "column": 17 }, "end": { "line": 118, "column": 6 } },
      "25": { "start": { "line": 120, "column": 4 }, "end": { "line": 120, "column": 31 } },
      "26": { "start": { "line": 125, "column": 0 }, "end": { "line": 200, "column": 2 } },
      "27": { "start": { "line": 129, "column": 19 }, "end": { "line": 129, "column": 32 } },
      "28": { "start": { "line": 142, "column": 8 }, "end": { "line": 142, "column": 16 } },
      "29": { "start": { "line": 145, "column": 25 }, "end": { "line": 147, "column": 6 } },
      "30": { "start": { "line": 149, "column": 4 }, "end": { "line": 151, "column": 5 } },
      "31": { "start": { "line": 150, "column": 6 }, "end": { "line": 150, "column": 40 } },
      "32": { "start": { "line": 154, "column": 4 }, "end": { "line": 156, "column": 5 } },
      "33": { "start": { "line": 155, "column": 6 }, "end": { "line": 155, "column": 80 } },
      "34": { "start": { "line": 159, "column": 4 }, "end": { "line": 161, "column": 5 } },
      "35": { "start": { "line": 160, "column": 6 }, "end": { "line": 160, "column": 63 } },
      "36": { "start": { "line": 163, "column": 4 }, "end": { "line": 165, "column": 5 } },
      "37": { "start": { "line": 164, "column": 6 }, "end": { "line": 164, "column": 67 } },
      "38": { "start": { "line": 168, "column": 4 }, "end": { "line": 174, "column": 5 } },
      "39": { "start": { "line": 169, "column": 20 }, "end": { "line": 169, "column": 39 } },
      "40": { "start": { "line": 170, "column": 18 }, "end": { "line": 170, "column": 35 } },
      "41": { "start": { "line": 171, "column": 6 }, "end": { "line": 173, "column": 7 } },
      "42": { "start": { "line": 172, "column": 8 }, "end": { "line": 172, "column": 84 } },
      "43": { "start": { "line": 176, "column": 4 }, "end": { "line": 178, "column": 5 } },
      "44": { "start": { "line": 177, "column": 6 }, "end": { "line": 177, "column": 82 } },
      "45": { "start": { "line": 181, "column": 24 }, "end": { "line": 196, "column": 6 } },
      "46": { "start": { "line": 198, "column": 4 }, "end": { "line": 198, "column": 26 } },
      "47": { "start": { "line": 203, "column": 0 }, "end": { "line": 224, "column": 2 } },
      "48": { "start": { "line": 208, "column": 17 }, "end": { "line": 210, "column": 6 } },
      "49": { "start": { "line": 212, "column": 4 }, "end": { "line": 214, "column": 5 } },
      "50": { "start": { "line": 213, "column": 6 }, "end": { "line": 213, "column": 40 } },
      "51": { "start": { "line": 217, "column": 4 }, "end": { "line": 220, "column": 7 } },
      "52": { "start": { "line": 222, "column": 4 }, "end": { "line": 222, "column": 55 } },
      "53": { "start": { "line": 227, "column": 0 }, "end": { "line": 261, "column": 2 } },
      "54": { "start": { "line": 232, "column": 17 }, "end": { "line": 234, "column": 6 } },
      "55": { "start": { "line": 236, "column": 4 }, "end": { "line": 238, "column": 5 } },
      "56": { "start": { "line": 237, "column": 6 }, "end": { "line": 237, "column": 40 } },
      "57": { "start": { "line": 241, "column": 4 }, "end": { "line": 243, "column": 5 } },
      "58": { "start": { "line": 242, "column": 6 }, "end": { "line": 242, "column": 40 } },
      "59": { "start": { "line": 245, "column": 4 }, "end": { "line": 247, "column": 5 } },
      "60": { "start": { "line": 246, "column": 6 }, "end": { "line": 246, "column": 78 } },
      "61": { "start": { "line": 250, "column": 26 }, "end": { "line": 257, "column": 6 } },
      "62": { "start": { "line": 259, "column": 4 }, "end": { "line": 259, "column": 28 } },
      "63": { "start": { "line": 264, "column": 0 }, "end": { "line": 303, "column": 2 } },
      "64": { "start": { "line": 268, "column": 18 }, "end": { "line": 274, "column": 6 } },
      "65": { "start": { "line": 277, "column": 25 }, "end": { "line": 298, "column": null } },
      "66": { "start": { "line": 279, "column": 29 }, "end": { "line": 279, "column": 76 } },
      "67": { "start": { "line": 280, "column": 35 }, "end": { "line": 280, "column": 89 } },
      "68": { "start": { "line": 281, "column": 31 }, "end": { "line": 281, "column": 75 } },
      "69": { "start": { "line": 283, "column": 20 }, "end": { "line": 283, "column": 30 } },
      "70": { "start": { "line": 284, "column": 30 }, "end": { "line": 286, "column": null } },
      "71": { "start": { "line": 289, "column": 8 }, "end": { "line": 297, "column": 10 } },
      "72": { "start": { "line": 301, "column": 4 }, "end": { "line": 301, "column": 27 } },
      "73": { "start": { "line": 323, "column": 15 }, "end": { "line": 331, "column": 4 } },
      "74": { "start": { "line": 333, "column": 2 }, "end": { "line": 362, "column": 3 } },
      "75": { "start": { "line": 335, "column": 6 }, "end": { "line": 335, "column": 66 } },
      "76": { "start": { "line": 335, "column": 41 }, "end": { "line": 335, "column": 61 } },
      "77": { "start": { "line": 338, "column": 27 }, "end": { "line": 338, "column": 79 } },
      "78": { "start": { "line": 338, "column": 55 }, "end": { "line": 338, "column": 75 } },
      "79": { "start": { "line": 339, "column": 6 }, "end": { "line": 339, "column": 76 } },
      "80": { "start": { "line": 343, "column": 6 }, "end": { "line": 343, "column": 25 } },
      "81": { "start": { "line": 346, "column": 6 }, "end": { "line": 348, "column": 7 } },
      "82": { "start": { "line": 347, "column": 8 }, "end": { "line": 347, "column": 17 } },
      "83": { "start": { "line": 350, "column": 8 }, "end": { "line": 353, "column": 27 } },
      "84": { "start": { "line": 351, "column": 23 }, "end": { "line": 351, "column": 73 } },
      "85": { "start": { "line": 352, "column": 10 }, "end": { "line": 352, "column": 30 } },
      "86": { "start": { "line": 354, "column": 6 }, "end": { "line": 354, "column": 21 } },
      "87": { "start": { "line": 358, "column": 6 }, "end": { "line": 358, "column": 78 } },
      "88": { "start": { "line": 358, "column": 59 }, "end": { "line": 358, "column": 71 } },
      "89": { "start": { "line": 361, "column": 6 }, "end": { "line": 361, "column": 15 } }
    },
    "fnMap": {
      "0": {
        "name": "(anonymous_0)",
        "decl": { "start": { "line": 19, "column": 19 }, "end": { "line": 19, "column": 24 } },
        "loc": { "start": { "line": 19, "column": 51 }, "end": { "line": 32, "column": 3 } }
      },
      "1": {
        "name": "(anonymous_1)",
        "decl": { "start": { "line": 39, "column": 19 }, "end": { "line": 39, "column": 24 } },
        "loc": { "start": { "line": 39, "column": 51 }, "end": { "line": 50, "column": 3 } }
      },
      "2": {
        "name": "(anonymous_2)",
        "decl": { "start": { "line": 57, "column": 19 }, "end": { "line": 57, "column": 24 } },
        "loc": { "start": { "line": 57, "column": 51 }, "end": { "line": 121, "column": 3 } }
      },
      "3": {
        "name": "(anonymous_3)",
        "decl": { "start": { "line": 128, "column": 19 }, "end": { "line": 128, "column": 24 } },
        "loc": { "start": { "line": 128, "column": 51 }, "end": { "line": 199, "column": 3 } }
      },
      "4": {
        "name": "(anonymous_4)",
        "decl": { "start": { "line": 206, "column": 19 }, "end": { "line": 206, "column": 24 } },
        "loc": { "start": { "line": 206, "column": 51 }, "end": { "line": 223, "column": 3 } }
      },
      "5": {
        "name": "(anonymous_5)",
        "decl": { "start": { "line": 230, "column": 19 }, "end": { "line": 230, "column": 24 } },
        "loc": { "start": { "line": 230, "column": 51 }, "end": { "line": 260, "column": 3 } }
      },
      "6": {
        "name": "(anonymous_6)",
        "decl": { "start": { "line": 267, "column": 19 }, "end": { "line": 267, "column": 24 } },
        "loc": { "start": { "line": 267, "column": 51 }, "end": { "line": 302, "column": 3 } }
[...]
        "decl": { "start": { "line": 273, "column": 10 }, "end": { "line": 273, "column": 13 } },
        "loc": { "start": { "line": 278, "column": 17 }, "end": { "line": 317, "column": 3 } }
      },
      "17": {
        "name": "(anonymous_17)",
        "decl": { "start": { "line": 322, "column": 2 }, "end": { "line": 322, "column": 7 } },
        "loc": { "start": { "line": 322, "column": 89 }, "end": { "line": 324, "column": 3 } }
      },
      "18": {
        "name": "(anonymous_18)",
        "decl": { "start": { "line": 329, "column": 2 }, "end": { "line": 329, "column": 6 } },
        "loc": { "start": { "line": 329, "column": 73 }, "end": { "line": 331, "column": 3 } }
      },
      "19": {
        "name": "(anonymous_19)",
        "decl": { "start": { "line": 336, "column": 2 }, "end": { "line": 336, "column": 6 } },
        "loc": { "start": { "line": 336, "column": 73 }, "end": { "line": 338, "column": 3 } }
      },
      "20": {
        "name": "(anonymous_20)",
        "decl": { "start": { "line": 343, "column": 2 }, "end": { "line": 343, "column": 7 } },
        "loc": { "start": { "line": 343, "column": 74 }, "end": { "line": 345, "column": 3 } }
      },
      "21": {
        "name": "(anonymous_21)",
        "decl": { "start": { "line": 350, "column": 2 }, "end": { "line": 350, "column": 12 } },
        "loc": { "start": { "line": 350, "column": 78 }, "end": { "line": 361, "column": 3 } }
      },
      "22": {
        "name": "(anonymous_22)",
        "decl": { "start": { "line": 366, "column": 2 }, "end": { "line": 366, "column": 23 } },
        "loc": { "start": { "line": 366, "column": 23 }, "end": { "line": 371, "column": 3 } }
      },
      "23": {
        "name": "(anonymous_23)",
        "decl": { "start": { "line": 367, "column": 11 }, "end": { "line": 367, "column": 12 } },
        "loc": { "start": { "line": 367, "column": 64 }, "end": { "line": 370, "column": 5 } }
      },
      "24": {
        "name": "(anonymous_24)",
        "decl": { "start": { "line": 378, "column": 29 }, "end": { "line": 378, "column": 30 } },
        "loc": { "start": { "line": 379, "column": 2 }, "end": { "line": 379, "column": 48 } }
      },
      "25": {
        "name": "(anonymous_25)",
        "decl": { "start": { "line": 381, "column": 24 }, "end": { "line": 381, "column": null } },
        "loc": { "start": { "line": 386, "column": 5 }, "end": { "line": 386, "column": 54 } }
      },
      "26": {
        "name": "(anonymous_26)",
        "decl": { "start": { "line": 388, "column": 23 }, "end": { "line": 388, "column": 24 } },
        "loc": { "start": { "line": 389, "column": 2 }, "end": { "line": 389, "column": 43 } }
      },
      "27": {
        "name": "(anonymous_27)",
        "decl": { "start": { "line": 391, "column": 24 }, "end": { "line": 391, "column": 25 } },
        "loc": { "start": { "line": 392, "column": 2 }, "end": { "line": 392, "column": 44 } }
      },
      "28": {
        "name": "(anonymous_28)",
        "decl": { "start": { "line": 394, "column": 37 }, "end": { "line": 394, "column": 40 } },
        "loc": { "start": { "line": 394, "column": 43 }, "end": { "line": 394, "column": 79 } }
      }
    },
    "branchMap": {
      "0": {
        "loc": { "start": { "line": 15, "column": 12 }, "end": { "line": 15, "column": null } },
        "type": "binary-expr",
        "locations": [
          { "start": { "line": 15, "column": 12 }, "end": { "line": 15, "column": 20 } },
          { "start": { "line": 15, "column": 12 }, "end": { "line": 15, "column": null } }
        ]
      },
      "1": {
        "loc": { "start": { "line": 86, "column": 4 }, "end": { "line": 88, "column": 5 } },
        "type": "if",
        "locations": [
          { "start": { "line": 86, "column": 4 }, "end": { "line": 88, "column": 5 } },
          { "start": {}, "end": {} }
        ]
      },
      "2": {
        "loc": { "start": { "line": 90, "column": 4 }, "end": { "line": 92, "column": 5 } },
        "type": "if",
        "locations": [
          { "start": { "line": 90, "column": 4 }, "end": { "line": 92, "column": 5 } },
          { "start": {}, "end": {} }
        ]
      },
      "3": {
        "loc": { "start": { "line": 94, "column": 4 }, "end": { "line": 104, "column": 5 } },
        "type": "if",
        "locations": [
          { "start": { "line": 94, "column": 4 }, "end": { "line": 104, "column": 5 } },
          { "start": {}, "end": {} }
        ]
      },
      "4": {
        "loc": { "start": { "line": 94, "column": 8 }, "end": { "line": 94, "column": 40 } },
        "type": "binary-expr",
        "locations": [
          { "start": { "line": 94, "column": 8 }, "end": { "line": 94, "column": 12 } },
          { "start": { "line": 94, "column": 16 }, "end": { "line": 94, "column": 40 } }
        ]
      },
      "5": {
        "loc": { "start": { "line": 97, "column": 8 }, "end": { "line": 101, "column": 9 } },
        "type": "if",
        "locations": [
          { "start": { "line": 97, "column": 8 }, "end": { "line": 101, "column": 9 } },
          { "start": { "line": 99, "column": 15 }, "end": { "line": 101, "column": 9 } }
        ]
      },
      "6": {
        "loc": { "start": { "line": 132, "column": 4 }, "end": { "line": 134, "column": 5 } },
        "type": "if",
        "locations": [
          { "start": { "line": 132, "column": 4 }, "end": { "line": 134, "column": 5 } },
          { "start": {}, "end": {} }
        ]
      },
      "7": {
        "loc": { "start": { "line": 132, "column": 8 }, "end": { "line": 132, "column": 45 } },
        "type": "binary-expr",
        "locations": [
          { "start": { "line": 132, "column": 8 }, "end": { "line": 132, "column": 22 } },
          { "start": { "line": 132, "column": 26 }, "end": { "line": 132, "column": 45 } }
        ]
      },
      "8": {
        "loc": { "start": { "line": 137, "column": 4 }, "end": { "line": 139, "column": 5 } },
        "type": "if",
        "locations": [
          { "start": { "line": 137, "column": 4 }, "end": { "line": 139, "column": 5 } },
          { "start": {}, "end": {} }
        ]
      },
      "9": {
        "loc": { "start": { "line": 149, "column": 4 }, "end": { "line": 151, "column": 5 } },
        "type": "if",
        "locations": [
          { "start": { "line": 149, "column": 4 }, "end": { "line": 151, "column": 5 } },
          { "start": {}, "end": {} }
        ]
      },
      "10": {
        "loc": { "start": { "line": 149, "column": 8 }, "end": { "line": 149, "column": 32 } },
        "type": "binary-expr",
        "locations": [
          { "start": { "line": 149, "column": 8 }, "end": { "line": 149, "column": 11 } },
          { "start": { "line": 149, "column": 15 }, "end": { "line": 149, "column": 32 } }
        ]
      },
      "11": {
        "loc": { "start": { "line": 154, "column": 4 }, "end": { "line": 156, "column": 5 } },
        "type": "if",
        "locations": [
          { "start": { "line": 154, "column": 4 }, "end": { "line": 156, "column": 5 } },
          { "start": {}, "end": {} }
        ]
      },
      "12": {
        "loc": { "start": { "line": 165, "column": 4 }, "end": { "line": 170, "column": 5 } },
        "type": "if",
        "locations": [
          { "start": { "line": 165, "column": 4 }, "end": { "line": 170, "column": 5 } },
          { "start": {}, "end": {} }
        ]
      },
      "13": {
        "loc": { "start": { "line": 168, "column": 21 }, "end": { "line": 168, "column": 54 } },
        "type": "binary-expr",
        "locations": [
          { "start": { "line": 168, "column": 21 }, "end": { "line": 168, "column": 41 } },
          { "start": { "line": 168, "column": 45 }, "end": { "line": 168, "column": 54 } }
        ]
      },
      "14": {
        "loc": { "start": { "line": 175, "column": 19 }, "end": { "line": 175, "column": 52 } },
        "type": "binary-expr",
        "locations": [
          { "start": { "line": 175, "column": 19 }, "end": { "line": 175, "column": 39 } },
          { "start": { "line": 175, "column": 43 }, "end": { "line": 175, "column": 52 } }
        ]
      },
      "15": {
        "loc": { "start": { "line": 179, "column": 10 }, "end": { "line": 181, "column": 45 } },
        "type": "cond-expr",
        "locations": [
          { "start": { "line": 180, "column": 10 }, "end": { "line": 180, "column": 65 } },
          { "start": { "line": 181, "column": 10 }, "end": { "line": 181, "column": 45 } }
        ]
      },
      "16": {
        "loc": { "start": { "line": 180, "column": 29 }, "end": { "line": 180, "column": 64 } },
        "type": "binary-expr",
        "locations": [
          { "start": { "line": 180, "column": 29 }, "end": { "line": 180, "column": 35 } },
          { "start": { "line": 180, "column": 39 }, "end": { "line": 180, "column": 64 } }
        ]
      },
      "17": {
        "loc": { "start": { "line": 181, "column": 10 }, "end": { "line": 181, "column": 45 } },
        "type": "binary-expr",
        "locations": [
          { "start": { "line": 181, "column": 10 }, "end": { "line": 181, "column": 16 } },
          { "start": { "line": 181, "column": 20 }, "end": { "line": 181, "column": 45 } }
        ]
      },
      "18": {
        "loc": { "start": { "line": 185, "column": 4 }, "end": { "line": 192, "column": 5 } },
        "type": "if",
        "locations": [
          { "start": { "line": 185, "column": 4 }, "end": { "line": 192, "column": 5 } },
          { "start": {}, "end": {} }
        ]
      },
      "19": {
        "loc": { "start": { "line": 186, "column": 6 }, "end": { "line": 191, "column": 7 } },
        "type": "if",
        "locations": [
          { "start": { "line": 186, "column": 6 }, "end": { "line": 191, "column": 7 } },
          { "start": { "line": 188, "column": 13 }, "end": { "line": 191, "column": 7 } }
        ]
      },
      "20": {
        "loc": { "start": { "line": 216, "column": 4 }, "end": { "line": 216, "column": 32 } },
        "type": "if",
        "locations": [
          { "start": { "line": 216, "column": 4 }, "end": { "line": 216, "column": 32 } },
          { "start": {}, "end": {} }
        ]
      },
      "21": {
        "loc": { "start": { "line": 218, "column": 17 }, "end": { "line": 218, "column": 66 } },
        "type": "binary-expr",
        "locations": [
          { "start": { "line": 218, "column": 17 }, "end": { "line": 218, "column": 36 } },
          { "start": { "line": 218, "column": 40 }, "end": { "line": 218, "column": 66 } }
        ]
      },
      "22": {
        "loc": { "start": { "line": 220, "column": 4 }, "end": { "line": 223, "column": 5 } },
        "type": "if",
        "locations": [
          { "start": { "line": 220, "column": 4 }, "end": { "line": 223, "column": 5 } },
          { "start": {}, "end": {} }
        ]
      },
      "23": {
        "loc": { "start": { "line": 220, "column": 8 }, "end": { "line": 220, "column": 49 } },
        "type": "binary-expr",
        "locations": [
          { "start": { "line": 220, "column": 8 }, "end": { "line": 220, "column": 25 } },
          { "start": { "line": 220, "column": 29 }, "end": { "line": 220, "column": 49 } }
        ]
      },
      "24": {
        "loc": { "start": { "line": 240, "column": 4 }, "end": { "line": 240, "column": 32 } },
        "type": "if",
        "locations": [
          { "start": { "line": 240, "column": 4 }, "end": { "line": 240, "column": 32 } },
          { "start": {}, "end": {} }
        ]
      },
      "25": {
        "loc": { "start": { "line": 243, "column": 4 }, "end": { "line": 248, "column": 5 } },
        "type": "if",
        "locations": [
          { "start": { "line": 243, "column": 4 }, "end": { "line": 248, "column": 5 } },
          { "start": {}, "end": {} }
        ]
      },
      "26": {
        "loc": { "start": { "line": 245, "column": 6 }, "end": { "line": 247, "column": 7 } },
        "type": "if",
        "locations": [
          { "start": { "line": 245, "column": 6 }, "end": { "line": 247, "column": 7 } },
          { "start": {}, "end": {} }
        ]
      },
      "27": {
        "loc": { "start": { "line": 259, "column": 4 }, "end": { "line": 261, "column": 5 } },
        "type": "if",
        "locations": [
          { "start": { "line": 259, "column": 4 }, "end": { "line": 261, "column": 5 } },
          { "start": {}, "end": {} }
        ]
      },
      "28": {
        "loc": { "start": { "line": 259, "column": 8 }, "end": { "line": 259, "column": 54 } },
        "type": "binary-expr",
        "locations": [
          { "start": { "line": 259, "column": 8 }, "end": { "line": 259, "column": 13 } },
          { "start": { "line": 259, "column": 17 }, "end": { "line": 259, "column": 54 } }
        ]
      },
      "29": {
        "loc": { "start": { "line": 262, "column": 22 }, "end": { "line": 262, "column": 57 } },
        "type": "binary-expr",
        "locations": [
          { "start": { "line": 262, "column": 22 }, "end": { "line": 262, "column": 26 } },
          { "start": { "line": 262, "column": 30 }, "end": { "line": 262, "column": 57 } }
        ]
      },
      "30": {
        "loc": { "start": { "line": 281, "column": 4 }, "end": { "line": 283, "column": 5 } },
        "type": "if",
        "locations": [
          { "start": { "line": 281, "column": 4 }, "end": { "line": 283, "column": 5 } },
          { "start": {}, "end": {} }
        ]
      },
      "31": {
        "loc": { "start": { "line": 281, "column": 8 }, "end": { "line": 281, "column": 53 } },
        "type": "binary-expr",
        "locations": [
          { "start": { "line": 281, "column": 8 }, "end": { "line": 281, "column": 25 } },
          { "start": { "line": 281, "column": 29 }, "end": { "line": 281, "column": 53 } }
        ]
      },
      "32": {
        "loc": { "start": { "line": 286, "column": 29 }, "end": { "line": 288, "column": 17 } },
        "type": "cond-expr",
        "locations": [
          { "start": { "line": 287, "column": 9 }, "end": { "line": 287, "column": 71 } },
          { "start": { "line": 288, "column": 8 }, "end": { "line": 288, "column": 17 } }
        ]
      },
      "33": {
        "loc": { "start": { "line": 295, "column": 10 }, "end": { "line": 295, "column": 63 } },
        "type": "binary-expr",
        "locations": [
          { "start": { "line": 295, "column": 10 }, "end": { "line": 295, "column": 15 } },
          { "start": { "line": 295, "column": 19 }, "end": { "line": 295, "column": 37 } },
          { "start": { "line": 295, "column": 41 }, "end": { "line": 295, "column": 63 } }
        ]
      },
      "34": {
        "loc": { "start": { "line": 299, "column": 4 }, "end": { "line": 316, "column": 5 } },
        "type": "switch",
        "locations": [
          { "start": { "line": 300, "column": 6 }, "end": { "line": 303, "column": 14 } },
          { "start": { "line": 304, "column": 6 }, "end": { "line": 307, "column": 14 } },
          { "start": { "line": 308, "column": 6 }, "end": { "line": 311, "column": 14 } },
          { "start": { "line": 312, "column": 6 }, "end": { "line": 315, "column": 14 } }
        ]
      },
      "35": {
        "loc": { "start": { "line": 302, "column": 67 }, "end": { "line": 302, "column": 93 } },
        "type": "cond-expr",
        "locations": [
          { "start": { "line": 302, "column": 88 }, "end": { "line": 302, "column": 89 } },
          { "start": { "line": 302, "column": 92 }, "end": { "line": 302, "column": 93 } }
        ]
      },
      "36": {
        "loc": { "start": { "line": 306, "column": 66 }, "end": { "line": 306, "column": 92 } },
        "type": "cond-expr",
        "locations": [
          { "start": { "line": 306, "column": 87 }, "end": { "line": 306, "column": 88 } },
          { "start": { "line": 306, "column": 91 }, "end": { "line": 306, "column": 92 } }
        ]
      },
      "37": {
        "loc": { "start": { "line": 310, "column": 66 }, "end": { "line": 310, "column": 92 } },
        "type": "cond-expr",
        "locations": [
          { "start": { "line": 310, "column": 87 }, "end": { "line": 310, "column": 88 } },
          { "start": { "line": 310, "column": 91 }, "end": { "line": 310, "column": 92 } }
        ]
      },
      "38": {
        "loc": { "start": { "line": 314, "column": 67 }, "end": { "line": 314, "column": 93 } },
        "type": "cond-expr",
        "locations": [
          { "start": { "line": 314, "column": 88 }, "end": { "line": 314, "column": 89 } },
          { "start": { "line": 314, "column": 92 }, "end": { "line": 314, "column": 93 } }
        ]
      },
      "39": {
        "loc": { "start": { "line": 351, "column": 4 }, "end": { "line": 360, "column": 5 } },
        "type": "if",
        "locations": [
          { "start": { "line": 351, "column": 4 }, "end": { "line": 360, "column": 5 } },
          { "start": { "line": 353, "column": 11 }, "end": { "line": 360, "column": 5 } }
        ]
      }
    },
    "s": {
      "0": 3,
      "1": 3,
      "2": 3,
      "3": 3,
      "4": 3,
      "5": 3,
      "6": 3,
      "7": 173,
      "8": 140,
      "9": 1120,
      "10": 580,
      "11": 540,
      "12": 0,
      "13": 0,
      "14": 540,
      "15": 210,
      "16": 210,
      "17": 1050,
      "18": 0,
      "19": 1050,
      "20": 210,
      "21": 330,
      "22": 580,
      "23": 580,
      "24": 2320,
      "25": 580,
      "26": 1050,
      "27": 1050,
      "28": 11550,
      "29": 0,
      "30": 0,
      "31": 0,
      "32": 0,
      "33": 0,
      "34": 0,
      "35": 70,
      "36": 70,
      "37": 0,
      "38": 0,
      "39": 0,
      "40": 0,
      "41": 70,
      "42": 0,
      "43": 70,
      "44": 70,
      "45": 33,
      "46": 0,
      "47": 33,
      "48": 70,
      "49": 70,
      "50": 0,
      "51": 0,
      "52": 0,
      "53": 0,
      "54": 0,
      "55": 0,
      "56": 0,
      "57": 0,
      "58": 0,
      "59": 0,
      "60": 0,
      "61": 0,
      "62": 0,
      "63": 0,
      "64": 33,
      "65": 33,
      "66": 0,
      "67": 33,
      "68": 33,
      "69": 33,
      "70": 70,
      "71": 0,
      "72": 70,
      "73": 70,
      "74": 70,
      "75": 70,
      "76": 70,
      "77": 70,
      "78": 0,
      "79": 0,
      "80": 0,
      "81": 0,
      "82": 0,
      "83": 0,
      "84": 70,
      "85": 0,
      "86": 0,
      "87": 0,
      "88": 0,
      "89": 0,
      "90": 0,
      "91": 0,
      "92": 0,
      "93": 0,
      "94": 3,
      "95": 3,
      "96": 0,
      "97": 3,
      "98": 0,
      "99": 3,
      "100": 0,
      "101": 3,
      "102": 0,
      "103": 3,
      "104": 0
    },
    "f": {
      "0": 3,
      "1": 3,
      "2": 173,
      "3": 140,
      "4": 1120,
      "5": 0,
      "6": 580,
      "7": 1050,
      "8": 11550,
      "9": 0,
      "10": 70,
      "11": 70,
      "12": 70,
      "13": 0,
      "14": 0,
      "15": 33,
      "16": 70,
      "17": 70,
      "18": 0,
      "19": 0,
      "20": 0,
      "21": 0,
      "22": 0,
      "23": 0,
      "24": 0,
      "25": 0,
      "26": 0,
      "27": 0,
      "28": 0
    },
    "b": {
      "0": [3, 3],
      "1": [580, 540],
      "2": [0, 540],
      "3": [210, 330],
      "4": [540, 346],
      "5": [0, 1050],
      "6": [0, 0],
      "7": [0, 0],
      "8": [0, 0],
      "9": [70, 0],
      "10": [70, 70],
      "11": [0, 0],
      "12": [0, 70],
      "13": [0, 0],
      "14": [70, 0],
      "15": [0, 70],
      "16": [0, 0],
      "17": [70, 0],
      "18": [33, 37],
      "19": [0, 33],
      "20": [0, 0],
      "21": [0, 0],
      "22": [0, 0],
      "23": [0, 0],
      "24": [0, 0],
      "25": [0, 0],
      "26": [0, 0],
      "27": [0, 33],
      "28": [33, 33],
      "29": [33, 33],
      "30": [0, 70],
      "31": [70, 0],
      "32": [70, 0],
      "33": [70, 70, 0],
      "34": [70, 0, 0, 0],
      "35": [0, 70],
      "36": [0, 0],
      "37": [0, 0],
      "38": [0, 0],
      "39": [0, 0]
    }
  }
}
